[INFO]
VERSION=0.103.0
SOFTWARE=Windows 10 x64
TARGET=None
LANGUAGE=Japanese
NAME=Jun Itou
COMMENT=ìùçáDVDçÏê¨óp 2020/01

[LIST]
COUNT=7
1=KB890830
2=MSE_DUP
3=KB4052623
4=KB4528759
5=KB4532938
6=KB4528760
7=EDGE_X64

[KB890830]
TITLE=Windows Malicious Software Removal Tool x64 - January 2020 (KB890830)
INFO=http://support.microsoft.com/kb/890830
FILE=http://download.windowsupdate.com/c/msdownload/update/software/uprl/2020/01/windows-kb890830-x64-v5.79_61eb38de1be8c2c209955189129c9f60edcced91.exe
RENAME=windows-kb890830-x64-v5.79.exe
SIZE=31339368
TYPE=HOTFIX(SVCPACK.INF)
CATEGORY=
TIE_UP=
XOR_KEY=
SYNCHRO_KEY=
RELEASE=2020/01/03
RUN_ORDER=
CMD=
DECODE=0
DECODE_TYPE=
DECODE_GET=
IEXPRESS=0
IEXPRESS_LIST=
IEXPRESS_CMD=
PREVIOUS_SP=
COMMENT=

[MSE_DUP]
TITLE=Windows Defender Antivirus for Windows 10 and Windows 8.1
INFO=https://www.microsoft.com/en-us/wdsi/defenderupdates
FILE=https://go.microsoft.com/fwlink/?LinkID=121721&arch=x64
RENAME=mpam-fe-x64.exe
SIZE=1
TYPE=HOTFIX(HOTFIX4.CMD)
CATEGORY=
TIE_UP=
XOR_KEY=
SYNCHRO_KEY=
RELEASE=2019/04/10
RUN_ORDER=
CMD=-q
DECODE=0
DECODE_TYPE=
DECODE_GET=
IEXPRESS=0
IEXPRESS_LIST=
IEXPRESS_CMD=
PREVIOUS_SP=
COMMENT=

[KB4052623]
TITLE=Update for Windows Defender Antivirus antimalware platform - KB4052623 (Version 4.18.1911.3)
INFO=https://support.microsoft.com/en-us/help/4052623/update-for-windows-defender-antimalware-platform
FILE=http://download.windowsupdate.com/c/msdownload/update/software/defu/2019/11/updateplatform_b849c0cc5fee72c5bd951d22e1cf7181814d51e0.exe
RENAME=updateplatform-x64.exe
SIZE=5018200
TYPE=HOTFIX(SVCPACK.INF)
CATEGORY=
TIE_UP=
XOR_KEY=
SYNCHRO_KEY=
RELEASE=2019/11/22
RUN_ORDER=
CMD=
DECODE=0
DECODE_TYPE=
DECODE_GET=
IEXPRESS=0
IEXPRESS_LIST=
IEXPRESS_CMD=
PREVIOUS_SP=
COMMENT=

[KB4528759]
TITLE=2020-01 Servicing Stack Update for Windows 10 Version 1909 for x64-based Systems (KB4528759)
INFO=https://support.microsoft.com/help/4528759
FILE=http://download.windowsupdate.com/d/msdownload/update/software/secu/2020/01/windows10.0-kb4528759-x64_c2d6639977986b927d0b9f1acf0fb203c38fc8c8.msu
RENAME=windows10.0-kb4528759-x64.msu
SIZE=15067132
TYPE=HOTFIX(SVCPACK.INF)
CATEGORY=
TIE_UP=
XOR_KEY=
SYNCHRO_KEY=
RELEASE=2020/01/06
RUN_ORDER=
CMD=
DECODE=0
DECODE_TYPE=
DECODE_GET=
IEXPRESS=0
IEXPRESS_LIST=
IEXPRESS_CMD=
PREVIOUS_SP=
COMMENT=

[KB4532938]
TITLE=2020-01 Cumulative Update for .NET Framework 3.5 and 4.8 for Windows 10 Version 1903 for x64 (KB4532938)
INFO=http://support.microsoft.com/kb/4532938
FILE=http://download.windowsupdate.com/d/msdownload/update/software/secu/2020/01/windows10.0-kb4532938-x64-ndp48_f9df8e5b730d331c202dd4b96776208075446891.msu
RENAME=windows10.0-kb4532938-x64-ndp48.msu
SIZE=71337498
TYPE=HOTFIX(SVCPACK.INF)
CATEGORY=
TIE_UP=
XOR_KEY=
SYNCHRO_KEY=
RELEASE=2020/01/03
RUN_ORDER=
CMD=
DECODE=0
DECODE_TYPE=
DECODE_GET=
IEXPRESS=0
IEXPRESS_LIST=
IEXPRESS_CMD=
PREVIOUS_SP=
COMMENT=

[KB4528760]
TITLE=2020-01 Cumulative Update for Windows 10 Version 1909 for x64-based Systems (KB4528760)
INFO=https://support.microsoft.com/help/4528760
FILE=http://download.windowsupdate.com/d/msdownload/update/software/secu/2020/01/windows10.0-kb4528760-x64_4ea59b94564145460ab025616ff10460bb7894d8.msu
RENAME=windows10.0-kb4528760-x64.msu
SIZE=325603542
TYPE=HOTFIX(SVCPACK.INF)
CATEGORY=
TIE_UP=
XOR_KEY=
SYNCHRO_KEY=
RELEASE=2020/01/06
RUN_ORDER=
CMD=
DECODE=0
DECODE_TYPE=
DECODE_GET=
IEXPRESS=0
IEXPRESS_LIST=
IEXPRESS_CMD=
PREVIOUS_SP=
COMMENT=

[EDGE_X64]
TITLE=Download and deploy the new Microsoft Edge for business
INFO=https://www.microsoft.com/en-us/edge/business/download
FILE=http://go.microsoft.com/fwlink/?LinkID=2093437
RENAME=MicrosoftEdgeEnterprise-x64.msi
SIZE=1
TYPE=HOTFIX(SVCPACK.INF)
CATEGORY=
TIE_UP=
XOR_KEY=
SYNCHRO_KEY=
RELEASE=
RUN_ORDER=
CMD=/quiet /norestart
DECODE=0
DECODE_TYPE=
DECODE_GET=
IEXPRESS=0
IEXPRESS_LIST=
IEXPRESS_CMD=
PREVIOUS_SP=
COMMENT=
