[INFO]
VERSION=0.103.0
SOFTWARE=Windows 10 x64
TARGET=None
LANGUAGE=Japanese
NAME=Jun Itou
COMMENT=ìùçáDVDçÏê¨óp 2020/01

[LIST]
COUNT=2
1=ZIP_X86
2=ZIP_X64

[ZIP_X86]
TITLE=7-Zip x86
INFO=https://sevenzip.osdn.jp/
FILE=https://jaist.dl.osdn.jp/sevenzip/70662/7z1900.msi
RENAME=7z1900-x86.msi
SIZE=1369600
TYPE=HOTFIX(SVCPACK.INF)
CATEGORY=
TIE_UP=
XOR_KEY=
SYNCHRO_KEY=
RELEASE=2019/02/22
RUN_ORDER=001
CMD=
DECODE=0
DECODE_TYPE=
DECODE_GET=
IEXPRESS=0
IEXPRESS_LIST=
IEXPRESS_CMD=
PREVIOUS_SP=
COMMENT=

[ZIP_X64]
TITLE=7-Zip x64
INFO=https://sevenzip.osdn.jp/
FILE=https://jaist.dl.osdn.jp/sevenzip/70662/7z1900-x64.msi
RENAME=7z1900-x64.msi
SIZE=1748480
TYPE=HOTFIX(SVCPACK.INF)
CATEGORY=
TIE_UP=
XOR_KEY=
SYNCHRO_KEY=
RELEASE=2019/02/22
RUN_ORDER=002
CMD=
DECODE=
DECODE_TYPE=HOTFIX(SVCPACK.INF)
DECODE_GET=
IEXPRESS=
IEXPRESS_LIST=
IEXPRESS_CMD=
PREVIOUS_SP=
COMMENT=
