[INFO]
VERSION=0.103.0
SOFTWARE=Windows 10 x64
TARGET=
LANGUAGE=Japanese
NAME=Jun Itou
COMMENT=RollupìùçáDVDçÏê¨óp 2020/01

[LIST]
COUNT=11
1=AR9280_X64
2=AR9280_X86
3=82567V_X64
4=82567V_X86
5=INTEL4SERIES_X64
6=INTEL4SERIES_X86
7=ACPI
8=AES1610
9=HDD_PROTECT
10=HOTKEY
11=LOGITECH_MOUSE

[AR9280_X64]
TITLE=Qualcomm Atheros Communications Inc. - WLAN - Qualcomm Atheros AR9280 Wireless Network Adapter
INFO=http://sysdev.microsoft.com/support/default.aspx
FILE=http://download.windowsupdate.com/d/msdownload/update/driver/drvs/2016/09/20911005_5d21f1aff9b12d523c4390d4fe75e6972c897f84.cab
RENAME=dynabook\20911005_5d21f1aff9b12d523c4390d4fe75e6972c897f84.cab
SIZE=3512608
TYPE=HOTFIX(HOTFIX9.CMD)
CATEGORY=8
TIE_UP=
XOR_KEY=
SYNCHRO_KEY=
RELEASE=2016/09/15
RUN_ORDER=001
CMD=/quiet /norestart
DECODE=1
DECODE_TYPE=IExpress Setup
DECODE_GET=
IEXPRESS=0
IEXPRESS_LIST=
IEXPRESS_CMD=
PREVIOUS_SP=
COMMENT=

[AR9280_X86]
TITLE=Qualcomm Atheros Communications Inc. - WLAN - Qualcomm Atheros AR9280 Wireless Network Adapter x86
INFO=http://sysdev.microsoft.com/support/default.aspx
FILE=http://download.windowsupdate.com/d/msdownload/update/driver/drvs/2016/09/20911004_12dbd373b76ea8d33377be7aad5f833fe998bea2.cab
RENAME=dynabook\20911004_12dbd373b76ea8d33377be7aad5f833fe998bea2.cab
SIZE=3205930
TYPE=HOTFIX(HOTFIX9.CMD)
CATEGORY=8
TIE_UP=
XOR_KEY=
SYNCHRO_KEY=
RELEASE=2016/09/15
RUN_ORDER=002
CMD=/quiet /norestart
DECODE=1
DECODE_TYPE=IExpress Setup
DECODE_GET=
IEXPRESS=0
IEXPRESS_LIST=
IEXPRESS_CMD=
PREVIOUS_SP=
COMMENT=

[82567V_X64]
TITLE=Intel - Network, Other hardware - Intel(R) 82567V Gigabit Network Connection x64
INFO=http://sysdev.microsoft.com/support/default.aspx
FILE=http://download.windowsupdate.com/d/msdownload/update/driver/drvs/2013/07/20578785_5ecba0393438142c5f043e5a9360f3e9a87fb9ba.cab
RENAME=dynabook\20578785_5ecba0393438142c5f043e5a9360f3e9a87fb9ba.cab
SIZE=216472
TYPE=HOTFIX(HOTFIX9.CMD)
CATEGORY=8
TIE_UP=
XOR_KEY=
SYNCHRO_KEY=
RELEASE=2013/07/19
RUN_ORDER=003
CMD=/quiet /norestart
DECODE=1
DECODE_TYPE=IExpress Setup
DECODE_GET=
IEXPRESS=0
IEXPRESS_LIST=
IEXPRESS_CMD=
PREVIOUS_SP=
COMMENT=

[82567V_X86]
TITLE=Intel - Network, Other hardware - Intel(R) 82567V Gigabit Network Connection x86
INFO=http://sysdev.microsoft.com/support/default.aspx
FILE=http://download.windowsupdate.com/d/msdownload/update/driver/drvs/2013/07/20578786_74986e9b140db6cc7968f1845e372c5b5984ecaa.cab
RENAME=dynabook\20578786_74986e9b140db6cc7968f1845e372c5b5984ecaa.cab
SIZE=195390
TYPE=HOTFIX(HOTFIX9.CMD)
CATEGORY=8
TIE_UP=
XOR_KEY=
SYNCHRO_KEY=
RELEASE=2013/07/19
RUN_ORDER=004
CMD=/quiet /norestart
DECODE=1
DECODE_TYPE=IExpress Setup
DECODE_GET=
IEXPRESS=0
IEXPRESS_LIST=
IEXPRESS_CMD=
PREVIOUS_SP=
COMMENT=

[INTEL4SERIES_X64]
TITLE=Intel Corporation driver update for Mobile Intel(R) 4 Series Express Chipset Family (Microsoft Corporation - WDDM 1.1) x64
INFO=http://sysdev.microsoft.com/support/default.aspx
FILE=http://download.windowsupdate.com/msdownload/update/driver/drvs/2013/04/200000265_b70e6e89dc0f24433f6fcc6b33d5f160f30a33cd.cab
RENAME=dynabook\200000265_b70e6e89dc0f24433f6fcc6b33d5f160f30a33cd.cab
SIZE=9678658
TYPE=HOTFIX(HOTFIX9.CMD)
CATEGORY=8
TIE_UP=
XOR_KEY=
SYNCHRO_KEY=
RELEASE=2013/04/03
RUN_ORDER=005
CMD=/quiet /norestart
DECODE=1
DECODE_TYPE=IExpress Setup
DECODE_GET=
IEXPRESS=0
IEXPRESS_LIST=
IEXPRESS_CMD=
PREVIOUS_SP=
COMMENT=

[INTEL4SERIES_X86]
TITLE=Intel Corporation driver update for Mobile Intel(R) 4 Series Express Chipset Family (Microsoft Corporation - WDDM 1.1) x86
INFO=http://sysdev.microsoft.com/support/default.aspx
FILE=http://download.windowsupdate.com/msdownload/update/driver/drvs/2013/04/200000268_69e51a687acc555a97b220bb0facacfc2060c7dc.cab
RENAME=dynabook\200000268_69e51a687acc555a97b220bb0facacfc2060c7dc.cab
SIZE=6308327
TYPE=HOTFIX(HOTFIX9.CMD)
CATEGORY=8
TIE_UP=
XOR_KEY=
SYNCHRO_KEY=
RELEASE=2013/04/03
RUN_ORDER=006
CMD=/quiet /norestart
DECODE=1
DECODE_TYPE=IExpress Setup
DECODE_GET=
IEXPRESS=0
IEXPRESS_LIST=
IEXPRESS_CMD=
PREVIOUS_SP=
COMMENT=

[ACPI]
TITLE=TOSHIBA driver update for TOSHIBA x86 ACPI-Compliant Value Added Logical and General Purpose Device
INFO=http://sysdev.microsoft.com/support/default.aspx
FILE=http://download.windowsupdate.com/d/msdownload/update/driver/drvs/2016/07/200026402_da628d5b257f2999cf21bef0359de0b7507730d3.cab
RENAME=dynabook\200026402_da628d5b257f2999cf21bef0359de0b7507730d3.cab
SIZE=43940
TYPE=HOTFIX(HOTFIX9.CMD)
CATEGORY=8
TIE_UP=
XOR_KEY=
SYNCHRO_KEY=
RELEASE=2016/07/21
RUN_ORDER=007
CMD=/quiet /norestart
DECODE=1
DECODE_TYPE=IExpress Setup
DECODE_GET=
IEXPRESS=0
IEXPRESS_LIST=
IEXPRESS_CMD=
PREVIOUS_SP=
COMMENT=

[AES1610]
TITLE=AuthenTec Inc. driver update for AuthenTec Inc. AES1610
INFO=http://sysdev.microsoft.com/support/default.aspx
FILE=http://download.windowsupdate.com/msdownload/update/driver/drvs/2013/03/200000241_dbbd9421c7e464a2fd7a0f910946e140e52d7a88.cab
RENAME=dynabook\200000241_dbbd9421c7e464a2fd7a0f910946e140e52d7a88.cab
SIZE=4576989
TYPE=HOTFIX(HOTFIX9.CMD)
CATEGORY=8
TIE_UP=
XOR_KEY=
SYNCHRO_KEY=
RELEASE=2013/03/06
RUN_ORDER=008
CMD=/quiet /norestart
DECODE=1
DECODE_TYPE=IExpress Setup
DECODE_GET=
IEXPRESS=0
IEXPRESS_LIST=
IEXPRESS_CMD=
PREVIOUS_SP=
COMMENT=

[HDD_PROTECT]
TITLE=dynabook HDD Protection - Shock Sensor Driver
INFO=http://sysdev.microsoft.com/support/default.aspx
FILE=http://download.windowsupdate.com/c/msdownload/update/driver/drvs/2019/12/907dc64e-e09d-4dfa-8d13-fd94e0e3e895_a2ec207d0b9ad312ac9857ed1ccbb93f671df890.cab
RENAME=dynabook\907dc64e-e09d-4dfa-8d13-fd94e0e3e895_a2ec207d0b9ad312ac9857ed1ccbb93f671df890.cab
SIZE=102159
TYPE=HOTFIX(HOTFIX9.CMD)
CATEGORY=8
TIE_UP=
XOR_KEY=
SYNCHRO_KEY=
RELEASE=2019/12/06
RUN_ORDER=009
CMD=/quiet /norestart
DECODE=1
DECODE_TYPE=IExpress Setup
DECODE_GET=
IEXPRESS=0
IEXPRESS_LIST=
IEXPRESS_CMD=
PREVIOUS_SP=
COMMENT=

[HOTKEY]
TITLE=Dynabook Inc. - HIDClass - 4-15-2019 12-00-00 AM - 9.7.0.0
INFO=http://sysdev.microsoft.com/support/default.aspx
FILE=http://download.windowsupdate.com/c/msdownload/update/driver/drvs/2019/05/4acaeda0-acfe-4e89-b585-b7c4820cb17b_d4b7bfc08151df371e01226fdb288c12e096ce80.cab
RENAME=dynabook\4acaeda0-acfe-4e89-b585-b7c4820cb17b_d4b7bfc08151df371e01226fdb288c12e096ce80.cab
SIZE=42746
TYPE=HOTFIX(HOTFIX9.CMD)
CATEGORY=8
TIE_UP=
XOR_KEY=
SYNCHRO_KEY=
RELEASE=2019/05/31
RUN_ORDER=010
CMD=/quiet /norestart
DECODE=1
DECODE_TYPE=IExpress Setup
DECODE_GET=
IEXPRESS=0
IEXPRESS_LIST=
IEXPRESS_CMD=
PREVIOUS_SP=
COMMENT=

[LOGITECH_MOUSE]
TITLE=Logitech - Other hardware - Logitech USB Input Device
INFO=http://sysdev.microsoft.com/support/default.aspx
FILE=http://download.windowsupdate.com/d/msdownload/update/driver/drvs/2016/10/20941481_e482b2dc5d83e8992c871a94c382653fd148214f.cab
RENAME=dynabook\20941481_e482b2dc5d83e8992c871a94c382653fd148214f.cab
SIZE=4830688
TYPE=HOTFIX(HOTFIX9.CMD)
CATEGORY=8
TIE_UP=
XOR_KEY=
SYNCHRO_KEY=
RELEASE=2016/10/14
RUN_ORDER=011
CMD=/quiet /norestart
DECODE=1
DECODE_TYPE=IExpress Setup
DECODE_GET=
IEXPRESS=0
IEXPRESS_LIST=
IEXPRESS_CMD=
PREVIOUS_SP=
COMMENT=
