[INFO]
VERSION=0.103.0
SOFTWARE=Windows 10 x64
TARGET=None
LANGUAGE=Japanese
NAME=Jun Itou
COMMENT=統合DVD作成用 2020/01

[LIST]
COUNT=1
1=ADK_W10

[ADK_W10]
TITLE=Windows ADK のダウンロードとインストール
INFO=https://docs.microsoft.com/ja-jp/windows-hardware/get-started/adk-install
FILE=https://download.microsoft.com/download/B/E/6/BE63E3A5-5D1C-43E7-9875-DFA2B301EC70/adk/adksetup.exe
RENAME=
SIZE=1929008
TYPE=HOTFIX(SVCPACK.INF)
CATEGORY=
TIE_UP=
XOR_KEY=
SYNCHRO_KEY=
RELEASE=2019/04/18
RUN_ORDER=
CMD=
DECODE=0
DECODE_TYPE=
DECODE_GET=
IEXPRESS=0
IEXPRESS_LIST=
IEXPRESS_CMD=
PREVIOUS_SP=
COMMENT=
