[INFO]
VERSION=0.103.0
SOFTWARE=Windows 10 x86
TARGET=None
LANGUAGE=Japanese
NAME=Jun Itou
COMMENT=統合DVD作成用 2020/09

[LIST]
COUNT=1
1=KB4558130

[KB4558130]
TITLE=2020-09 x86 ベース システム用 Windows 10 Version 2004 更新プログラム (KB4558130)
INFO=https://support.microsoft.com/help/4558130
FILE=http://download.windowsupdate.com/d/msdownload/update/software/updt/2020/08/windows10.0-kb4558130-x86_9257122380f7eb528b8f7b6321ac3415843ee305.msu
RENAME=
SIZE=2497755
TYPE=HOTFIX(HOTFIXES.CMD)
CATEGORY=
TIE_UP=
XOR_KEY=
SYNCHRO_KEY=
RELEASE=2020/08/25
RUN_ORDER=001
CMD=
DECODE=0
DECODE_TYPE=
DECODE_GET=
IEXPRESS=0
IEXPRESS_LIST=
IEXPRESS_CMD=
PREVIOUS_SP=
COMMENT=Intel 製マイクロコードの更新プログラム
