[INFO]
VERSION=0.103.0
SOFTWARE=Windows 10 x86
TARGET=None
LANGUAGE=Japanese
NAME=Jun Itou
COMMENT=統合DVD作成用 2020/11

[LIST]
COUNT=2
1=KB4558130
2=KB4589212

[KB4558130]
TITLE=2020-09 x86 ベース システム用 Windows 10 Version 2004 更新プログラム (KB4558130)
INFO=http://support.microsoft.com/help/4558130
FILE=http://download.windowsupdate.com/d/msdownload/update/software/updt/2020/08/windows10.0-kb4558130-x86_9257122380f7eb528b8f7b6321ac3415843ee305.msu
RENAME=
SIZE=2497755
TYPE=HOTFIX(HOTFIXES.CMD)
CATEGORY=
TIE_UP=
XOR_KEY=KB4589212
SYNCHRO_KEY=
RELEASE=2020/08/25
RUN_ORDER=001
CMD=
DECODE=0
DECODE_TYPE=
DECODE_GET=
IEXPRESS=0
IEXPRESS_LIST=
IEXPRESS_CMD=
PREVIOUS_SP=
COMMENT=Intel 製マイクロコードの更新プログラム

[KB4589212]
TITLE=2020-11 x86 ベース システム用 Windows 10 Version 20H2 更新プログラム (KB4589212)
INFO=http://support.microsoft.com/help/4589212
FILE=http://download.windowsupdate.com/d/msdownload/update/software/updt/2020/11/windows10.0-kb4589212-x86_218f1273f7ae15b86dfe1a7b64aee1b67ca0babf.msu
RENAME=
SIZE=3105216
TYPE=HOTFIX(HOTFIXES.CMD)
CATEGORY=
TIE_UP=
XOR_KEY=
SYNCHRO_KEY=
RELEASE=2020/11/02
RUN_ORDER=002
CMD=
DECODE=0
DECODE_TYPE=
DECODE_GET=
IEXPRESS=0
IEXPRESS_LIST=
IEXPRESS_CMD=
PREVIOUS_SP=
COMMENT=Intel 製マイクロコードの更新プログラム
