[INFO]
VERSION=0.103.0
SOFTWARE=Windows 10 x64
TARGET=None
LANGUAGE=Japanese
NAME=Jun Itou
COMMENT=統合DVD作成用 2020/11

[LIST]
COUNT=2
1=KB4558130
2=KB4589212

[KB4558130]
TITLE=2020-09 x64 ベース システム用 Windows 10 Version 2004 更新プログラム (KB4558130)
INFO=http://support.microsoft.com/help/4558130
FILE=http://download.windowsupdate.com/d/msdownload/update/software/updt/2020/08/windows10.0-kb4558130-x64_faf2c27d20b0ab4e2e430ed2a410c537f1c8b799.msu
RENAME=
SIZE=2502771
TYPE=HOTFIX(HOTFIXES.CMD)
CATEGORY=
TIE_UP=
XOR_KEY=KB4589212
SYNCHRO_KEY=
RELEASE=2020/08/25
RUN_ORDER=001
CMD=
DECODE=0
DECODE_TYPE=
DECODE_GET=
IEXPRESS=0
IEXPRESS_LIST=
IEXPRESS_CMD=
PREVIOUS_SP=
COMMENT=Intel 製マイクロコードの更新プログラム

[KB4589212]
TITLE=2020-11 x64 ベース システム用 Windows 10 Version 20H2 更新プログラム (KB4589212)
INFO=http://support.microsoft.com/help/4589212
FILE=http://download.windowsupdate.com/d/msdownload/update/software/updt/2020/11/windows10.0-kb4589212-x64_9db59d4b6afaee4f4997d59d2787ead2fe5aab46.msu
RENAME=
SIZE=3105750
TYPE=HOTFIX(HOTFIXES.CMD)
CATEGORY=
TIE_UP=
XOR_KEY=
SYNCHRO_KEY=
RELEASE=2020/11/02
RUN_ORDER=002
CMD=
DECODE=0
DECODE_TYPE=
DECODE_GET=
IEXPRESS=0
IEXPRESS_LIST=
IEXPRESS_CMD=
PREVIOUS_SP=
COMMENT=Intel 製マイクロコードの更新プログラム
