[INFO]
VERSION=0.103.0
SOFTWARE=Windows 7 x64
TARGET=Service Pack 1
LANGUAGE=Japanese
NAME=Jun Itou
COMMENT=Rollup統合DVD作成用 2020/01

[LIST]
COUNT=1
1=AIK_W7

[AIK_W7]
TITLE=Windows 7 用の Windows 自動インストール キット (AIK)
INFO=https://www.microsoft.com/ja-jp/download/details.aspx?id=5753
FILE=https://download.microsoft.com/download/E/C/9/EC98BD8E-A6D3-400A-8B9B-5EFDC32693C0/KB3AIK_JA.iso
RENAME=
SIZE=1771159552
TYPE=HOTFIX(SVCPACK.INF)
CATEGORY=
TIE_UP=
XOR_KEY=
SYNCHRO_KEY=
RELEASE=2018/10/16
RUN_ORDER=
CMD=
DECODE=
DECODE_TYPE=HOTFIX(SVCPACK.INF)
DECODE_GET=
IEXPRESS=
IEXPRESS_LIST=
IEXPRESS_CMD=
PREVIOUS_SP=
COMMENT=
