https://raw.githubusercontent.com/office-itou/Windows/master/Make_ISO_files/source/MakeIsoFile.cmd
https://raw.githubusercontent.com/office-itou/Windows/master/Make_ISO_files/source/MakeUsbStick.cmd
https://raw.githubusercontent.com/office-itou/Windows/master/Make_ISO_files/source/MicrosoftUpdateCatalog.url
https://raw.githubusercontent.com/office-itou/Windows/master/Make_ISO_files/source/autounattend-windows7-x64.xml
https://raw.githubusercontent.com/office-itou/Windows/master/Make_ISO_files/source/autounattend-windows7-x86.xml
https://raw.githubusercontent.com/office-itou/Windows/master/Make_ISO_files/source/autounattend-windows8.1-x64.xml
https://raw.githubusercontent.com/office-itou/Windows/master/Make_ISO_files/source/autounattend-windows8.1-x86.xml
https://raw.githubusercontent.com/office-itou/Windows/master/Make_ISO_files/source/autounattend-windows10-x64.xml
https://raw.githubusercontent.com/office-itou/Windows/master/Make_ISO_files/source/autounattend-windows10-x86.xml
https://raw.githubusercontent.com/office-itou/Windows/master/Make_ISO_files/source/Windows7adk_Rollup_202001.lst
https://raw.githubusercontent.com/office-itou/Windows/master/Make_ISO_files/source/Windows7bin_Rollup_202003.lst
https://raw.githubusercontent.com/office-itou/Windows/master/Make_ISO_files/source/Windows7x64_Rollup_202002.lst
https://raw.githubusercontent.com/office-itou/Windows/master/Make_ISO_files/source/Windows7x86_Rollup_202002.lst
https://raw.githubusercontent.com/office-itou/Windows/master/Make_ISO_files/source/Windows8.1adk_Rollup_202002.lst
https://raw.githubusercontent.com/office-itou/Windows/master/Make_ISO_files/source/Windows8.1bin_Rollup_202003.lst
https://raw.githubusercontent.com/office-itou/Windows/master/Make_ISO_files/source/Windows8.1x64_Rollup_202002.lst
https://raw.githubusercontent.com/office-itou/Windows/master/Make_ISO_files/source/Windows8.1x86_Rollup_202002.lst
https://raw.githubusercontent.com/office-itou/Windows/master/Make_ISO_files/source/Windows10adk_Rollup_202001.lst
https://raw.githubusercontent.com/office-itou/Windows/master/Make_ISO_files/source/Windows10bin_Rollup_202003.lst
https://raw.githubusercontent.com/office-itou/Windows/master/Make_ISO_files/source/Windows10x64_Rollup_202002.lst
https://raw.githubusercontent.com/office-itou/Windows/master/Make_ISO_files/source/Windows10x86_Rollup_202002.lst
https://raw.githubusercontent.com/office-itou/Windows/master/Make_ISO_files/source/dynabook_SS_N12/Windows10drv_dynabook.lst
https://raw.githubusercontent.com/office-itou/Windows/master/Make_ISO_files/source/dynabook_SS_N12/Windows7drv_dynabook.lst
https://raw.githubusercontent.com/office-itou/Windows/master/Make_ISO_files/source/h170pro/Windows7drv_h170pro.lst
https://raw.githubusercontent.com/office-itou/Windows/master/Make_ISO_files/source/h170pro/Windows10drv_h170pro.lst
https://raw.githubusercontent.com/office-itou/Windows/master/Make_ISO_files/source/skylake/Windows10x64_skylake_202001.lst
https://raw.githubusercontent.com/office-itou/Windows/master/Make_ISO_files/source/skylake/Windows10x86_skylake_202001.lst
