[INFO]
VERSION=0.103.0
SOFTWARE=Windows 10 x64
TARGET=None
LANGUAGE=Japanese
NAME=Jun Itou
COMMENT=統合DVD作成用 2021/03 Version 20H2用

[LIST]
COUNT=10
1=KB890830
2=KB2267602
3=KB4580325
4=KB4577586
5=KB4601554
6=KB4589212
7=KB5000802
8=KB4586858
9=KB4052623_210203
10=KB4052623_200110

[KB890830]
TITLE=悪意のあるソフトウェアの削除ツール x64 - v5.87 (KB890830)
INFO=http://support.microsoft.com/help/890830
FILE=http://download.windowsupdate.com/d/msdownload/update/software/uprl/2021/03/windows-kb890830-x64-v5.87_ad9d46921e759b851bacb65e7d729558915b867f.exe
RENAME=
SIZE=34444656
TYPE=HOTFIX(SVCPACK.INF)
CATEGORY=
TIE_UP=
XOR_KEY=
SYNCHRO_KEY=
RELEASE=2021/03/01
RUN_ORDER=001
CMD=/x
DECODE=0
DECODE_TYPE=
DECODE_GET=
IEXPRESS=0
IEXPRESS_LIST=
IEXPRESS_CMD=
PREVIOUS_SP=
COMMENT=悪意のあるソフトウェアの削除ツール

[KB2267602]
TITLE=Windows Defender Antivirus for Windows 10 and Windows 8.1
INFO=http://www.microsoft.com/en-us/wdsi/defenderupdates
FILE=http://go.microsoft.com/fwlink/?LinkID=121721&arch=x64
RENAME=mpam-fe-x64.exe
SIZE=1
TYPE=HOTFIX(SVCPACK.INF)
CATEGORY=
TIE_UP=
XOR_KEY=
SYNCHRO_KEY=
RELEASE=
RUN_ORDER=002
CMD=-q
DECODE=0
DECODE_TYPE=
DECODE_GET=
IEXPRESS=0
IEXPRESS_LIST=
IEXPRESS_CMD=
PREVIOUS_SP=
COMMENT=

[KB4580325]
TITLE=2020-10 x64 ベース システム用 Windows 10 Version 20H2 セキュリティ更新プログラム (Adobe Flash Player 対応) (KB4580325)
INFO=http://support.microsoft.com/help/4580325
FILE=http://download.windowsupdate.com/d/msdownload/update/software/secu/2020/10/windows10.0-kb4580325-x64_b6e8f5b34fd68a4e3c29a540000327f6d0675a7f.msu
RENAME=
SIZE=22346395
TYPE=HOTFIX(SVCPACK.INF)
CATEGORY=
TIE_UP=
XOR_KEY=
SYNCHRO_KEY=
RELEASE=2020/10/07
RUN_ORDER=003
CMD=
DECODE=0
DECODE_TYPE=
DECODE_GET=
IEXPRESS=0
IEXPRESS_LIST=
IEXPRESS_CMD=
PREVIOUS_SP=
COMMENT=セキュリティ更新プログラム (Adobe Flash Player 対応)

[KB4577586]
TITLE=x64ベースのシステム（KB4577586）の Windows 10 Version 20H2 用 Adobe Flash Player の削除に関する更新
INFO=http://support.microsoft.com/help/4577586
FILE=http://download.windowsupdate.com/c/msdownload/update/software/updt/2020/10/windows10.0-kb4577586-x64_c9bb49df325c20ddc147137b3f769fa44d800dde.msu
RENAME=
SIZE=163913
TYPE=HOTFIX(SVCPACK.INF)
CATEGORY=
TIE_UP=
XOR_KEY=
SYNCHRO_KEY=
RELEASE=2020/10/19
RUN_ORDER=004
CMD=
DECODE=0
DECODE_TYPE=
DECODE_GET=
IEXPRESS=0
IEXPRESS_LIST=
IEXPRESS_CMD=
PREVIOUS_SP=
COMMENT=Adobe Flash Player の削除に関する更新

[KB4601554]
TITLE=.NET Framework 3.5 用の2021-02累積的な更新プログラムのプレビューと x64 (KB4601554) のWindows 10, version 20H2 用の 4.8
INFO=http://support.microsoft.com/kb/4601554
FILE=http://download.windowsupdate.com/d/msdownload/update/software/updt/2021/02/windows10.0-kb4601554-x64-ndp48_2d34ab16fa8501aa0bd9738d1b8f76024f88d421.msu
RENAME=
SIZE=68332593
TYPE=HOTFIX(SVCPACK.INF)
CATEGORY=
TIE_UP=
XOR_KEY=
SYNCHRO_KEY=
RELEASE=2021/02/11
RUN_ORDER=005
CMD=
DECODE=0
DECODE_TYPE=
DECODE_GET=
IEXPRESS=0
IEXPRESS_LIST=
IEXPRESS_CMD=
PREVIOUS_SP=
COMMENT=.NET Frameworkの累積的な更新プログラム

[KB4589212]
TITLE=2021-01 x64 ベース システム用 Windows 10 Version 20H2 更新プログラム (KB4589212)
INFO=http://support.microsoft.com/help/4589212
FILE=http://download.windowsupdate.com/c/msdownload/update/software/updt/2021/01/windows10.0-kb4589212-v2-x64_da39a5924d5c275f5497b1bae641cc13449811e5.msu
RENAME=
SIZE=3271671
TYPE=HOTFIX(SVCPACK.INF)
CATEGORY=
TIE_UP=
XOR_KEY=
SYNCHRO_KEY=
RELEASE=2021/01/22
RUN_ORDER=006
CMD=
DECODE=0
DECODE_TYPE=
DECODE_GET=
IEXPRESS=0
IEXPRESS_LIST=
IEXPRESS_CMD=
PREVIOUS_SP=
COMMENT=更新プログラム

[KB5000802]
TITLE=2021-03 x64 ベース システム用 Windows 10 Version 20H2 の累積更新プログラム (KB5000802)
INFO=http://support.microsoft.com/help/5000802
FILE=http://download.windowsupdate.com/d/msdownload/update/software/secu/2021/03/windows10.0-kb5000802-x64_f1da84b3bfa1c402d98dfb3815b1f81d7dceb001.msu
RENAME=
SIZE=467707267
TYPE=HOTFIX(SVCPACK.INF)
CATEGORY=
TIE_UP=
XOR_KEY=
SYNCHRO_KEY=
RELEASE=2021/03/06
RUN_ORDER=007
CMD=
DECODE=0
DECODE_TYPE=
DECODE_GET=
IEXPRESS=0
IEXPRESS_LIST=
IEXPRESS_CMD=
PREVIOUS_SP=
COMMENT=累積更新プログラム

[KB4586858]
TITLE=2020-11 Dynamic Update for Windows 10 Version 20H2 for x64-based Systems (KB4586858)
INFO=http://support.microsoft.com/help/4586858
FILE=http://download.windowsupdate.com/d/msdownload/update/software/crup/2020/11/windows10.0-kb4586858-x64_31934446993448f36fc46340f1f0d88bc079a0c6.cab
RENAME=
SIZE=1177472
TYPE=HOTFIX(SVCPACK.INF)
CATEGORY=
TIE_UP=
XOR_KEY=
SYNCHRO_KEY=
RELEASE=2020/11/05
RUN_ORDER=008
CMD=
DECODE=1
DECODE_TYPE=IExpress Setup
DECODE_GET=
IEXPRESS=0
IEXPRESS_LIST=
IEXPRESS_CMD=
PREVIOUS_SP=
COMMENT=Dynamic Update

[KB4052623_210203]
TITLE=Microsoft Defender Antivirus マルウェア対策プラットフォームの更新プログラム - KB4052623 (Version 4.18.2102.3)
INFO=http://support.microsoft.com/en-us/help/4052623/update-for-windows-defender-antimalware-platform
FILE=http://download.windowsupdate.com/c/msdownload/update/software/defu/2021/02/updateplatform_f5777dba7deacdc393fad1c0d3a559b52a6ef1c3.exe
RENAME=
SIZE=5933848
TYPE=HOTFIX(SVCPACK.INF)
CATEGORY=
TIE_UP=
XOR_KEY=
SYNCHRO_KEY=
RELEASE=2021/02/23
RUN_ORDER=009
CMD=
DECODE=0
DECODE_TYPE=
DECODE_GET=
IEXPRESS=0
IEXPRESS_LIST=
IEXPRESS_CMD=
PREVIOUS_SP=
COMMENT=マルウェア対策プラットフォームの更新プログラム

[KB4052623_200110]
TITLE=Windows Defender Antivirus マルウェア対策プラットフォームの更新プログラム - KB4052623 (Version 4.18.2001.10)
INFO=http://support.microsoft.com/en-us/help/4052623/update-for-windows-defender-antimalware-platform
FILE=http://download.windowsupdate.com/c/msdownload/update/software/updt/2020/02/updateplatform_0456e6719c3ee098af03b785230ac020643fa1ac.exe
RENAME=
SIZE=5124128
TYPE=HOTFIX(SVCPACK.INF)
CATEGORY=
TIE_UP=
XOR_KEY=
SYNCHRO_KEY=
RELEASE=2020/02/13
RUN_ORDER=010
CMD=/quiet /norestart
DECODE=0
DECODE_TYPE=
DECODE_GET=
IEXPRESS=0
IEXPRESS_LIST=
IEXPRESS_CMD=
PREVIOUS_SP=
COMMENT=マルウェア対策プラットフォームの更新プログラム
