[INFO]
VERSION=0.103.0
SOFTWARE=Windows 10 x64
TARGET=None
LANGUAGE=Japanese
NAME=Jun Itou
COMMENT=ìùçáDVDçÏê¨óp 2020/02

[LIST]
COUNT=8
1=KB890830
2=MSE_DUP
3=KB4052623
4=KB4538674
5=KB4534132
6=KB4537759
7=KB4532693
8=EDGE

[KB890830]
TITLE=Windows Malicious Software Removal Tool x64 - February 2020 (KB890830)
INFO=https://support.microsoft.com/kb/890830
FILE=http://download.windowsupdate.com/d/msdownload/update/software/uprl/2020/02/windows-kb890830-x64-v5.80_56a9fcfbfdfb682ff2b4658c74a4971e9c6a1760.exe
RENAME=windows-kb890830-x64-v5.80.exe
SIZE=31478680
TYPE=HOTFIX(SVCPACK.INF)
CATEGORY=
TIE_UP=
XOR_KEY=
SYNCHRO_KEY=
RELEASE=2020/02/03
RUN_ORDER=001
CMD=/x
DECODE=0
DECODE_TYPE=
DECODE_GET=
IEXPRESS=0
IEXPRESS_LIST=
IEXPRESS_CMD=
PREVIOUS_SP=
COMMENT=

[MSE_DUP]
TITLE=Windows Defender Antivirus for Windows 10 and Windows 8.1
INFO=https://www.microsoft.com/en-us/wdsi/defenderupdates
FILE=https://go.microsoft.com/fwlink/?LinkID=121721&arch=x64
RENAME=mpam-fe-x64.exe
SIZE=1
TYPE=HOTFIX(SVCPACK.INF)
CATEGORY=
TIE_UP=
XOR_KEY=
SYNCHRO_KEY=
RELEASE=2019/04/10
RUN_ORDER=002
CMD=-q
DECODE=0
DECODE_TYPE=
DECODE_GET=
IEXPRESS=0
IEXPRESS_LIST=
IEXPRESS_CMD=
PREVIOUS_SP=
COMMENT=

[KB4052623]
TITLE=Update for Windows Defender Antivirus antimalware platform - KB4052623 (Version 4.18.1911.3)
INFO=https://support.microsoft.com/en-us/help/4052623/update-for-windows-defender-antimalware-platform
FILE=http://download.windowsupdate.com/c/msdownload/update/software/defu/2019/11/updateplatform_b849c0cc5fee72c5bd951d22e1cf7181814d51e0.exe
RENAME=updateplatform-x64.exe
SIZE=5018200
TYPE=HOTFIX(SVCPACK.INF)
CATEGORY=
TIE_UP=
XOR_KEY=
SYNCHRO_KEY=
RELEASE=2019/11/22
RUN_ORDER=003
CMD=/quiet /norestart
DECODE=0
DECODE_TYPE=
DECODE_GET=
IEXPRESS=0
IEXPRESS_LIST=
IEXPRESS_CMD=
PREVIOUS_SP=
COMMENT=

[KB4538674]
TITLE=2020-02 Servicing Stack Update for Windows 10 Version 1909 for x64-based Systems (KB4538674)
INFO=https://support.microsoft.com/help/4538674
FILE=http://download.windowsupdate.com/d/msdownload/update/software/secu/2020/02/windows10.0-kb4538674-x64_d181b6a4a516b43bc58cbc15347b83219dccee86.msu
RENAME=windows10.0-kb4538674-x64.msu
SIZE=15071395
TYPE=HOTFIX(SVCPACK.INF)
CATEGORY=
TIE_UP=
XOR_KEY=
SYNCHRO_KEY=
RELEASE=2020/02/07
RUN_ORDER=004
CMD=
DECODE=0
DECODE_TYPE=
DECODE_GET=
IEXPRESS=0
IEXPRESS_LIST=
IEXPRESS_CMD=
PREVIOUS_SP=
COMMENT=

[KB4534132]
TITLE=2020-02 Cumulative Update for .NET Framework 3.5 and 4.8 for Windows 10 Version 1909 for x64 (KB4534132)
INFO=https://support.microsoft.com/kb/4534132
FILE=http://download.windowsupdate.com/d/msdownload/update/software/updt/2020/01/windows10.0-kb4534132-x64-ndp48_21067bd5f9c305ee6a6cee79db6ca38587cb6ad8.msu
RENAME=windows10.0-kb4534132-x64-ndp48.msu
SIZE=71658580
TYPE=HOTFIX(SVCPACK.INF)
CATEGORY=
TIE_UP=
XOR_KEY=KB4532938
SYNCHRO_KEY=
RELEASE=2020/01/07
RUN_ORDER=005
CMD=
DECODE=0
DECODE_TYPE=
DECODE_GET=
IEXPRESS=0
IEXPRESS_LIST=
IEXPRESS_CMD=
PREVIOUS_SP=
COMMENT=

[KB4537759]
TITLE=2020-02 Security Update for Adobe Flash Player for Windows 10 Version 1909 for x64-based Systems (KB4537759)
INFO=https://support.microsoft.com/help/4537759
FILE=http://download.windowsupdate.com/c/msdownload/update/software/secu/2020/02/windows10.0-kb4537759-x64_ea293539b86301f3c89abbae0d4cc70060d00848.msu
RENAME=windows10.0-kb4537759-x64.msu
SIZE=21916546
TYPE=HOTFIX(SVCPACK.INF)
CATEGORY=
TIE_UP=
XOR_KEY=
SYNCHRO_KEY=
RELEASE=2020/02/04
RUN_ORDER=006
CMD=
DECODE=0
DECODE_TYPE=
DECODE_GET=
IEXPRESS=0
IEXPRESS_LIST=
IEXPRESS_CMD=
PREVIOUS_SP=
COMMENT=

[KB4532693]
TITLE=2020-02 Cumulative Update for Windows 10 Version 1909 for x64-based Systems (KB4532693)
INFO=https://support.microsoft.com/help/4532693
FILE=http://download.windowsupdate.com/d/msdownload/update/software/secu/2020/02/windows10.0-kb4532693-x64_e22f60a077a0ec5896266a18cc3daf26bfc29e16.msu
RENAME=windows10.0-kb4532693-x64.msu
SIZE=356765767
TYPE=HOTFIX(SVCPACK.INF)
CATEGORY=
TIE_UP=
XOR_KEY=
SYNCHRO_KEY=
RELEASE=2020/02/10
RUN_ORDER=007
CMD=
DECODE=0
DECODE_TYPE=
DECODE_GET=
IEXPRESS=0
IEXPRESS_LIST=
IEXPRESS_CMD=
PREVIOUS_SP=
COMMENT=

[EDGE]
TITLE=Download and deploy the new Microsoft Edge for business
INFO=https://www.microsoft.com/en-us/edge/business/download
FILE=http://go.microsoft.com/fwlink/?LinkID=2093437
RENAME=MicrosoftEdgeEnterprise-x64.msi
SIZE=1
TYPE=HOTFIX(SVCPACK.INF)
CATEGORY=
TIE_UP=
XOR_KEY=
SYNCHRO_KEY=
RELEASE=
RUN_ORDER=008
CMD=/quiet /norestart
DECODE=0
DECODE_TYPE=
DECODE_GET=
IEXPRESS=0
IEXPRESS_LIST=
IEXPRESS_CMD=
PREVIOUS_SP=
COMMENT=
