[INFO]
VERSION=0.103.0
SOFTWARE=Windows 10
TARGET=None
LANGUAGE=Japanese
NAME=Jun Itou
COMMENT=統合DVD作成用 2020/11 Version 20H2用

[LIST]
COUNT=14
1=KB4586864
2=KB4593175
3=KB4580325
4=KB4586876
5=KB4586781
6=KB4586858
7=KB4594440
8=KB4586853
9=KB4592438
10=KB890830
11=WDA_DUP
12=KB4052623_200110
13=KB4052623_201007
14=KB4052623_201106

[KB4586864]
TITLE=2020-11 x86 ベース システム用 Windows 10 Version 20H2 サービス スタック更新プログラム (KB4586864)
INFO=http://support.microsoft.com/help/4586864
FILE=http://download.windowsupdate.com/d/msdownload/update/software/secu/2020/11/windows10.0-kb4586864-x86_48cecf400e742dfd869b3aa9dfc3c05f26a5d071.msu
RENAME=
SIZE=6950183
TYPE=HOTFIX(SVCPACK.INF)
CATEGORY=
TIE_UP=
XOR_KEY=KB4593175
SYNCHRO_KEY=
RELEASE=2020/11/05
RUN_ORDER=001
CMD=
DECODE=0
DECODE_TYPE=
DECODE_GET=
IEXPRESS=0
IEXPRESS_LIST=
IEXPRESS_CMD=
PREVIOUS_SP=
COMMENT=サービススタック更新プログラム

[KB4593175]
TITLE=2020-12 x86 ベース システム用 Windows 10 Version 20H2 サービス スタック更新プログラム (KB4593175)
INFO=http://support.microsoft.com/help/4593175
FILE=http://download.windowsupdate.com/d/msdownload/update/software/secu/2020/12/windows10.0-kb4593175-x86_c2993c449c09dc3abce8ebde45590cb7aea283de.msu
RENAME=
SIZE=6952345
TYPE=HOTFIX(SVCPACK.INF)
CATEGORY=
TIE_UP=
XOR_KEY=
SYNCHRO_KEY=
RELEASE=2020/12/04
RUN_ORDER=002
CMD=
DECODE=0
DECODE_TYPE=
DECODE_GET=
IEXPRESS=0
IEXPRESS_LIST=
IEXPRESS_CMD=
PREVIOUS_SP=
COMMENT=サービススタック更新プログラム

[KB4580325]
TITLE=2020-10 x86 ベース システム用 Windows 10 Version 20H2 セキュリティ更新プログラム (Adobe Flash Player 対応) (KB4580325)
INFO=http://support.microsoft.com/help/4580325
FILE=http://download.windowsupdate.com/d/msdownload/update/software/secu/2020/10/windows10.0-kb4580325-x86_6371b8d20f4e0f3dc012ef9eb1260f2d65ec479d.msu
RENAME=
SIZE=10974990
TYPE=HOTFIX(SVCPACK.INF)
CATEGORY=
TIE_UP=
XOR_KEY=
SYNCHRO_KEY=
RELEASE=2020/10/07
RUN_ORDER=003
CMD=
DECODE=0
DECODE_TYPE=
DECODE_GET=
IEXPRESS=0
IEXPRESS_LIST=
IEXPRESS_CMD=
PREVIOUS_SP=
COMMENT=セキュリティ更新プログラム (Adobe Flash Player 対応)

[KB4586876]
TITLE=.NET Framework 3.5 用の2020-11累積的な更新プログラムのプレビューと x64 (KB4586876) のWindows 10, version 20H2 用の 4.8
INFO=http://support.microsoft.com/kb/4586876
FILE=http://download.windowsupdate.com/d/msdownload/update/software/updt/2020/11/windows10.0-kb4586876-x86-ndp48_fddf92aa7cea143a877e7d94bfeb11c3e57e786e.msu
RENAME=
SIZE=43375577
TYPE=HOTFIX(SVCPACK.INF)
CATEGORY=
TIE_UP=
XOR_KEY=
SYNCHRO_KEY=
RELEASE=2020/11/03
RUN_ORDER=004
CMD=
DECODE=0
DECODE_TYPE=
DECODE_GET=
IEXPRESS=0
IEXPRESS_LIST=
IEXPRESS_CMD=
PREVIOUS_SP=
COMMENT=.NET Frameworkの累積的な更新プログラム

[KB4586781]
TITLE=2020-11 x86 ベース システム用 Windows 10 Version 20H2 の累積更新プログラム (KB4586781)
INFO=http://support.microsoft.com/help/4586781
FILE=http://download.windowsupdate.com/d/msdownload/update/software/secu/2020/11/windows10.0-kb4586781-x86_30bc1f513a4f66f2777d042c03db693034140476.msu
RENAME=
SIZE=120585894
TYPE=HOTFIX(SVCPACK.INF)
CATEGORY=
TIE_UP=KB4586864
XOR_KEY=KB4594440;KB4586853;KB4592438
SYNCHRO_KEY=
RELEASE=2020/11/06
RUN_ORDER=005
CMD=
DECODE=0
DECODE_TYPE=
DECODE_GET=
IEXPRESS=0
IEXPRESS_LIST=
IEXPRESS_CMD=
PREVIOUS_SP=
COMMENT=累積更新プログラム

[KB4586858]
TITLE=2020-11 Dynamic Update for Windows 10 Version 20H2 for x86-based Systems (KB4586858)
INFO=http://support.microsoft.com/help/4586858
FILE=http://download.windowsupdate.com/d/msdownload/update/software/crup/2020/11/windows10.0-kb4586858-x86_b28ffcba94f76db82d536b9639961ccb996971db.cab
RENAME=
SIZE=519318
TYPE=HOTFIX(SVCPACK.INF)
CATEGORY=
TIE_UP=
XOR_KEY=
SYNCHRO_KEY=
RELEASE=2020/11/05
RUN_ORDER=006
CMD=
DECODE=1
DECODE_TYPE=IExpress Setup
DECODE_GET=
IEXPRESS=0
IEXPRESS_LIST=
IEXPRESS_CMD=
PREVIOUS_SP=
COMMENT=Dynamic Update

[KB4594440]
TITLE=2020-11 Dynamic Cumulative Update for Windows 10 Version 20H2 for x86-based Systems (KB4594440)
INFO=http://support.microsoft.com/help/4594440
FILE=http://download.windowsupdate.com/c/msdownload/update/software/updt/2020/11/windows10.0-kb4594440-x86_be8e9dfec8b6af807483a601e515c17f978a2267.cab
RENAME=
SIZE=123067642
TYPE=HOTFIX(SVCPACK.INF)
CATEGORY=
TIE_UP=KB4586864
XOR_KEY=
SYNCHRO_KEY=
RELEASE=2020/11/15
RUN_ORDER=008
CMD=
DECODE=1
DECODE_TYPE=IExpress Setup
DECODE_GET=
IEXPRESS=0
IEXPRESS_LIST=
IEXPRESS_CMD=
PREVIOUS_SP=
COMMENT=Dynamic Update

[KB4586853]
TITLE=2020-11 x86 ベース システム用 Windows 10 Version 20H2 の累積更新プログラム (KB4586853)
INFO=http://support.microsoft.com/help/4586853
FILE=http://download.windowsupdate.com/c/msdownload/update/software/updt/2020/11/windows10.0-kb4586853-x86_0468c67fa7cdd1262da75bd97a9f8daac3a4f7c2.msu
RENAME=
SIZE=124871132
TYPE=HOTFIX(SVCPACK.INF)
CATEGORY=
TIE_UP=KB4586864
XOR_KEY=KB4592438
SYNCHRO_KEY=
RELEASE=2020/11/22
RUN_ORDER=009
CMD=
DECODE=0
DECODE_TYPE=
DECODE_GET=
IEXPRESS=0
IEXPRESS_LIST=
IEXPRESS_CMD=
PREVIOUS_SP=
COMMENT=累積更新プログラム

[KB4592438]
TITLE=2020-12 x86 ベース システム用 Windows 10 Version 20H2 の累積更新プログラム (KB4592438)
INFO=http://support.microsoft.com/help/4592438
FILE=http://download.windowsupdate.com/d/msdownload/update/software/secu/2020/12/windows10.0-kb4592438-x86_95758bd6e2c3a4a98a19efaa4056213531f84f5c.msu
RENAME=
SIZE=125334744
TYPE=HOTFIX(SVCPACK.INF)
CATEGORY=
TIE_UP=KB4593175
XOR_KEY=
SYNCHRO_KEY=
RELEASE=2020/12/04
RUN_ORDER=010
CMD=
DECODE=0
DECODE_TYPE=
DECODE_GET=
IEXPRESS=0
IEXPRESS_LIST=
IEXPRESS_CMD=
PREVIOUS_SP=
COMMENT=累積更新プログラム

[KB890830]
TITLE=悪意のあるソフトウェアの削除ツール x86 - v5.84 (KB890830)
INFO=http://support.microsoft.com/help/890830
FILE=http://download.windowsupdate.com/d/msdownload/update/software/uprl/2020/11/windows-kb890830-v5.84_d3758701da7a747901e8b83b451b892787d8171c.exe
RENAME=
SIZE=36053600
TYPE=HOTFIX(SVCPACK.INF)
CATEGORY=
TIE_UP=
XOR_KEY=
SYNCHRO_KEY=
RELEASE=2020/11/04
RUN_ORDER=011
CMD=/x
DECODE=0
DECODE_TYPE=
DECODE_GET=
IEXPRESS=0
IEXPRESS_LIST=
IEXPRESS_CMD=
PREVIOUS_SP=
COMMENT=悪意のあるソフトウェアの削除ツール

[WDA_DUP]
TITLE=Windows Defender Antivirus for Windows 10 and Windows 8.1
INFO=http://www.microsoft.com/en-us/wdsi/defenderupdates
FILE=http://go.microsoft.com/fwlink/?LinkID=121721&arch=x86
RENAME=mpam-fe-x86.exe
SIZE=1
TYPE=HOTFIX(SVCPACK.INF)
CATEGORY=
TIE_UP=
XOR_KEY=
SYNCHRO_KEY=
RELEASE=
RUN_ORDER=012
CMD=-q
DECODE=0
DECODE_TYPE=
DECODE_GET=
IEXPRESS=0
IEXPRESS_LIST=
IEXPRESS_CMD=
PREVIOUS_SP=
COMMENT=

[KB4052623_200110]
TITLE=Windows Defender Antivirus マルウェア対策プラットフォームの更新プログラム - (Version 4.18.2001.10)
INFO=http://support.microsoft.com/help/4052623/update-for-windows-defender-antimalware-platform
FILE=http://download.windowsupdate.com/c/msdownload/update/software/updt/2020/02/updateplatform_eaf76728f00b841dc9b3b1722f778e50ed59438a.exe
RENAME=
SIZE=3811792
TYPE=HOTFIX(SVCPACK.INF)
CATEGORY=
TIE_UP=
XOR_KEY=
SYNCHRO_KEY=
RELEASE=2020/02/13
RUN_ORDER=013
CMD=/quiet /norestart
DECODE=0
DECODE_TYPE=
DECODE_GET=
IEXPRESS=0
IEXPRESS_LIST=
IEXPRESS_CMD=
PREVIOUS_SP=
COMMENT=マルウェア対策プラットフォームの更新プログラム

[KB4052623_201007]
TITLE=Microsoft Defender Antivirus マルウェア対策プラットフォームの更新プログラム - KB4052623 (Version 4.18.2010.7)
INFO=http://support.microsoft.com/en-us/help/4052623/update-for-windows-defender-antimalware-platform
FILE=http://download.windowsupdate.com/d/msdownload/update/software/defu/2020/10/updateplatform_a9cfd8dc97858e889203f511db4eb67515f6a966.exe
RENAME=
SIZE=3586928
TYPE=HOTFIX(SVCPACK.INF)
CATEGORY=
TIE_UP=
XOR_KEY=KB4052623_201106
SYNCHRO_KEY=
RELEASE=2020/10/31
RUN_ORDER=014
CMD=/quiet /norestart
DECODE=0
DECODE_TYPE=
DECODE_GET=
IEXPRESS=0
IEXPRESS_LIST=
IEXPRESS_CMD=
PREVIOUS_SP=
COMMENT=マルウェア対策プラットフォームの更新プログラム

[KB4052623_201106]
TITLE=Microsoft Defender Antivirus マルウェア対策プラットフォームの更新プログラム - KB4052623 (Version 4.18.2011.6)
INFO=http://support.microsoft.com/en-us/help/4052623/update-for-windows-defender-antimalware-platform
FILE=http://download.windowsupdate.com/d/msdownload/update/software/defu/2020/11/updateplatform_754691ebc7e1c1ab9b66970efbd85a78d8d76c33.exe
RENAME=
SIZE=4044088
TYPE=HOTFIX(SVCPACK.INF)
CATEGORY=
TIE_UP=
XOR_KEY=
SYNCHRO_KEY=
RELEASE=2020/11/19
RUN_ORDER=015
CMD=/quiet /norestart
DECODE=0
DECODE_TYPE=
DECODE_GET=
IEXPRESS=0
IEXPRESS_LIST=
IEXPRESS_CMD=
PREVIOUS_SP=
COMMENT=マルウェア対策プラットフォームの更新プログラム
