[INFO]
VERSION=0.103.0
SOFTWARE=Windows 8.1 x64
TARGET=None
LANGUAGE=Japanese
NAME=Jun Itou
COMMENT=統合DVD作成用 2020/02

[LIST]
COUNT=149
1=KB2919355
2=KB2932046
3=KB2934018
4=KB2937592
5=KB2938439
6=KB2959977
7=KB3020370
8=KB4486105
9=KB4087514
10=KB4537821
11=KB4537759
12=KB4054519
13=KB4538124
14=KB4532946
15=KB4534117
16=KB4534120
17=KB4535104
18=KB4532927
19=KB4532931
20=KB3173424
21=KB4524445
22=KB3013769
23=KB3004545
24=KB3013816
25=KB3084905
26=KB3102429
27=KB3172614
28=KB3063843
29=KB3184143
30=KB2976978
31=KB3044374
32=KB3011780
33=KB3161949
34=KB3080800
35=KB3138910
36=KB3146723
37=KB3045685
38=KB3013531
39=KB3077715
40=KB3035126
41=KB3155784
42=KB3036612
43=KB3161102
44=KB3062760
45=KB3084135
46=KB3178539
47=KB3018133
48=KB3149157
49=KB3126434
50=KB3175024
51=KB3024751
52=KB3033446
53=KB3172729
54=KB3046017
55=KB3064059
56=KB3055343
57=KB3038002
58=KB2990967
59=KB3145384
60=KB2899189
61=KB3003667
62=KB3059317
63=KB3042058
64=KB3061493
65=KB3139398
66=KB3103696
67=KB3054464
68=KB3187754
69=KB3138962
70=KB3115224
71=KB3099834
72=KB3013172
73=KB3027209
74=KB3179574
75=KB3146751
76=KB3054256
77=KB3140185
78=KB3139914
79=KB3082089
80=KB3103616
81=KB3185319
82=KB3100473
83=KB3030947
84=KB3076949
85=KB3045755
86=KB3060793
87=KB3146604
88=KB3103709
89=KB3088195
90=KB3042085
91=KB3115858
92=KB3045999
93=KB3133690
94=KB3155178
95=KB4462930
96=KB3147071
97=KB3034348
98=KB3126030
99=KB3044673
100=KB3055323
101=KB3140222
102=KB3023266
103=KB3138602
104=KB3013791
105=KB3019978
106=KB3045717
107=KB3054169
108=KB3140219
109=KB3029606
110=KB3134815
111=KB3071756
112=KB3061512
113=KB3086255
114=KB3046737
115=KB3013538
116=KB3045634
117=KB3045719
118=KB3046480
119=KB3080149
120=KB3031044
121=KB3091297
122=KB3150513
123=KB3110329
124=KB3137728
125=KB3012235
126=KB3156059
127=KB3138378
128=KB3078405
129=KB3121261
130=KB3087137
131=KB3056347
132=KB3109976
133=KB3140234
134=KB3095701
135=KB3109103
136=KB3109560
137=KB3015696
138=KB3047254
139=KB3012702
140=KB2994290
141=KB2989930
142=KB3159398
143=KB3126587
144=KB3024755
145=KB3053863
146=KB4481252
147=KB890830
148=MSE_DUP
149=EDGE

[KB2919355]
TITLE=Windows 8.1 Update for x64-based Systems (KB2919355)
INFO=http://support.microsoft.com/kb/2919355
FILE=http://download.windowsupdate.com/d/msdownload/update/software/crup/2014/02/windows8.1-kb2919355-x64_e6f4da4d33564419065a7370865faacf9b40ff72.msu
RENAME=windows8.1-kb2919355-x64.msu
SIZE=724339463
TYPE=HOTFIX(SVCPACK.INF)
CATEGORY=
TIE_UP=
XOR_KEY=
SYNCHRO_KEY=
RELEASE=2014/02/24
RUN_ORDER=001
CMD=
DECODE=0
DECODE_TYPE=
DECODE_GET=
IEXPRESS=0
IEXPRESS_LIST=
IEXPRESS_CMD=
PREVIOUS_SP=
COMMENT=

[KB2932046]
TITLE=Windows 8.1 Update for x64-based Systems (KB2919355)
INFO=http://support.microsoft.com/kb/2919355
FILE=http://download.windowsupdate.com/d/msdownload/update/software/crup/2014/02/windows8.1-kb2932046-x64_6aee5fda6e2a6729d1fbae6eac08693acd70d985.msu
RENAME=windows8.1-kb2932046-x64.msu
SIZE=50327684
TYPE=HOTFIX(SVCPACK.INF)
CATEGORY=
TIE_UP=KB2919355
XOR_KEY=
SYNCHRO_KEY=
RELEASE=2014/02/24
RUN_ORDER=002
CMD=
DECODE=0
DECODE_TYPE=
DECODE_GET=
IEXPRESS=0
IEXPRESS_LIST=
IEXPRESS_CMD=
PREVIOUS_SP=
COMMENT=

[KB2934018]
TITLE=Windows 8.1 Update for x64-based Systems (KB2919355)
INFO=http://support.microsoft.com/kb/2919355
FILE=http://download.windowsupdate.com/c/msdownload/update/software/secu/2014/04/windows8.1-kb2934018-x64_234a5fc4955f81541f5bfc0d447e4fc4934efc38.msu
RENAME=windows8.1-kb2934018-x64.msu
SIZE=132577686
TYPE=HOTFIX(SVCPACK.INF)
CATEGORY=
TIE_UP=KB2919355
XOR_KEY=
SYNCHRO_KEY=
RELEASE=2014/04/04
RUN_ORDER=003
CMD=
DECODE=0
DECODE_TYPE=
DECODE_GET=
IEXPRESS=0
IEXPRESS_LIST=
IEXPRESS_CMD=
PREVIOUS_SP=
COMMENT=

[KB2937592]
TITLE=Windows 8.1 Update for x64-based Systems (KB2919355)
INFO=http://support.microsoft.com/kb/2919355
FILE=http://download.windowsupdate.com/c/msdownload/update/software/crup/2014/02/windows8.1-kb2937592-x64_4abc0a39c9e500c0fbe9c41282169c92315cafc2.msu
RENAME=windows8.1-kb2937592-x64.msu
SIZE=309819
TYPE=HOTFIX(SVCPACK.INF)
CATEGORY=
TIE_UP=KB2919355
XOR_KEY=
SYNCHRO_KEY=
RELEASE=2014/02/27
RUN_ORDER=004
CMD=
DECODE=0
DECODE_TYPE=
DECODE_GET=
IEXPRESS=0
IEXPRESS_LIST=
IEXPRESS_CMD=
PREVIOUS_SP=
COMMENT=

[KB2938439]
TITLE=Windows 8.1 Update for x64-based Systems (KB2919355)
INFO=http://support.microsoft.com/kb/2919355
FILE=http://download.windowsupdate.com/c/msdownload/update/software/crup/2014/03/windows8.1-kb2938439-x64_3ed1574369e36b11f37af41aa3a875a115a3eac1.msu
RENAME=windows8.1-kb2938439-x64.msu
SIZE=20533883
TYPE=HOTFIX(SVCPACK.INF)
CATEGORY=
TIE_UP=KB2919355
XOR_KEY=
SYNCHRO_KEY=
RELEASE=2014/03/04
RUN_ORDER=005
CMD=
DECODE=0
DECODE_TYPE=
DECODE_GET=
IEXPRESS=0
IEXPRESS_LIST=
IEXPRESS_CMD=
PREVIOUS_SP=
COMMENT=

[KB2959977]
TITLE=Windows 8.1 Update for x64-based Systems (KB2919355)
INFO=http://support.microsoft.com/kb/2919355
FILE=http://download.windowsupdate.com/c/msdownload/update/software/secu/2014/04/windows8.1-kb2959977-x64_574ba2d60baa13645b764f55069b74b2de866975.msu
RENAME=windows8.1-kb2959977-x64.msu
SIZE=2897510
TYPE=HOTFIX(SVCPACK.INF)
CATEGORY=
TIE_UP=KB2919355
XOR_KEY=
SYNCHRO_KEY=
RELEASE=2014/04/14
RUN_ORDER=006
CMD=
DECODE=0
DECODE_TYPE=
DECODE_GET=
IEXPRESS=0
IEXPRESS_LIST=
IEXPRESS_CMD=
PREVIOUS_SP=
COMMENT=

[KB3020370]
TITLE=Update for Windows 8.1 for x64-based Systems (KB3020370)
INFO=http://support.microsoft.com/kb/3020370
FILE=http://download.windowsupdate.com/d/msdownload/update/software/updt/2015/04/windows8.1-kb3020370-x64_5d5f38ecf1eea1ecf4401f88ea19f3b71e676a2f.msu
RENAME=windows8.1-kb3020370-x64.msu
SIZE=341229
TYPE=HOTFIX(SVCPACK.INF)
CATEGORY=
TIE_UP=KB2919355
XOR_KEY=
SYNCHRO_KEY=
RELEASE=2015/04/11
RUN_ORDER=007
CMD=
DECODE=0
DECODE_TYPE=
DECODE_GET=
IEXPRESS=0
IEXPRESS_LIST=
IEXPRESS_CMD=
PREVIOUS_SP=
COMMENT=

[KB4486105]
TITLE=Microsoft .NET Framework 4.8 for Windows 8.1 for x64 (KB4486105)
INFO=http://support.microsoft.com/kb/4486105
FILE=http://download.windowsupdate.com/d/msdownload/update/software/ftpk/2019/12/windows8.1-kb4486105-x64_1cba02a8aec5034da82cb2dca744648bc4a4eaef.msu
RENAME=windows8.1-kb4486105-x64.msu
SIZE=73980226
TYPE=HOTFIX(SVCPACK.INF)
CATEGORY=
TIE_UP=
XOR_KEY=
SYNCHRO_KEY=
RELEASE=2019/12/27
RUN_ORDER=008
CMD=
DECODE=0
DECODE_TYPE=
DECODE_GET=
IEXPRESS=0
IEXPRESS_LIST=
IEXPRESS_CMD=
PREVIOUS_SP=
COMMENT=Microsoft .NET Framework 4.8

[KB4087514]
TITLE=Microsoft .NET Framework 4.8 Language Packs for Windows 8.1 and Server 2012 R2 for x64 (KB4087514)
INFO=http://support.microsoft.com/kb/4087514
FILE=http://download.windowsupdate.com/d/msdownload/update/software/ftpk/2019/08/windows8.1-kb4486119-x64_8dbdff828f7ce69b85dfa79118e4e7089df31ada.msu
RENAME=windows8.1-kb4486119-x64.msu
SIZE=4862233
TYPE=HOTFIX(SVCPACK.INF)
CATEGORY=
TIE_UP=KB4486105
XOR_KEY=
SYNCHRO_KEY=
RELEASE=2019/08/06
RUN_ORDER=009
CMD=
DECODE=0
DECODE_TYPE=
DECODE_GET=
IEXPRESS=0
IEXPRESS_LIST=
IEXPRESS_CMD=
PREVIOUS_SP=
COMMENT=Microsoft .NET Framework 4.8 言語パック

[KB4537821]
TITLE=2020-02 Security Monthly Quality Rollup for Windows 8.1 for x64-based Systems (KB4537821)
INFO=https://support.microsoft.com/help/4537821
FILE=http://download.windowsupdate.com/d/msdownload/update/software/secu/2020/02/windows8.1-kb4537821-x64_26e968d5eb4c77b264aac60565290d2f5552778a.msu
RENAME=windows8.1-kb4537821-x64.msu
SIZE=521713285
TYPE=HOTFIX(SVCPACK.INF)
CATEGORY=
TIE_UP=
XOR_KEY=
SYNCHRO_KEY=KB4524445
RELEASE=2020/02/06
RUN_ORDER=010
CMD=
DECODE=0
DECODE_TYPE=
DECODE_GET=
IEXPRESS=0
IEXPRESS_LIST=
IEXPRESS_CMD=
PREVIOUS_SP=
COMMENT=セキュリティ マンスリー品質ロールアップ

[KB4537759]
TITLE=2020-02 Security Update for Adobe Flash Player for Windows 8.1 for x64-based Systems (KB4537759)
INFO=https://support.microsoft.com/help/4537759
FILE=http://download.windowsupdate.com/c/msdownload/update/software/secu/2020/02/windows8.1-kb4537759-x64_66639036124d1985c7d43abca195c84cca74df81.msu
RENAME=windows8.1-kb4537759-x64.msu
SIZE=21916513
TYPE=HOTFIX(SVCPACK.INF)
CATEGORY=
TIE_UP=KB2919355
XOR_KEY=
SYNCHRO_KEY=
RELEASE=2020/02/03
RUN_ORDER=011
CMD=
DECODE=0
DECODE_TYPE=
DECODE_GET=
IEXPRESS=0
IEXPRESS_LIST=
IEXPRESS_CMD=
PREVIOUS_SP=
COMMENT=Adobe Flash Player のセキュリティ更新プログラム

[KB4054519]
TITLE=2017-12 Security Monthly Quality Rollup for Windows 8.1 for x64-based Systems (KB4054519)
INFO=http://support.microsoft.com/help/4054519
FILE=http://download.windowsupdate.com/d/msdownload/update/software/secu/2017/11/windows8.1-kb4054519-x64_ad78da956d88ae3cd98982c11730240668c0e93f.msu
RENAME=windows8.1-kb4054519-x64.msu
SIZE=309989968
TYPE=HOTFIX(SVCPACK.INF)
CATEGORY=
TIE_UP=
XOR_KEY=KB4050946
SYNCHRO_KEY=
RELEASE=2017/11/30
RUN_ORDER=012
CMD=
DECODE=0
DECODE_TYPE=
DECODE_GET=
IEXPRESS=0
IEXPRESS_LIST=
IEXPRESS_CMD=
PREVIOUS_SP=
COMMENT=セキュリティ マンスリー品質ロールアップ

[KB4538124]
TITLE=2020-02 Security and Quality Rollup for .NET Framework 3.5, 4.5.2, 4.6, 4.6.1, 4.6.2, 4.7, 4.7.1, 4.7.2, 4.8 for Windows 8.1 and Server 2012 R2 for x64 (KB4538124)
INFO=http://support.microsoft.com/kb/4538124
FILE=http://download.windowsupdate.com/d/msdownload/update/software/updt/2020/01/windows8.1-kb4534134-x64-ndp48_27d3279ff288f81e231595aef292aef719a46b14.msu
RENAME=windows8.1-kb4534134-x64-ndp48.msu
SIZE=52695428
TYPE=HOTFIX(SVCPACK.INF)
CATEGORY=
TIE_UP=KB2919355
XOR_KEY=
SYNCHRO_KEY=
RELEASE=2020/01/07
RUN_ORDER=013
CMD=
DECODE=0
DECODE_TYPE=
DECODE_GET=
IEXPRESS=0
IEXPRESS_LIST=
IEXPRESS_CMD=
PREVIOUS_SP=
COMMENT=.NET Framework セキュリティおよび品質ロールアップ

[KB4532946]
TITLE=2020-02 Security and Quality Rollup for .NET Framework 3.5, 4.5.2, 4.6, 4.6.1, 4.6.2, 4.7, 4.7.1, 4.7.2, 4.8 for Windows 8.1 and Server 2012 R2 for x64 (KB4538124)
INFO=http://support.microsoft.com/kb/4538124
FILE=http://download.windowsupdate.com/d/msdownload/update/software/secu/2020/01/windows8.1-kb4532946-x64_c379da890c7a3d4aff8d02fe9042324f07ded655.msu
RENAME=windows8.1-kb4532946-x64.msu
SIZE=24839634
TYPE=HOTFIX(SVCPACK.INF)
CATEGORY=
TIE_UP=KB4538124
XOR_KEY=
SYNCHRO_KEY=
RELEASE=2020/01/03
RUN_ORDER=014
CMD=
DECODE=0
DECODE_TYPE=
DECODE_GET=
IEXPRESS=0
IEXPRESS_LIST=
IEXPRESS_CMD=
PREVIOUS_SP=
COMMENT=.NET Framework セキュリティおよび品質ロールアップ

[KB4534117]
TITLE=2020-02 Security and Quality Rollup for .NET Framework 3.5, 4.5.2, 4.6, 4.6.1, 4.6.2, 4.7, 4.7.1, 4.7.2, 4.8 for Windows 8.1 and Server 2012 R2 for x64 (KB4538124)
INFO=http://support.microsoft.com/kb/4538124
FILE=http://download.windowsupdate.com/d/msdownload/update/software/updt/2020/01/windows8.1-kb4534117-x64_dff2b6ce49319cf3869da064c0f4b33d18522576.msu
RENAME=windows8.1-kb4534117-x64.msu
SIZE=54510784
TYPE=HOTFIX(SVCPACK.INF)
CATEGORY=
TIE_UP=KB4538124
XOR_KEY=
SYNCHRO_KEY=
RELEASE=2020/01/07
RUN_ORDER=015
CMD=
DECODE=0
DECODE_TYPE=
DECODE_GET=
IEXPRESS=0
IEXPRESS_LIST=
IEXPRESS_CMD=
PREVIOUS_SP=
COMMENT=.NET Framework セキュリティおよび品質ロールアップ

[KB4534120]
TITLE=2020-02 Security and Quality Rollup for .NET Framework 3.5, 4.5.2, 4.6, 4.6.1, 4.6.2, 4.7, 4.7.1, 4.7.2, 4.8 for Windows 8.1 and Server 2012 R2 for x64 (KB4538124)
INFO=http://support.microsoft.com/kb/4538124
FILE=http://download.windowsupdate.com/d/msdownload/update/software/updt/2020/01/windows8.1-kb4534120-x64_3c427a12908a628a5ba08c0146270a0944b4ce23.msu
RENAME=windows8.1-kb4534120-x64.msu
SIZE=74832120
TYPE=HOTFIX(SVCPACK.INF)
CATEGORY=
TIE_UP=KB4538124
XOR_KEY=
SYNCHRO_KEY=
RELEASE=2020/01/07
RUN_ORDER=016
CMD=
DECODE=0
DECODE_TYPE=
DECODE_GET=
IEXPRESS=0
IEXPRESS_LIST=
IEXPRESS_CMD=
PREVIOUS_SP=
COMMENT=.NET Framework セキュリティおよび品質ロールアップ

[KB4535104]
TITLE=2020-01 Security and Quality Rollup for .NET Framework 3.5, 4.5.2, 4.6, 4.6.1, 4.6.2, 4.7, 4.7.1, 4.7.2, 4.8 for Windows 8.1 and Server 2012 R2 for x64 (KB4535104)
INFO=http://support.microsoft.com/kb/4535104
FILE=http://download.windowsupdate.com/d/msdownload/update/software/secu/2020/01/windows8.1-kb4532940-x64-ndp48_b164c0866b33386501825e2fc1f6c5c5beee6351.msu
RENAME=windows8.1-kb4532940-x64-ndp48.msu
SIZE=49146026
TYPE=HOTFIX(SVCPACK.INF)
CATEGORY=
TIE_UP=
XOR_KEY=
SYNCHRO_KEY=
RELEASE=2020/01/03
RUN_ORDER=017
CMD=
DECODE=0
DECODE_TYPE=
DECODE_GET=
IEXPRESS=0
IEXPRESS_LIST=
IEXPRESS_CMD=
PREVIOUS_SP=
COMMENT=.NET Framework セキュリティおよび品質ロールアップ

[KB4532927]
TITLE=2020-01 Security and Quality Rollup for .NET Framework 3.5, 4.5.2, 4.6, 4.6.1, 4.6.2, 4.7, 4.7.1, 4.7.2, 4.8 for Windows 8.1 and Server 2012 R2 for x64 (KB4535104)
INFO=http://support.microsoft.com/kb/4535104
FILE=http://download.windowsupdate.com/d/msdownload/update/software/secu/2020/01/windows8.1-kb4532927-x64_3bdb4ee3042b553c4815d1f59f9082a0f658ba89.msu
RENAME=windows8.1-kb4532927-x64.msu
SIZE=76696454
TYPE=HOTFIX(SVCPACK.INF)
CATEGORY=
TIE_UP=KB4535104
XOR_KEY=
SYNCHRO_KEY=
RELEASE=2020/01/03
RUN_ORDER=018
CMD=
DECODE=0
DECODE_TYPE=
DECODE_GET=
IEXPRESS=0
IEXPRESS_LIST=
IEXPRESS_CMD=
PREVIOUS_SP=
COMMENT=.NET Framework セキュリティおよび品質ロールアップ

[KB4532931]
TITLE=2020-01 Security and Quality Rollup for .NET Framework 3.5, 4.5.2, 4.6, 4.6.1, 4.6.2, 4.7, 4.7.1, 4.7.2, 4.8 for Windows 8.1 and Server 2012 R2 for x64 (KB4535104)
INFO=http://support.microsoft.com/kb/4535104
FILE=http://download.windowsupdate.com/d/msdownload/update/software/secu/2020/01/windows8.1-kb4532931-x64_21d5ae9f52d0c75c529847106173323fd4b22803.msu
RENAME=windows8.1-kb4532931-x64.msu
SIZE=55172205
TYPE=HOTFIX(SVCPACK.INF)
CATEGORY=
TIE_UP=KB4535104
XOR_KEY=
SYNCHRO_KEY=
RELEASE=2020/01/03
RUN_ORDER=019
CMD=
DECODE=0
DECODE_TYPE=
DECODE_GET=
IEXPRESS=0
IEXPRESS_LIST=
IEXPRESS_CMD=
PREVIOUS_SP=
COMMENT=.NET Framework セキュリティおよび品質ロールアップ

[KB3173424]
TITLE=Update for Windows 8.1 for x64-based Systems (KB3173424)
INFO=http://support.microsoft.com/kb/3173424
FILE=http://download.windowsupdate.com/d/msdownload/update/software/crup/2016/06/windows8.1-kb3173424-x64_9a1c9e0082978d92abee71f2cfed5e0f4b6ce85c.msu
RENAME=windows8.1-kb3173424-x64.msu
SIZE=10994806
TYPE=HOTFIX(SVCPACK.INF)
CATEGORY=
TIE_UP=KB2919355
XOR_KEY=
SYNCHRO_KEY=
RELEASE=2016/06/29
RUN_ORDER=020
CMD=
DECODE=0
DECODE_TYPE=
DECODE_GET=
IEXPRESS=0
IEXPRESS_LIST=
IEXPRESS_CMD=
PREVIOUS_SP=
COMMENT=

[KB4524445]
TITLE=2019-11 Servicing Stack Update for Windows 8.1 for x64-based Systems (KB4524445)
INFO=https://support.microsoft.com/help/4524445
FILE=http://download.windowsupdate.com/d/msdownload/update/software/secu/2019/11/windows8.1-kb4524445-x64_a8a5b5fd641b016e8ee0636c1dde808e98656d3a.msu
RENAME=windows8.1-kb4524445-x64.msu
SIZE=11567127
TYPE=HOTFIX(SVCPACK.INF)
CATEGORY=
TIE_UP=
XOR_KEY=
SYNCHRO_KEY=
RELEASE=2019/11/04
RUN_ORDER=021
CMD=
DECODE=0
DECODE_TYPE=
DECODE_GET=
IEXPRESS=0
IEXPRESS_LIST=
IEXPRESS_CMD=
PREVIOUS_SP=
COMMENT=サービス スタック更新プログラム

[KB3013769]
TITLE=Update for Windows 8.1 for x64-based Systems (KB3013769)
INFO=http://support.microsoft.com/kb/3013769
FILE=http://download.windowsupdate.com/d/msdownload/update/software/updt/2014/11/windows8.1-kb3013769-x64_333fd115b90e8ad6d8111723ac03aebd8a9d91fb.msu
RENAME=windows8.1-kb3013769-x64.msu
SIZE=58615130
TYPE=HOTFIX(SVCPACK.INF)
CATEGORY=
TIE_UP=KB2919355
XOR_KEY=
SYNCHRO_KEY=
RELEASE=2014/11/26
RUN_ORDER=022
CMD=
DECODE=0
DECODE_TYPE=
DECODE_GET=
IEXPRESS=0
IEXPRESS_LIST=
IEXPRESS_CMD=
PREVIOUS_SP=
COMMENT=

[KB3004545]
TITLE=Hotfix for Windows 8.1 x64 Edition (KB3004545)
INFO=http://support.microsoft.com/kb/3004545
FILE=http://download.windowsupdate.com/d/msdownload/update/software/htfx/2015/01/windows8.1-kb3004545-x64_462ce6dbcf30b8907bf1f742961661ba1b4a6412.msu
RENAME=windows8.1-kb3004545-x64.msu
SIZE=563387
TYPE=HOTFIX(SVCPACK.INF)
CATEGORY=
TIE_UP=KB2919355;KB3013769
XOR_KEY=
SYNCHRO_KEY=
RELEASE=2015/01/29
RUN_ORDER=023
CMD=
DECODE=0
DECODE_TYPE=
DECODE_GET=
IEXPRESS=0
IEXPRESS_LIST=
IEXPRESS_CMD=
PREVIOUS_SP=
COMMENT=

[KB3013816]
TITLE=Update for Windows 8.1 for x64-based Systems (KB3013816)
INFO=http://support.microsoft.com/kb/3013816
FILE=http://download.windowsupdate.com/d/msdownload/update/software/updt/2014/11/windows8.1-kb3013816-x64_8b6ae51c9e831c803c2cc4046c5736385f067e7c.msu
RENAME=windows8.1-kb3013816-x64.msu
SIZE=5213047
TYPE=HOTFIX(SVCPACK.INF)
CATEGORY=
TIE_UP=KB2919355
XOR_KEY=
SYNCHRO_KEY=
RELEASE=2014/11/26
RUN_ORDER=024
CMD=
DECODE=0
DECODE_TYPE=
DECODE_GET=
IEXPRESS=0
IEXPRESS_LIST=
IEXPRESS_CMD=
PREVIOUS_SP=
COMMENT=

[KB3084905]
TITLE=Update for Windows 8.1 for x64-based Systems (KB3084905)
INFO=http://support.microsoft.com/kb/3084905
FILE=http://download.windowsupdate.com/c/msdownload/update/software/updt/2015/10/windows8.1-kb3084905-v2-x64_b94fe16f2f20a0d0fda7a7bed0bd3f112674680b.msu
RENAME=windows8.1-kb3084905-v2-x64.msu
SIZE=2555340
TYPE=HOTFIX(SVCPACK.INF)
CATEGORY=
TIE_UP=KB2919355
XOR_KEY=
SYNCHRO_KEY=
RELEASE=2015/10/08
RUN_ORDER=025
CMD=
DECODE=0
DECODE_TYPE=
DECODE_GET=
IEXPRESS=0
IEXPRESS_LIST=
IEXPRESS_CMD=
PREVIOUS_SP=
COMMENT=

[KB3102429]
TITLE=Update for Windows 8.1 for x64-based Systems (KB3102429)
INFO=http://support.microsoft.com/kb/3102429
FILE=http://download.windowsupdate.com/d/msdownload/update/software/updt/2016/01/windows8.1-kb3102429-v2-x64_0336f192bd7bfdb01930ba46e6fdcf61b28220ed.msu
RENAME=windows8.1-kb3102429-v2-x64.msu
SIZE=21713330
TYPE=HOTFIX(SVCPACK.INF)
CATEGORY=
TIE_UP=KB2919355
XOR_KEY=
SYNCHRO_KEY=
RELEASE=2016/01/09
RUN_ORDER=026
CMD=
DECODE=0
DECODE_TYPE=
DECODE_GET=
IEXPRESS=0
IEXPRESS_LIST=
IEXPRESS_CMD=
PREVIOUS_SP=
COMMENT=

[KB3172614]
TITLE=Update for Windows 8.1 for x64-based Systems (KB3172614)
INFO=http://support.microsoft.com/kb/3172614
FILE=http://download.windowsupdate.com/c/msdownload/update/software/updt/2016/07/windows8.1-kb3172614-x64_e41365e643b98ab745c21dba17d1d3b6bb73cfcc.msu
RENAME=windows8.1-kb3172614-x64.msu
SIZE=107349327
TYPE=HOTFIX(SVCPACK.INF)
CATEGORY=
TIE_UP=KB2919355
XOR_KEY=
SYNCHRO_KEY=
RELEASE=2016/07/20
RUN_ORDER=027
CMD=
DECODE=0
DECODE_TYPE=
DECODE_GET=
IEXPRESS=0
IEXPRESS_LIST=
IEXPRESS_CMD=
PREVIOUS_SP=
COMMENT=

[KB3063843]
TITLE=Update for Windows 8.1 for x64-based Systems (KB3063843)
INFO=http://support.microsoft.com/kb/3063843
FILE=http://download.windowsupdate.com/d/msdownload/update/software/updt/2015/06/windows8.1-kb3063843-x64_57199ff97cd3ff29fc3cfe398effed9d32b992b5.msu
RENAME=windows8.1-kb3063843-x64.msu
SIZE=443748
TYPE=HOTFIX(SVCPACK.INF)
CATEGORY=
TIE_UP=
XOR_KEY=
SYNCHRO_KEY=
RELEASE=2015/06/03
RUN_ORDER=028
CMD=
DECODE=0
DECODE_TYPE=
DECODE_GET=
IEXPRESS=0
IEXPRESS_LIST=
IEXPRESS_CMD=
PREVIOUS_SP=
COMMENT=

[KB3184143]
TITLE=Update for Windows 8.1 for x64-based Systems (KB3184143)
INFO=http://support.microsoft.com/kb/3184143
FILE=http://download.windowsupdate.com/c/msdownload/update/software/updt/2016/08/windows8.1-kb3184143-x64_c731a4f066ba87d9cf88b6201355313ebf24e11a.msu
RENAME=windows8.1-kb3184143-x64.msu
SIZE=24929085
TYPE=HOTFIX(SVCPACK.INF)
CATEGORY=
TIE_UP=
XOR_KEY=
SYNCHRO_KEY=
RELEASE=2016/08/30
RUN_ORDER=029
CMD=
DECODE=0
DECODE_TYPE=
DECODE_GET=
IEXPRESS=0
IEXPRESS_LIST=
IEXPRESS_CMD=
PREVIOUS_SP=
COMMENT=

[KB2976978]
TITLE=Update for Windows 8.1 for x64-based Systems (KB2976978)
INFO=http://support.microsoft.com/kb/2976978
FILE=http://download.windowsupdate.com/d/msdownload/update/software/crup/2018/07/windows8.1-kb2976978-v24-x64_edb8f26452e645838dc6797fa23374fb24cfd2df.msu
RENAME=windows8.1-kb2976978-v24-x64.msu
SIZE=6576065
TYPE=HOTFIX(SVCPACK.INF)
CATEGORY=
TIE_UP=
XOR_KEY=
SYNCHRO_KEY=
RELEASE=2018/07/05
RUN_ORDER=030
CMD=
DECODE=0
DECODE_TYPE=
DECODE_GET=
IEXPRESS=0
IEXPRESS_LIST=
IEXPRESS_CMD=
PREVIOUS_SP=
COMMENT=

[KB3044374]
TITLE=Update for Windows 8.1 for x64-based Systems (KB3044374)
INFO=http://support.microsoft.com/kb/3044374
FILE=http://download.windowsupdate.com/c/msdownload/update/software/crup/2015/03/windows8.1-kb3044374-x64_5a77e58ce3f77d967c1a7e0c30877bd193b08d6c.msu
RENAME=windows8.1-kb3044374-x64.msu
SIZE=3795966
TYPE=HOTFIX(SVCPACK.INF)
CATEGORY=
TIE_UP=
XOR_KEY=
SYNCHRO_KEY=
RELEASE=2015/03/25
RUN_ORDER=031
CMD=
DECODE=0
DECODE_TYPE=
DECODE_GET=
IEXPRESS=0
IEXPRESS_LIST=
IEXPRESS_CMD=
PREVIOUS_SP=
COMMENT=

[KB3011780]
TITLE=Security Update for Windows 8.1 for x64-based Systems (KB3011780)
INFO=http://support.microsoft.com/kb/3011780
FILE=http://download.windowsupdate.com/c/msdownload/update/software/secu/2014/11/windows8.1-kb3011780-x64_ae7432399d33daab7fda055af111d8bc1ae14e3b.msu
RENAME=windows8.1-kb3011780-x64.msu
SIZE=1358016
TYPE=HOTFIX(SVCPACK.INF)
CATEGORY=
TIE_UP=
XOR_KEY=
SYNCHRO_KEY=
RELEASE=2014/11/10
RUN_ORDER=032
CMD=
DECODE=0
DECODE_TYPE=
DECODE_GET=
IEXPRESS=0
IEXPRESS_LIST=
IEXPRESS_CMD=
PREVIOUS_SP=
COMMENT=

[KB3161949]
TITLE=Security Update for Windows 8.1 for x64-based Systems (KB3161949)
INFO=http://support.microsoft.com/kb/3161949
FILE=http://download.windowsupdate.com/c/msdownload/update/software/secu/2016/05/windows8.1-kb3161949-x64_303f894a71fad84f147e1ee715f8c60ddfc752d7.msu
RENAME=windows8.1-kb3161949-x64.msu
SIZE=1558676
TYPE=HOTFIX(SVCPACK.INF)
CATEGORY=
TIE_UP=
XOR_KEY=
SYNCHRO_KEY=
RELEASE=2016/05/24
RUN_ORDER=033
CMD=
DECODE=0
DECODE_TYPE=
DECODE_GET=
IEXPRESS=0
IEXPRESS_LIST=
IEXPRESS_CMD=
PREVIOUS_SP=
COMMENT=

[KB3080800]
TITLE=Update for Windows 8.1 for x64-based Systems (KB3080800)
INFO=http://support.microsoft.com/kb/3080800
FILE=http://download.windowsupdate.com/d/msdownload/update/software/updt/2015/09/windows8.1-kb3080800-x64_7b1b5f6aa32073d991a5545147c1af8a345fd902.msu
RENAME=windows8.1-kb3080800-x64.msu
SIZE=238024
TYPE=HOTFIX(SVCPACK.INF)
CATEGORY=
TIE_UP=
XOR_KEY=
SYNCHRO_KEY=
RELEASE=2015/09/08
RUN_ORDER=034
CMD=
DECODE=0
DECODE_TYPE=
DECODE_GET=
IEXPRESS=0
IEXPRESS_LIST=
IEXPRESS_CMD=
PREVIOUS_SP=
COMMENT=

[KB3138910]
TITLE=Security Update for Windows 8.1 for x64-based Systems (KB3138910)
INFO=http://support.microsoft.com/kb/3138910
FILE=http://download.windowsupdate.com/c/msdownload/update/software/secu/2016/02/windows8.1-kb3138910-x64_71c7c69ea2ba887cd6492828336a8858f3616b2f.msu
RENAME=windows8.1-kb3138910-x64.msu
SIZE=667358
TYPE=HOTFIX(SVCPACK.INF)
CATEGORY=
TIE_UP=
XOR_KEY=
SYNCHRO_KEY=
RELEASE=2016/02/18
RUN_ORDER=035
CMD=
DECODE=0
DECODE_TYPE=
DECODE_GET=
IEXPRESS=0
IEXPRESS_LIST=
IEXPRESS_CMD=
PREVIOUS_SP=
COMMENT=

[KB3146723]
TITLE=Security Update for Windows 8.1 for x64-based Systems (KB3146723)
INFO=http://support.microsoft.com/kb/3146723
FILE=http://download.windowsupdate.com/c/msdownload/update/software/secu/2016/03/windows8.1-kb3146723-x64_5aae2a7642e87b2881d7337ef736eaee679f907a.msu
RENAME=windows8.1-kb3146723-x64.msu
SIZE=12883423
TYPE=HOTFIX(SVCPACK.INF)
CATEGORY=
TIE_UP=
XOR_KEY=
SYNCHRO_KEY=
RELEASE=2016/03/22
RUN_ORDER=036
CMD=
DECODE=0
DECODE_TYPE=
DECODE_GET=
IEXPRESS=0
IEXPRESS_LIST=
IEXPRESS_CMD=
PREVIOUS_SP=
COMMENT=

[KB3045685]
TITLE=Security Update for Windows 8.1 for x64-based Systems (KB3045685)
INFO=http://support.microsoft.com/kb/3045685
FILE=http://download.windowsupdate.com/d/msdownload/update/software/secu/2015/03/windows8.1-kb3045685-x64_e34f6a8551808eee89b2e4c58388d746ca1fb1eb.msu
RENAME=windows8.1-kb3045685-x64.msu
SIZE=436640
TYPE=HOTFIX(SVCPACK.INF)
CATEGORY=
TIE_UP=
XOR_KEY=
SYNCHRO_KEY=
RELEASE=2015/03/23
RUN_ORDER=037
CMD=
DECODE=0
DECODE_TYPE=
DECODE_GET=
IEXPRESS=0
IEXPRESS_LIST=
IEXPRESS_CMD=
PREVIOUS_SP=
COMMENT=

[KB3013531]
TITLE=Update for Windows 8.1 for x64-based Systems (KB3013531)
INFO=http://support.microsoft.com/kb/3013531
FILE=http://download.windowsupdate.com/c/msdownload/update/software/updt/2015/04/windows8.1-kb3013531-x64_2808e688cdf40ceb073f3943274884299bf391cb.msu
RENAME=windows8.1-kb3013531-x64.msu
SIZE=1511767
TYPE=HOTFIX(SVCPACK.INF)
CATEGORY=
TIE_UP=
XOR_KEY=
SYNCHRO_KEY=
RELEASE=2015/04/11
RUN_ORDER=038
CMD=
DECODE=0
DECODE_TYPE=
DECODE_GET=
IEXPRESS=0
IEXPRESS_LIST=
IEXPRESS_CMD=
PREVIOUS_SP=
COMMENT=

[KB3077715]
TITLE=Update for Windows 8.1 for x64-based Systems (KB3077715)
INFO=http://support.microsoft.com/kb/3077715
FILE=http://download.windowsupdate.com/d/msdownload/update/software/updt/2015/08/windows8.1-kb3077715-x64_69d5d96d3717c71b06a3c4ea4a8840d0af95acbe.msu
RENAME=windows8.1-kb3077715-x64.msu
SIZE=783318
TYPE=HOTFIX(SVCPACK.INF)
CATEGORY=
TIE_UP=
XOR_KEY=
SYNCHRO_KEY=
RELEASE=2015/08/17
RUN_ORDER=039
CMD=
DECODE=0
DECODE_TYPE=
DECODE_GET=
IEXPRESS=0
IEXPRESS_LIST=
IEXPRESS_CMD=
PREVIOUS_SP=
COMMENT=

[KB3035126]
TITLE=Security Update for Windows 8.1 for x64-based Systems (KB3035126)
INFO=http://support.microsoft.com/kb/3035126
FILE=http://download.windowsupdate.com/d/msdownload/update/software/secu/2015/02/windows8.1-kb3035126-x64_6d9f28b676b7ee992bdd35c0297f8f95576c360f.msu
RENAME=windows8.1-kb3035126-x64.msu
SIZE=510358
TYPE=HOTFIX(SVCPACK.INF)
CATEGORY=
TIE_UP=
XOR_KEY=
SYNCHRO_KEY=
RELEASE=2015/02/16
RUN_ORDER=040
CMD=
DECODE=0
DECODE_TYPE=
DECODE_GET=
IEXPRESS=0
IEXPRESS_LIST=
IEXPRESS_CMD=
PREVIOUS_SP=
COMMENT=

[KB3155784]
TITLE=Security Update for Windows 8.1 for x64-based Systems (KB3155784)
INFO=http://support.microsoft.com/kb/3155784
FILE=http://download.windowsupdate.com/d/msdownload/update/software/secu/2016/04/windows8.1-kb3155784-x64_2a5c14e67fc1c00a974e2b1b892c15132b780f59.msu
RENAME=windows8.1-kb3155784-x64.msu
SIZE=237639
TYPE=HOTFIX(SVCPACK.INF)
CATEGORY=
TIE_UP=
XOR_KEY=
SYNCHRO_KEY=
RELEASE=2016/04/21
RUN_ORDER=041
CMD=
DECODE=0
DECODE_TYPE=
DECODE_GET=
IEXPRESS=0
IEXPRESS_LIST=
IEXPRESS_CMD=
PREVIOUS_SP=
COMMENT=

[KB3036612]
TITLE=Update for Windows 8.1 for x64-based Systems (KB3036612)
INFO=http://support.microsoft.com/kb/3036612
FILE=http://download.windowsupdate.com/c/msdownload/update/software/updt/2015/03/windows8.1-kb3036612-x64_06a9ef09126a7ef1b0f3667babc64b95af1c2a2c.msu
RENAME=windows8.1-kb3036612-x64.msu
SIZE=907473
TYPE=HOTFIX(SVCPACK.INF)
CATEGORY=
TIE_UP=
XOR_KEY=
SYNCHRO_KEY=
RELEASE=2015/03/04
RUN_ORDER=042
CMD=
DECODE=0
DECODE_TYPE=
DECODE_GET=
IEXPRESS=0
IEXPRESS_LIST=
IEXPRESS_CMD=
PREVIOUS_SP=
COMMENT=

[KB3161102]
TITLE=Update for Windows 8.1 for x64-based Systems (KB3161102)
INFO=http://support.microsoft.com/kb/3161102
FILE=http://download.windowsupdate.com/d/msdownload/update/software/updt/2016/07/windows8.1-kb3161102-x64_090b4cf0ba35a7f505c80f316daf98ce34e07fe3.msu
RENAME=windows8.1-kb3161102-x64.msu
SIZE=295029
TYPE=HOTFIX(SVCPACK.INF)
CATEGORY=
TIE_UP=
XOR_KEY=
SYNCHRO_KEY=
RELEASE=2016/07/25
RUN_ORDER=043
CMD=
DECODE=0
DECODE_TYPE=
DECODE_GET=
IEXPRESS=0
IEXPRESS_LIST=
IEXPRESS_CMD=
PREVIOUS_SP=
COMMENT=

[KB3062760]
TITLE=Security Update for Windows 8.1 for x64-based Systems (KB3062760)
INFO=http://support.microsoft.com/kb/3062760
FILE=http://download.windowsupdate.com/d/msdownload/update/software/secu/2015/05/windows8.1-kb3062760-x64_c1f1a7ae478608b9dcc0283e00962aca86d0317a.msu
RENAME=windows8.1-kb3062760-x64.msu
SIZE=1877527
TYPE=HOTFIX(SVCPACK.INF)
CATEGORY=
TIE_UP=
XOR_KEY=
SYNCHRO_KEY=
RELEASE=2015/05/20
RUN_ORDER=044
CMD=
DECODE=0
DECODE_TYPE=
DECODE_GET=
IEXPRESS=0
IEXPRESS_LIST=
IEXPRESS_CMD=
PREVIOUS_SP=
COMMENT=

[KB3084135]
TITLE=Security Update for Windows 8.1 for x64-based Systems (KB3084135)
INFO=http://support.microsoft.com/kb/3084135
FILE=http://download.windowsupdate.com/d/msdownload/update/software/secu/2015/08/windows8.1-kb3084135-x64_631d159c59f993b29db94c79a06cd1fedcad3c4e.msu
RENAME=windows8.1-kb3084135-x64.msu
SIZE=997166
TYPE=HOTFIX(SVCPACK.INF)
CATEGORY=
TIE_UP=
XOR_KEY=
SYNCHRO_KEY=
RELEASE=2015/08/19
RUN_ORDER=045
CMD=
DECODE=0
DECODE_TYPE=
DECODE_GET=
IEXPRESS=0
IEXPRESS_LIST=
IEXPRESS_CMD=
PREVIOUS_SP=
COMMENT=

[KB3178539]
TITLE=Security Update for Windows 8.1 for x64-based Systems (KB3178539)
INFO=http://support.microsoft.com/kb/3178539
FILE=http://download.windowsupdate.com/c/msdownload/update/software/secu/2016/09/windows8.1-kb3178539-x64_60a85967f423ac37429757d8fbf7212540dea922.msu
RENAME=windows8.1-kb3178539-x64.msu
SIZE=538139
TYPE=HOTFIX(SVCPACK.INF)
CATEGORY=
TIE_UP=
XOR_KEY=
SYNCHRO_KEY=
RELEASE=2016/09/07
RUN_ORDER=046
CMD=
DECODE=0
DECODE_TYPE=
DECODE_GET=
IEXPRESS=0
IEXPRESS_LIST=
IEXPRESS_CMD=
PREVIOUS_SP=
COMMENT=

[KB3018133]
TITLE=Update for Windows 8.1 for x64-based Systems (KB3018133)
INFO=http://support.microsoft.com/kb/3018133
FILE=http://download.windowsupdate.com/c/msdownload/update/software/updt/2015/03/windows8.1-kb3018133-x64_dd0ba32644654f868d6922e2ab9078ad8da289ac.msu
RENAME=windows8.1-kb3018133-x64.msu
SIZE=220310
TYPE=HOTFIX(SVCPACK.INF)
CATEGORY=
TIE_UP=
XOR_KEY=
SYNCHRO_KEY=
RELEASE=2015/03/04
RUN_ORDER=047
CMD=
DECODE=0
DECODE_TYPE=
DECODE_GET=
IEXPRESS=0
IEXPRESS_LIST=
IEXPRESS_CMD=
PREVIOUS_SP=
COMMENT=

[KB3149157]
TITLE=Update for Windows 8.1 for x64-based Systems (KB3149157)
INFO=http://support.microsoft.com/kb/3149157
FILE=http://download.windowsupdate.com/d/msdownload/update/software/updt/2016/04/windows8.1-kb3149157-x64_7a5b50473186d3ccc6665c8d658c59287a38eaee.msu
RENAME=windows8.1-kb3149157-x64.msu
SIZE=2734508
TYPE=HOTFIX(SVCPACK.INF)
CATEGORY=
TIE_UP=
XOR_KEY=
SYNCHRO_KEY=
RELEASE=2016/04/15
RUN_ORDER=048
CMD=
DECODE=0
DECODE_TYPE=
DECODE_GET=
IEXPRESS=0
IEXPRESS_LIST=
IEXPRESS_CMD=
PREVIOUS_SP=
COMMENT=

[KB3126434]
TITLE=Security Update for Windows 8.1 for x64-based Systems (KB3126434)
INFO=http://support.microsoft.com/kb/3126434
FILE=http://download.windowsupdate.com/c/msdownload/update/software/secu/2016/01/windows8.1-kb3126434-x64_305a6f14ffc6bbf55be58d78d2dae6123fe1bc32.msu
RENAME=windows8.1-kb3126434-x64.msu
SIZE=673017
TYPE=HOTFIX(SVCPACK.INF)
CATEGORY=
TIE_UP=
XOR_KEY=
SYNCHRO_KEY=
RELEASE=2016/01/21
RUN_ORDER=049
CMD=
DECODE=0
DECODE_TYPE=
DECODE_GET=
IEXPRESS=0
IEXPRESS_LIST=
IEXPRESS_CMD=
PREVIOUS_SP=
COMMENT=

[KB3175024]
TITLE=Security Update for Windows 8.1 for x64-based Systems (KB3175024)
INFO=http://support.microsoft.com/kb/3175024
FILE=http://download.windowsupdate.com/c/msdownload/update/software/secu/2016/08/windows8.1-kb3175024-x64_11e1173ef77cce7bfd78187417177970b023a2b2.msu
RENAME=windows8.1-kb3175024-x64.msu
SIZE=12854448
TYPE=HOTFIX(SVCPACK.INF)
CATEGORY=
TIE_UP=
XOR_KEY=
SYNCHRO_KEY=
RELEASE=2016/08/23
RUN_ORDER=050
CMD=
DECODE=0
DECODE_TYPE=
DECODE_GET=
IEXPRESS=0
IEXPRESS_LIST=
IEXPRESS_CMD=
PREVIOUS_SP=
COMMENT=

[KB3024751]
TITLE=Update for Windows 8.1 for x64-based Systems (KB3024751)
INFO=http://support.microsoft.com/kb/3024751
FILE=http://download.windowsupdate.com/c/msdownload/update/software/updt/2015/03/windows8.1-kb3024751-x64_3f36a47890ba3414ae1658193ebaedaea31fc34b.msu
RENAME=windows8.1-kb3024751-x64.msu
SIZE=840541
TYPE=HOTFIX(SVCPACK.INF)
CATEGORY=
TIE_UP=
XOR_KEY=
SYNCHRO_KEY=
RELEASE=2015/03/04
RUN_ORDER=051
CMD=
DECODE=0
DECODE_TYPE=
DECODE_GET=
IEXPRESS=0
IEXPRESS_LIST=
IEXPRESS_CMD=
PREVIOUS_SP=
COMMENT=

[KB3033446]
TITLE=Update for Windows 8.1 for x64-based Systems (KB3033446)
INFO=http://support.microsoft.com/kb/3033446
FILE=http://download.windowsupdate.com/c/msdownload/update/software/updt/2015/04/windows8.1-kb3033446-v2-x64_5413956fd533e83a5a31aba297904c799689542b.msu
RENAME=windows8.1-kb3033446-v2-x64.msu
SIZE=342731
TYPE=HOTFIX(SVCPACK.INF)
CATEGORY=
TIE_UP=
XOR_KEY=
SYNCHRO_KEY=
RELEASE=2015/04/11
RUN_ORDER=052
CMD=
DECODE=0
DECODE_TYPE=
DECODE_GET=
IEXPRESS=0
IEXPRESS_LIST=
IEXPRESS_CMD=
PREVIOUS_SP=
COMMENT=

[KB3172729]
TITLE=Security Update for Windows 8.1 for x64-based Systems (KB3172729)
INFO=http://support.microsoft.com/kb/3172729
FILE=http://download.windowsupdate.com/d/msdownload/update/software/secu/2016/07/windows8.1-kb3172729-x64_e8003822a7ef4705cbb65623b72fd3cec73fe222.msu
RENAME=windows8.1-kb3172729-x64.msu
SIZE=270744
TYPE=HOTFIX(SVCPACK.INF)
CATEGORY=
TIE_UP=KB2919355
XOR_KEY=
SYNCHRO_KEY=
RELEASE=2016/07/20
RUN_ORDER=053
CMD=
DECODE=0
DECODE_TYPE=
DECODE_GET=
IEXPRESS=0
IEXPRESS_LIST=
IEXPRESS_CMD=
PREVIOUS_SP=
COMMENT=

[KB3046017]
TITLE=Security Update for Windows 8.1 for x64-based Systems (KB3046017)
INFO=http://support.microsoft.com/kb/3046017
FILE=http://download.windowsupdate.com/d/msdownload/update/software/secu/2015/07/windows8.1-kb3046017-x64_cfd784ae9e40bcd30adf46d822bf48a601b218cb.msu
RENAME=windows8.1-kb3046017-x64.msu
SIZE=444547
TYPE=HOTFIX(SVCPACK.INF)
CATEGORY=
TIE_UP=
XOR_KEY=
SYNCHRO_KEY=
RELEASE=2015/07/22
RUN_ORDER=054
CMD=
DECODE=0
DECODE_TYPE=
DECODE_GET=
IEXPRESS=0
IEXPRESS_LIST=
IEXPRESS_CMD=
PREVIOUS_SP=
COMMENT=

[KB3064059]
TITLE=Update for Windows 8.1 for x64-based Systems (KB3064059)
INFO=http://support.microsoft.com/kb/3064059
FILE=http://download.windowsupdate.com/d/msdownload/update/software/updt/2015/06/windows8.1-kb3064059-x64_f4fc4daf8d417cb750f05f8484d84d1799043f84.msu
RENAME=windows8.1-kb3064059-x64.msu
SIZE=339390
TYPE=HOTFIX(SVCPACK.INF)
CATEGORY=
TIE_UP=
XOR_KEY=
SYNCHRO_KEY=
RELEASE=2015/06/03
RUN_ORDER=055
CMD=
DECODE=0
DECODE_TYPE=
DECODE_GET=
IEXPRESS=0
IEXPRESS_LIST=
IEXPRESS_CMD=
PREVIOUS_SP=
COMMENT=

[KB3055343]
TITLE=Update for Windows 8.1 for x64-based Systems (KB3055343)
INFO=http://support.microsoft.com/kb/3055343
FILE=http://download.windowsupdate.com/d/msdownload/update/software/updt/2015/07/windows8.1-kb3055343-v2-x64_d244def1ceadfc43d3a8ef6965403b191365922d.msu
RENAME=windows8.1-kb3055343-v2-x64.msu
SIZE=1063475
TYPE=HOTFIX(SVCPACK.INF)
CATEGORY=
TIE_UP=
XOR_KEY=
SYNCHRO_KEY=
RELEASE=2015/07/22
RUN_ORDER=056
CMD=
DECODE=0
DECODE_TYPE=
DECODE_GET=
IEXPRESS=0
IEXPRESS_LIST=
IEXPRESS_CMD=
PREVIOUS_SP=
COMMENT=

[KB3038002]
TITLE=Update for Windows 8.1 for x64-based Systems (KB3038002)
INFO=http://support.microsoft.com/kb/3038002
FILE=http://download.windowsupdate.com/c/msdownload/update/software/updt/2015/04/windows8.1-kb3038002-v2-x64_0b08cdfe88cade6eedae39331fde8c21f04a0e43.msu
RENAME=windows8.1-kb3038002-v2-x64.msu
SIZE=342559
TYPE=HOTFIX(SVCPACK.INF)
CATEGORY=
TIE_UP=
XOR_KEY=
SYNCHRO_KEY=
RELEASE=2015/04/11
RUN_ORDER=057
CMD=
DECODE=0
DECODE_TYPE=
DECODE_GET=
IEXPRESS=0
IEXPRESS_LIST=
IEXPRESS_CMD=
PREVIOUS_SP=
COMMENT=

[KB2990967]
TITLE=Update for Windows 8.1 for x64-based Systems (KB2990967)
INFO=http://support.microsoft.com/kb/2990967
FILE=http://download.windowsupdate.com/d/msdownload/update/software/updt/2014/09/windows8.1-kb2990967-x64_e3f425d271aeadfe382fe4e6f3ead1363217f605.msu
RENAME=windows8.1-kb2990967-x64.msu
SIZE=204138
TYPE=HOTFIX(SVCPACK.INF)
CATEGORY=
TIE_UP=
XOR_KEY=
SYNCHRO_KEY=
RELEASE=2014/09/02
RUN_ORDER=058
CMD=
DECODE=0
DECODE_TYPE=
DECODE_GET=
IEXPRESS=0
IEXPRESS_LIST=
IEXPRESS_CMD=
PREVIOUS_SP=
COMMENT=

[KB3145384]
TITLE=Update for Windows 8.1 for x64-based Systems (KB3145384)
INFO=http://support.microsoft.com/kb/3145384
FILE=http://download.windowsupdate.com/d/msdownload/update/software/updt/2016/04/windows8.1-kb3145384-x64_a65180d3f2085fec112b9932580a7ecbf982463a.msu
RENAME=windows8.1-kb3145384-x64.msu
SIZE=347352
TYPE=HOTFIX(SVCPACK.INF)
CATEGORY=
TIE_UP=
XOR_KEY=
SYNCHRO_KEY=
RELEASE=2016/04/15
RUN_ORDER=059
CMD=
DECODE=0
DECODE_TYPE=
DECODE_GET=
IEXPRESS=0
IEXPRESS_LIST=
IEXPRESS_CMD=
PREVIOUS_SP=
COMMENT=

[KB2899189]
TITLE=Update for Microsoft Camera Codec Pack for Windows 8.1 for x64-based Systems (KB2899189)
INFO=http://support.microsoft.com/kb/2899189
FILE=http://download.windowsupdate.com/c/msdownload/update/software/updt/2013/12/windows8.1-kb2899189-x64_718f4178e29d4d93d9aaea2e17603bcf532b041a.msu
RENAME=windows8.1-kb2899189-x64.msu
SIZE=14724457
TYPE=HOTFIX(SVCPACK.INF)
CATEGORY=
TIE_UP=
XOR_KEY=
SYNCHRO_KEY=
RELEASE=2013/12/04
RUN_ORDER=060
CMD=
DECODE=0
DECODE_TYPE=
DECODE_GET=
IEXPRESS=0
IEXPRESS_LIST=
IEXPRESS_CMD=
PREVIOUS_SP=
COMMENT=

[KB3003667]
TITLE=Update for Windows 8.1 for x64-based Systems (KB3003667)
INFO=http://support.microsoft.com/kb/3003667
FILE=http://download.windowsupdate.com/c/msdownload/update/software/updt/2014/11/windows8.1-kb3003667-x64_469cfe807f1ddc7075918aa67657ff5e065f8ede.msu
RENAME=windows8.1-kb3003667-x64.msu
SIZE=16602358
TYPE=HOTFIX(SVCPACK.INF)
CATEGORY=
TIE_UP=KB2899189
XOR_KEY=
SYNCHRO_KEY=
RELEASE=2014/11/05
RUN_ORDER=061
CMD=
DECODE=0
DECODE_TYPE=
DECODE_GET=
IEXPRESS=0
IEXPRESS_LIST=
IEXPRESS_CMD=
PREVIOUS_SP=
COMMENT=

[KB3059317]
TITLE=Security Update for Windows 8.1 for x64-based Systems (KB3059317)
INFO=http://support.microsoft.com/kb/3059317
FILE=http://download.windowsupdate.com/d/msdownload/update/software/secu/2015/05/windows8.1-kb3059317-x64_4271d612ef3f3c57904458748faad85f0c56dad0.msu
RENAME=windows8.1-kb3059317-x64.msu
SIZE=2948855
TYPE=HOTFIX(SVCPACK.INF)
CATEGORY=
TIE_UP=
XOR_KEY=
SYNCHRO_KEY=
RELEASE=2015/05/20
RUN_ORDER=062
CMD=
DECODE=0
DECODE_TYPE=
DECODE_GET=
IEXPRESS=0
IEXPRESS_LIST=
IEXPRESS_CMD=
PREVIOUS_SP=
COMMENT=

[KB3042058]
TITLE=Security Update for Windows 8.1 for x64-based Systems (KB3042058)
INFO=http://support.microsoft.com/kb/3042058
FILE=http://download.windowsupdate.com/d/msdownload/update/software/secu/2015/09/windows8.1-kb3042058-x64_c73bfac2ad93aed131627e7482bacbd89d0a0850.msu
RENAME=windows8.1-kb3042058-x64.msu
SIZE=629459
TYPE=HOTFIX(SVCPACK.INF)
CATEGORY=
TIE_UP=
XOR_KEY=
SYNCHRO_KEY=
RELEASE=2015/09/24
RUN_ORDER=063
CMD=
DECODE=0
DECODE_TYPE=
DECODE_GET=
IEXPRESS=0
IEXPRESS_LIST=
IEXPRESS_CMD=
PREVIOUS_SP=
COMMENT=

[KB3061493]
TITLE=Update for Windows 8.1 for x64-based Systems (KB3061493)
INFO=http://support.microsoft.com/kb/3061493
FILE=http://download.windowsupdate.com/d/msdownload/update/software/updt/2015/07/windows8.1-kb3061493-x64_8f949bfed44bcfc466eee3566c03d88e535aaac2.msu
RENAME=windows8.1-kb3061493-x64.msu
SIZE=232286
TYPE=HOTFIX(SVCPACK.INF)
CATEGORY=
TIE_UP=
XOR_KEY=
SYNCHRO_KEY=
RELEASE=2015/07/16
RUN_ORDER=064
CMD=
DECODE=0
DECODE_TYPE=
DECODE_GET=
IEXPRESS=0
IEXPRESS_LIST=
IEXPRESS_CMD=
PREVIOUS_SP=
COMMENT=

[KB3139398]
TITLE=Security Update for Windows 8.1 for x64-based Systems (KB3139398)
INFO=http://support.microsoft.com/kb/3139398
FILE=http://download.windowsupdate.com/c/msdownload/update/software/secu/2016/02/windows8.1-kb3139398-x64_da8a470a7629685a4c67eec13e1509c338acbd24.msu
RENAME=windows8.1-kb3139398-x64.msu
SIZE=325223
TYPE=HOTFIX(SVCPACK.INF)
CATEGORY=
TIE_UP=
XOR_KEY=
SYNCHRO_KEY=
RELEASE=2016/02/18
RUN_ORDER=065
CMD=
DECODE=0
DECODE_TYPE=
DECODE_GET=
IEXPRESS=0
IEXPRESS_LIST=
IEXPRESS_CMD=
PREVIOUS_SP=
COMMENT=

[KB3103696]
TITLE=Update for Windows 8.1 for x64-based Systems (KB3103696)
INFO=http://support.microsoft.com/kb/3103696
FILE=http://download.windowsupdate.com/d/msdownload/update/software/updt/2015/11/windows8.1-kb3103696-x64_d388e21d1d1dde02e075b9759ebc11289703dbf0.msu
RENAME=windows8.1-kb3103696-x64.msu
SIZE=813444
TYPE=HOTFIX(SVCPACK.INF)
CATEGORY=
TIE_UP=
XOR_KEY=
SYNCHRO_KEY=
RELEASE=2015/11/06
RUN_ORDER=066
CMD=
DECODE=0
DECODE_TYPE=
DECODE_GET=
IEXPRESS=0
IEXPRESS_LIST=
IEXPRESS_CMD=
PREVIOUS_SP=
COMMENT=

[KB3054464]
TITLE=Update for Windows 8.1 for x64-based Systems (KB3054464)
INFO=http://support.microsoft.com/kb/3054464
FILE=http://download.windowsupdate.com/d/msdownload/update/software/updt/2015/05/windows8.1-kb3054464-x64_aba4f7bf2ac27914ee6ed8e4534db8c17c551782.msu
RENAME=windows8.1-kb3054464-x64.msu
SIZE=987565
TYPE=HOTFIX(SVCPACK.INF)
CATEGORY=
TIE_UP=
XOR_KEY=
SYNCHRO_KEY=
RELEASE=2015/05/06
RUN_ORDER=067
CMD=
DECODE=0
DECODE_TYPE=
DECODE_GET=
IEXPRESS=0
IEXPRESS_LIST=
IEXPRESS_CMD=
PREVIOUS_SP=
COMMENT=

[KB3187754]
TITLE=Security Update for Windows 8.1 for x64-based Systems (KB3187754)
INFO=http://support.microsoft.com/kb/3187754
FILE=http://download.windowsupdate.com/c/msdownload/update/software/secu/2016/09/windows8.1-kb3187754-v2-x64_c366213d75966aea5d86070919f0b715f7dd7856.msu
RENAME=windows8.1-kb3187754-v2-x64.msu
SIZE=4243585
TYPE=HOTFIX(SVCPACK.INF)
CATEGORY=
TIE_UP=
XOR_KEY=
SYNCHRO_KEY=
RELEASE=2016/09/09
RUN_ORDER=068
CMD=
DECODE=0
DECODE_TYPE=
DECODE_GET=
IEXPRESS=0
IEXPRESS_LIST=
IEXPRESS_CMD=
PREVIOUS_SP=
COMMENT=

[KB3138962]
TITLE=Security Update for Windows 8.1 for x64-based Systems (KB3138962)
INFO=http://support.microsoft.com/kb/3138962
FILE=http://download.windowsupdate.com/c/msdownload/update/software/secu/2016/02/windows8.1-kb3138962-x64_c8a6fea425446cd1c6d140b86e7c5d9c3d914b56.msu
RENAME=windows8.1-kb3138962-x64.msu
SIZE=14987744
TYPE=HOTFIX(SVCPACK.INF)
CATEGORY=
TIE_UP=
XOR_KEY=
SYNCHRO_KEY=
RELEASE=2016/02/18
RUN_ORDER=069
CMD=
DECODE=0
DECODE_TYPE=
DECODE_GET=
IEXPRESS=0
IEXPRESS_LIST=
IEXPRESS_CMD=
PREVIOUS_SP=
COMMENT=

[KB3115224]
TITLE=Update for Windows 8.1 for x64-based Systems (KB3115224)
INFO=http://support.microsoft.com/kb/3115224
FILE=http://download.windowsupdate.com/c/msdownload/update/software/updt/2016/03/windows8.1-kb3115224-v2-x64_1afbc3e96ec234b79cf559344285e16741d49a4b.msu
RENAME=windows8.1-kb3115224-v2-x64.msu
SIZE=13888878
TYPE=HOTFIX(SVCPACK.INF)
CATEGORY=
TIE_UP=
XOR_KEY=
SYNCHRO_KEY=
RELEASE=2016/03/03
RUN_ORDER=070
CMD=
DECODE=0
DECODE_TYPE=
DECODE_GET=
IEXPRESS=0
IEXPRESS_LIST=
IEXPRESS_CMD=
PREVIOUS_SP=
COMMENT=

[KB3099834]
TITLE=Update for Windows 8.1 for x64-based Systems (KB3099834)
INFO=http://support.microsoft.com/kb/3099834
FILE=http://download.windowsupdate.com/d/msdownload/update/software/updt/2015/11/windows8.1-kb3099834-x64_d678a7816b54ef327e05cbdfc1a992786294aae4.msu
RENAME=windows8.1-kb3099834-x64.msu
SIZE=254553
TYPE=HOTFIX(SVCPACK.INF)
CATEGORY=
TIE_UP=
XOR_KEY=
SYNCHRO_KEY=
RELEASE=2015/11/06
RUN_ORDER=071
CMD=
DECODE=0
DECODE_TYPE=
DECODE_GET=
IEXPRESS=0
IEXPRESS_LIST=
IEXPRESS_CMD=
PREVIOUS_SP=
COMMENT=

[KB3013172]
TITLE=Update for Windows 8.1 for x64-based Systems (KB3013172)
INFO=http://support.microsoft.com/kb/3013172
FILE=http://download.windowsupdate.com/c/msdownload/update/software/updt/2015/03/windows8.1-kb3013172-x64_e88e5a9796ea3b09d0790e5d9170eff9127956b3.msu
RENAME=windows8.1-kb3013172-x64.msu
SIZE=266573
TYPE=HOTFIX(SVCPACK.INF)
CATEGORY=
TIE_UP=
XOR_KEY=
SYNCHRO_KEY=
RELEASE=2015/03/04
RUN_ORDER=072
CMD=
DECODE=0
DECODE_TYPE=
DECODE_GET=
IEXPRESS=0
IEXPRESS_LIST=
IEXPRESS_CMD=
PREVIOUS_SP=
COMMENT=

[KB3027209]
TITLE=Update for Windows 8.1 for x64-based Systems (KB3027209)
INFO=http://support.microsoft.com/kb/3027209
FILE=http://download.windowsupdate.com/c/msdownload/update/software/updt/2015/03/windows8.1-kb3027209-x64_1a634bf488f4b00b0f800fe0b33b9d9b1da389ca.msu
RENAME=windows8.1-kb3027209-x64.msu
SIZE=2381834
TYPE=HOTFIX(SVCPACK.INF)
CATEGORY=
TIE_UP=
XOR_KEY=
SYNCHRO_KEY=
RELEASE=2015/03/04
RUN_ORDER=073
CMD=
DECODE=0
DECODE_TYPE=
DECODE_GET=
IEXPRESS=0
IEXPRESS_LIST=
IEXPRESS_CMD=
PREVIOUS_SP=
COMMENT=

[KB3179574]
TITLE=Update for Windows 8.1 for x64-based Systems (KB3179574)
INFO=http://support.microsoft.com/kb/3179574
FILE=http://download.windowsupdate.com/d/msdownload/update/software/updt/2016/08/windows8.1-kb3179574-x64_f0a5e2ff991aec5e6978aa808f287f1b21195d6e.msu
RENAME=windows8.1-kb3179574-x64.msu
SIZE=30041651
TYPE=HOTFIX(SVCPACK.INF)
CATEGORY=
TIE_UP=
XOR_KEY=
SYNCHRO_KEY=
RELEASE=2016/08/10
RUN_ORDER=074
CMD=
DECODE=0
DECODE_TYPE=
DECODE_GET=
IEXPRESS=0
IEXPRESS_LIST=
IEXPRESS_CMD=
PREVIOUS_SP=
COMMENT=

[KB3146751]
TITLE=Update for Windows 8.1 for x64-based Systems (KB3146751)
INFO=http://support.microsoft.com/kb/3146751
FILE=http://download.windowsupdate.com/d/msdownload/update/software/updt/2016/04/windows8.1-kb3146751-x64_e4ef9c374e5474289e69951dd2a5d8745730b97a.msu
RENAME=windows8.1-kb3146751-x64.msu
SIZE=337333
TYPE=HOTFIX(SVCPACK.INF)
CATEGORY=
TIE_UP=
XOR_KEY=
SYNCHRO_KEY=
RELEASE=2016/04/15
RUN_ORDER=075
CMD=
DECODE=0
DECODE_TYPE=
DECODE_GET=
IEXPRESS=0
IEXPRESS_LIST=
IEXPRESS_CMD=
PREVIOUS_SP=
COMMENT=

[KB3054256]
TITLE=Update for Windows 8.1 for x64-based Systems (KB3054256)
INFO=http://support.microsoft.com/kb/3054256
FILE=http://download.windowsupdate.com/d/msdownload/update/software/updt/2015/06/windows8.1-kb3054256-v2-x64_8d35852f37834e4d60fe5cd52b1c1ff145913185.msu
RENAME=windows8.1-kb3054256-v2-x64.msu
SIZE=1677254
TYPE=HOTFIX(SVCPACK.INF)
CATEGORY=
TIE_UP=
XOR_KEY=
SYNCHRO_KEY=
RELEASE=2015/06/03
RUN_ORDER=076
CMD=
DECODE=0
DECODE_TYPE=
DECODE_GET=
IEXPRESS=0
IEXPRESS_LIST=
IEXPRESS_CMD=
PREVIOUS_SP=
COMMENT=

[KB3140185]
TITLE=Update for Windows 8.1 for x64-based Systems (KB3140185)
INFO=http://support.microsoft.com/kb/3140185
FILE=http://download.windowsupdate.com/d/msdownload/update/software/updt/2016/03/windows8.1-kb3140185-x64_71f87186db842b0926d71f716eebaae3c112a75b.msu
RENAME=windows8.1-kb3140185-x64.msu
SIZE=456107
TYPE=HOTFIX(SVCPACK.INF)
CATEGORY=
TIE_UP=
XOR_KEY=
SYNCHRO_KEY=
RELEASE=2016/03/07
RUN_ORDER=077
CMD=
DECODE=0
DECODE_TYPE=
DECODE_GET=
IEXPRESS=0
IEXPRESS_LIST=
IEXPRESS_CMD=
PREVIOUS_SP=
COMMENT=

[KB3139914]
TITLE=Security Update for Windows 8.1 for x64-based Systems (KB3139914)
INFO=http://support.microsoft.com/kb/3139914
FILE=http://download.windowsupdate.com/d/msdownload/update/software/secu/2016/02/windows8.1-kb3139914-x64_c0ed0734cde5d1eddcc7ad0632eb539e766a9e93.msu
RENAME=windows8.1-kb3139914-x64.msu
SIZE=218542
TYPE=HOTFIX(SVCPACK.INF)
CATEGORY=
TIE_UP=
XOR_KEY=
SYNCHRO_KEY=
RELEASE=2016/02/18
RUN_ORDER=078
CMD=
DECODE=0
DECODE_TYPE=
DECODE_GET=
IEXPRESS=0
IEXPRESS_LIST=
IEXPRESS_CMD=
PREVIOUS_SP=
COMMENT=

[KB3082089]
TITLE=Security Update for Windows 8.1 for x64-based Systems (KB3082089)
INFO=http://support.microsoft.com/kb/3082089
FILE=http://download.windowsupdate.com/d/msdownload/update/software/secu/2015/08/windows8.1-kb3082089-x64_6fa26cce09c1c0a7e6d5e1c6d907d6790712ab19.msu
RENAME=windows8.1-kb3082089-x64.msu
SIZE=3304825
TYPE=HOTFIX(SVCPACK.INF)
CATEGORY=
TIE_UP=
XOR_KEY=
SYNCHRO_KEY=
RELEASE=2015/08/19
RUN_ORDER=079
CMD=
DECODE=0
DECODE_TYPE=
DECODE_GET=
IEXPRESS=0
IEXPRESS_LIST=
IEXPRESS_CMD=
PREVIOUS_SP=
COMMENT=

[KB3103616]
TITLE=Update for Windows 8.1 for x64-based Systems (KB3103616)
INFO=http://support.microsoft.com/kb/3103616
FILE=http://download.windowsupdate.com/d/msdownload/update/software/updt/2016/04/windows8.1-kb3103616-x64_47c83b90c4d58df92b1cde6eea747a424eafae96.msu
RENAME=windows8.1-kb3103616-x64.msu
SIZE=368104
TYPE=HOTFIX(SVCPACK.INF)
CATEGORY=
TIE_UP=
XOR_KEY=
SYNCHRO_KEY=
RELEASE=2016/04/15
RUN_ORDER=080
CMD=
DECODE=0
DECODE_TYPE=
DECODE_GET=
IEXPRESS=0
IEXPRESS_LIST=
IEXPRESS_CMD=
PREVIOUS_SP=
COMMENT=

[KB3185319]
TITLE=Cumulative Security Update for Internet Explorer 11 for Windows 8.1 for x64-based Systems (KB3185319)
INFO=http://support.microsoft.com/kb/3185319
FILE=http://download.windowsupdate.com/d/msdownload/update/software/secu/2016/09/windows8.1-kb3185319-v2-x64_6ce24a8b573ac6df70e942674b6afc8d26d7471b.msu
RENAME=windows8.1-kb3185319-v2-x64.msu
SIZE=56535943
TYPE=HOTFIX(SVCPACK.INF)
CATEGORY=
TIE_UP=
XOR_KEY=KB4537767
SYNCHRO_KEY=
RELEASE=2016/09/08
RUN_ORDER=081
CMD=
DECODE=0
DECODE_TYPE=
DECODE_GET=
IEXPRESS=0
IEXPRESS_LIST=
IEXPRESS_CMD=
PREVIOUS_SP=
COMMENT=

[KB3100473]
TITLE=Update for Windows 8.1 for x64-based Systems (KB3100473)
INFO=http://support.microsoft.com/kb/3100473
FILE=http://download.windowsupdate.com/c/msdownload/update/software/updt/2016/03/windows8.1-kb3100473-x64_ee270dd02c0a47ba7096f5ec954115168b0963b2.msu
RENAME=windows8.1-kb3100473-x64.msu
SIZE=2067153
TYPE=HOTFIX(SVCPACK.INF)
CATEGORY=
TIE_UP=
XOR_KEY=
SYNCHRO_KEY=
RELEASE=2016/03/07
RUN_ORDER=082
CMD=
DECODE=0
DECODE_TYPE=
DECODE_GET=
IEXPRESS=0
IEXPRESS_LIST=
IEXPRESS_CMD=
PREVIOUS_SP=
COMMENT=

[KB3030947]
TITLE=Update for Windows 8.1 for x64-based Systems (KB3030947)
INFO=http://support.microsoft.com/kb/3030947
FILE=http://download.windowsupdate.com/c/msdownload/update/software/updt/2015/03/windows8.1-kb3030947-x64_eaf388eb46ab5c991b2cea47d2d0f46114007e2b.msu
RENAME=windows8.1-kb3030947-x64.msu
SIZE=4235887
TYPE=HOTFIX(SVCPACK.INF)
CATEGORY=
TIE_UP=
XOR_KEY=
SYNCHRO_KEY=
RELEASE=2015/03/04
RUN_ORDER=083
CMD=
DECODE=0
DECODE_TYPE=
DECODE_GET=
IEXPRESS=0
IEXPRESS_LIST=
IEXPRESS_CMD=
PREVIOUS_SP=
COMMENT=

[KB3076949]
TITLE=Security Update for Windows 8.1 for x64-based Systems (KB3076949)
INFO=http://support.microsoft.com/kb/3076949
FILE=http://download.windowsupdate.com/d/msdownload/update/software/secu/2015/07/windows8.1-kb3076949-x64_b9fae4cfc9e1b64b612bf9844119ed40747a2db6.msu
RENAME=windows8.1-kb3076949-x64.msu
SIZE=496400
TYPE=HOTFIX(SVCPACK.INF)
CATEGORY=
TIE_UP=
XOR_KEY=
SYNCHRO_KEY=
RELEASE=2015/07/22
RUN_ORDER=084
CMD=
DECODE=0
DECODE_TYPE=
DECODE_GET=
IEXPRESS=0
IEXPRESS_LIST=
IEXPRESS_CMD=
PREVIOUS_SP=
COMMENT=

[KB3045755]
TITLE=Security Update for Windows 8.1 for x64-based Systems (KB3045755)
INFO=http://support.microsoft.com/kb/3045755
FILE=http://download.windowsupdate.com/d/msdownload/update/software/secu/2015/03/windows8.1-kb3045755-x64_8f5c3fda0d47b8217751ea17761a5c0be847841e.msu
RENAME=windows8.1-kb3045755-x64.msu
SIZE=405159
TYPE=HOTFIX(SVCPACK.INF)
CATEGORY=
TIE_UP=
XOR_KEY=
SYNCHRO_KEY=
RELEASE=2015/03/23
RUN_ORDER=085
CMD=
DECODE=0
DECODE_TYPE=
DECODE_GET=
IEXPRESS=0
IEXPRESS_LIST=
IEXPRESS_CMD=
PREVIOUS_SP=
COMMENT=

[KB3060793]
TITLE=Update for Windows 8.1 for x64-based Systems (KB3060793)
INFO=http://support.microsoft.com/kb/3060793
FILE=http://download.windowsupdate.com/d/msdownload/update/software/updt/2015/06/windows8.1-kb3060793-x64_ea4b15443766fdc39c31822b0ad9dcd9dac26975.msu
RENAME=windows8.1-kb3060793-x64.msu
SIZE=248073
TYPE=HOTFIX(SVCPACK.INF)
CATEGORY=
TIE_UP=
XOR_KEY=
SYNCHRO_KEY=
RELEASE=2015/06/03
RUN_ORDER=086
CMD=
DECODE=0
DECODE_TYPE=
DECODE_GET=
IEXPRESS=0
IEXPRESS_LIST=
IEXPRESS_CMD=
PREVIOUS_SP=
COMMENT=

[KB3146604]
TITLE=Update for Windows 8.1 for x64-based Systems (KB3146604)
INFO=http://support.microsoft.com/kb/3146604
FILE=http://download.windowsupdate.com/d/msdownload/update/software/updt/2016/04/windows8.1-kb3146604-x64_f435966967d258fc468c497a3e89b2b85e689ff1.msu
RENAME=windows8.1-kb3146604-x64.msu
SIZE=980506
TYPE=HOTFIX(SVCPACK.INF)
CATEGORY=
TIE_UP=
XOR_KEY=
SYNCHRO_KEY=
RELEASE=2016/04/15
RUN_ORDER=087
CMD=
DECODE=0
DECODE_TYPE=
DECODE_GET=
IEXPRESS=0
IEXPRESS_LIST=
IEXPRESS_CMD=
PREVIOUS_SP=
COMMENT=

[KB3103709]
TITLE=Update for Windows 8.1 for x64-based Systems (KB3103709)
INFO=http://support.microsoft.com/kb/3103709
FILE=http://download.windowsupdate.com/c/msdownload/update/software/updt/2016/04/windows8.1-kb3103709-v2-x64_3fe377dbcf3dd2fac9916e4bb741f490e105bafe.msu
RENAME=windows8.1-kb3103709-v2-x64.msu
SIZE=1716806
TYPE=HOTFIX(SVCPACK.INF)
CATEGORY=
TIE_UP=
XOR_KEY=
SYNCHRO_KEY=
RELEASE=2016/04/15
RUN_ORDER=088
CMD=
DECODE=0
DECODE_TYPE=
DECODE_GET=
IEXPRESS=0
IEXPRESS_LIST=
IEXPRESS_CMD=
PREVIOUS_SP=
COMMENT=

[KB3088195]
TITLE=Security Update for Windows 8.1 for x64-based Systems (KB3088195)
INFO=http://support.microsoft.com/kb/3088195
FILE=http://download.windowsupdate.com/c/msdownload/update/software/secu/2015/09/windows8.1-kb3088195-x64_ebe03f9af97a0ca82001b8bd1a2fa0ec23ca3c00.msu
RENAME=windows8.1-kb3088195-x64.msu
SIZE=6921186
TYPE=HOTFIX(SVCPACK.INF)
CATEGORY=
TIE_UP=
XOR_KEY=
SYNCHRO_KEY=
RELEASE=2015/09/30
RUN_ORDER=089
CMD=
DECODE=0
DECODE_TYPE=
DECODE_GET=
IEXPRESS=0
IEXPRESS_LIST=
IEXPRESS_CMD=
PREVIOUS_SP=
COMMENT=

[KB3042085]
TITLE=Update for Windows 8.1 for x64-based Systems (KB3042085)
INFO=http://support.microsoft.com/kb/3042085
FILE=http://download.windowsupdate.com/c/msdownload/update/software/updt/2015/03/windows8.1-kb3042085-v2-x64_438dacab2be16a8c080b86c66f4958de00557f7f.msu
RENAME=windows8.1-kb3042085-v2-x64.msu
SIZE=493064
TYPE=HOTFIX(SVCPACK.INF)
CATEGORY=
TIE_UP=
XOR_KEY=
SYNCHRO_KEY=
RELEASE=2015/03/20
RUN_ORDER=090
CMD=
DECODE=0
DECODE_TYPE=
DECODE_GET=
IEXPRESS=0
IEXPRESS_LIST=
IEXPRESS_CMD=
PREVIOUS_SP=
COMMENT=

[KB3115858]
TITLE=Security Update for Windows 8.1 for x64-based Systems (KB3115858)
INFO=http://support.microsoft.com/kb/3115858
FILE=http://download.windowsupdate.com/c/msdownload/update/software/secu/2016/01/windows8.1-kb3115858-x64_a46dade6b4dd319b5a1fd6bcff789a69f621c814.msu
RENAME=windows8.1-kb3115858-x64.msu
SIZE=4922815
TYPE=HOTFIX(SVCPACK.INF)
CATEGORY=
TIE_UP=
XOR_KEY=
SYNCHRO_KEY=
RELEASE=2016/01/20
RUN_ORDER=091
CMD=
DECODE=0
DECODE_TYPE=
DECODE_GET=
IEXPRESS=0
IEXPRESS_LIST=
IEXPRESS_CMD=
PREVIOUS_SP=
COMMENT=

[KB3045999]
TITLE=Security Update for Windows 8.1 for x64-based Systems (KB3045999)
INFO=http://support.microsoft.com/kb/3045999
FILE=http://download.windowsupdate.com/c/msdownload/update/software/secu/2015/03/windows8.1-kb3045999-x64_24d58ec9a3369bf798cb8353d8d6055107966c06.msu
RENAME=windows8.1-kb3045999-x64.msu
SIZE=6119981
TYPE=HOTFIX(SVCPACK.INF)
CATEGORY=
TIE_UP=
XOR_KEY=
SYNCHRO_KEY=
RELEASE=2015/03/26
RUN_ORDER=092
CMD=
DECODE=0
DECODE_TYPE=
DECODE_GET=
IEXPRESS=0
IEXPRESS_LIST=
IEXPRESS_CMD=
PREVIOUS_SP=
COMMENT=

[KB3133690]
TITLE=Update for Windows 8.1 for x64-based Systems (KB3133690)
INFO=http://support.microsoft.com/kb/3133690
FILE=http://download.windowsupdate.com/d/msdownload/update/software/updt/2016/03/windows8.1-kb3133690-x64_97414f60779d3d1f15ca1779bd27fd1762bfaad5.msu
RENAME=windows8.1-kb3133690-x64.msu
SIZE=266977
TYPE=HOTFIX(SVCPACK.INF)
CATEGORY=
TIE_UP=
XOR_KEY=
SYNCHRO_KEY=
RELEASE=2016/03/03
RUN_ORDER=093
CMD=
DECODE=0
DECODE_TYPE=
DECODE_GET=
IEXPRESS=0
IEXPRESS_LIST=
IEXPRESS_CMD=
PREVIOUS_SP=
COMMENT=64bitのみ

[KB3155178]
TITLE=Security Update for Windows 8.1 for x64-based Systems (KB3155178)
INFO=http://support.microsoft.com/kb/3155178
FILE=http://download.windowsupdate.com/d/msdownload/update/software/secu/2016/04/windows8.1-kb3155178-x64_abbf2c12e11224df2593383ec1f032f2ab846910.msu
RENAME=windows8.1-kb3155178-x64.msu
SIZE=2878722
TYPE=HOTFIX(SVCPACK.INF)
CATEGORY=
TIE_UP=
XOR_KEY=
SYNCHRO_KEY=
RELEASE=2016/04/21
RUN_ORDER=094
CMD=
DECODE=0
DECODE_TYPE=
DECODE_GET=
IEXPRESS=0
IEXPRESS_LIST=
IEXPRESS_CMD=
PREVIOUS_SP=
COMMENT=

[KB4462930]
TITLE=Update for Adobe Flash Player for Windows 8.1 for x64-based Systems (KB4462930)
INFO=http://support.microsoft.com/kb/4462930
FILE=http://download.windowsupdate.com/d/msdownload/update/software/updt/2018/10/windows8.1-kb4462930-x64_bbaadf6e2537a54b7b277ab8349dfd1b7aa354c8.msu
RENAME=windows8.1-kb4462930-x64.msu
SIZE=21903276
TYPE=HOTFIX(SVCPACK.INF)
CATEGORY=
TIE_UP=
XOR_KEY=
SYNCHRO_KEY=
RELEASE=2018/10/05
RUN_ORDER=095
CMD=
DECODE=0
DECODE_TYPE=
DECODE_GET=
IEXPRESS=0
IEXPRESS_LIST=
IEXPRESS_CMD=
PREVIOUS_SP=
COMMENT=

[KB3147071]
TITLE=Update for Windows 8.1 for x64-based Systems (KB3147071)
INFO=http://support.microsoft.com/kb/3147071
FILE=http://download.windowsupdate.com/c/msdownload/update/software/updt/2016/03/windows8.1-kb3147071-x64_1c0f181c6c3b716477b00d6946f750b81fd0766c.msu
RENAME=windows8.1-kb3147071-x64.msu
SIZE=13951613
TYPE=HOTFIX(SVCPACK.INF)
CATEGORY=
TIE_UP=
XOR_KEY=
SYNCHRO_KEY=
RELEASE=2016/03/23
RUN_ORDER=096
CMD=
DECODE=0
DECODE_TYPE=
DECODE_GET=
IEXPRESS=0
IEXPRESS_LIST=
IEXPRESS_CMD=
PREVIOUS_SP=
COMMENT=

[KB3034348]
TITLE=Update for Windows 8.1 for x64-based Systems (KB3034348)
INFO=http://support.microsoft.com/kb/3034348
FILE=http://download.windowsupdate.com/d/msdownload/update/software/updt/2015/10/windows8.1-kb3034348-v3-x64_db3543dc23c9f12b06edfa5c89da9773bdd44576.msu
RENAME=windows8.1-kb3034348-v3-x64.msu
SIZE=3641578
TYPE=HOTFIX(SVCPACK.INF)
CATEGORY=
TIE_UP=
XOR_KEY=
SYNCHRO_KEY=
RELEASE=2015/10/08
RUN_ORDER=097
CMD=
DECODE=0
DECODE_TYPE=
DECODE_GET=
IEXPRESS=0
IEXPRESS_LIST=
IEXPRESS_CMD=
PREVIOUS_SP=
COMMENT=

[KB3126030]
TITLE=Update for Windows 8.1 for x64-based Systems (KB3126030)
INFO=http://support.microsoft.com/kb/3126030
FILE=http://download.windowsupdate.com/c/msdownload/update/software/updt/2016/02/windows8.1-kb3126030-x64_abf97070f2320cc81a74f1370f232247ad8fa01d.msu
RENAME=windows8.1-kb3126030-x64.msu
SIZE=397650
TYPE=HOTFIX(SVCPACK.INF)
CATEGORY=
TIE_UP=
XOR_KEY=
SYNCHRO_KEY=
RELEASE=2016/02/09
RUN_ORDER=098
CMD=
DECODE=0
DECODE_TYPE=
DECODE_GET=
IEXPRESS=0
IEXPRESS_LIST=
IEXPRESS_CMD=
PREVIOUS_SP=
COMMENT=

[KB3044673]
TITLE=Update for Windows 8.1 for x64-based Systems (KB3044673)
INFO=http://support.microsoft.com/kb/3044673
FILE=http://download.windowsupdate.com/c/msdownload/update/software/updt/2015/04/windows8.1-kb3044673-v2-x64_1cd933a765e5ca4237b01f864d9d9e7766af3a20.msu
RENAME=windows8.1-kb3044673-v2-x64.msu
SIZE=436548
TYPE=HOTFIX(SVCPACK.INF)
CATEGORY=
TIE_UP=
XOR_KEY=
SYNCHRO_KEY=
RELEASE=2015/04/11
RUN_ORDER=099
CMD=
DECODE=0
DECODE_TYPE=
DECODE_GET=
IEXPRESS=0
IEXPRESS_LIST=
IEXPRESS_CMD=
PREVIOUS_SP=
COMMENT=

[KB3055323]
TITLE=Update for Windows 8.1 for x64-based Systems (KB3055323)
INFO=http://support.microsoft.com/kb/3055323
FILE=http://download.windowsupdate.com/d/msdownload/update/software/updt/2015/05/windows8.1-kb3055323-x64_3ac1b01efc9ed1941e485e93e3c1f41a9ef3fb15.msu
RENAME=windows8.1-kb3055323-x64.msu
SIZE=341600
TYPE=HOTFIX(SVCPACK.INF)
CATEGORY=
TIE_UP=
XOR_KEY=
SYNCHRO_KEY=
RELEASE=2015/05/06
RUN_ORDER=100
CMD=
DECODE=0
DECODE_TYPE=
DECODE_GET=
IEXPRESS=0
IEXPRESS_LIST=
IEXPRESS_CMD=
PREVIOUS_SP=
COMMENT=

[KB3140222]
TITLE=Update for Windows 8.1 for x64-based Systems (KB3140222)
INFO=http://support.microsoft.com/kb/3140222
FILE=http://download.windowsupdate.com/d/msdownload/update/software/updt/2016/03/windows8.1-kb3140222-x64_7f6352e213e20a3b6192c51a011b72ec418cea8e.msu
RENAME=windows8.1-kb3140222-x64.msu
SIZE=1478820
TYPE=HOTFIX(SVCPACK.INF)
CATEGORY=
TIE_UP=
XOR_KEY=
SYNCHRO_KEY=
RELEASE=2016/03/03
RUN_ORDER=101
CMD=
DECODE=0
DECODE_TYPE=
DECODE_GET=
IEXPRESS=0
IEXPRESS_LIST=
IEXPRESS_CMD=
PREVIOUS_SP=
COMMENT=

[KB3023266]
TITLE=Security Update for Windows 8.1 for x64-based Systems (KB3023266)
INFO=http://support.microsoft.com/kb/3023266
FILE=http://download.windowsupdate.com/d/msdownload/update/software/secu/2015/01/windows8.1-kb3023266-x64_a799d527b608a6e94138b0a93a6255748c09049a.msu
RENAME=windows8.1-kb3023266-x64.msu
SIZE=237155
TYPE=HOTFIX(SVCPACK.INF)
CATEGORY=
TIE_UP=
XOR_KEY=
SYNCHRO_KEY=
RELEASE=2015/01/02
RUN_ORDER=102
CMD=
DECODE=0
DECODE_TYPE=
DECODE_GET=
IEXPRESS=0
IEXPRESS_LIST=
IEXPRESS_CMD=
PREVIOUS_SP=
COMMENT=

[KB3138602]
TITLE=Update for Windows 8.1 for x64-based Systems (KB3138602)
INFO=http://support.microsoft.com/kb/3138602
FILE=http://download.windowsupdate.com/d/msdownload/update/software/updt/2016/03/windows8.1-kb3138602-v2-x64_234d0799fd33a5ee007d58f862fe8f4e2d3f46be.msu
RENAME=windows8.1-kb3138602-v2-x64.msu
SIZE=31734977
TYPE=HOTFIX(SVCPACK.INF)
CATEGORY=
TIE_UP=
XOR_KEY=
SYNCHRO_KEY=
RELEASE=2016/03/04
RUN_ORDER=103
CMD=
DECODE=0
DECODE_TYPE=
DECODE_GET=
IEXPRESS=0
IEXPRESS_LIST=
IEXPRESS_CMD=
PREVIOUS_SP=
COMMENT=

[KB3013791]
TITLE=Update for Windows 8.1 for x64-based Systems (KB3013791)
INFO=http://support.microsoft.com/kb/3013791
FILE=http://download.windowsupdate.com/d/msdownload/update/software/updt/2015/06/windows8.1-kb3013791-x64_3f60476f80959e9b928ae97101a8376a3a53ecc7.msu
RENAME=windows8.1-kb3013791-x64.msu
SIZE=376036
TYPE=HOTFIX(SVCPACK.INF)
CATEGORY=
TIE_UP=
XOR_KEY=
SYNCHRO_KEY=
RELEASE=2015/06/03
RUN_ORDER=104
CMD=
DECODE=0
DECODE_TYPE=
DECODE_GET=
IEXPRESS=0
IEXPRESS_LIST=
IEXPRESS_CMD=
PREVIOUS_SP=
COMMENT=

[KB3019978]
TITLE=Security Update for Windows 8.1 for x64-based Systems (KB3019978)
INFO=http://support.microsoft.com/kb/3019978
FILE=http://download.windowsupdate.com/c/msdownload/update/software/secu/2015/01/windows8.1-kb3019978-x64_80f7b7e16ab31192c6a75ab632db254df8c83a2e.msu
RENAME=windows8.1-kb3019978-x64.msu
SIZE=242760
TYPE=HOTFIX(SVCPACK.INF)
CATEGORY=
TIE_UP=
XOR_KEY=
SYNCHRO_KEY=
RELEASE=2015/01/07
RUN_ORDER=105
CMD=
DECODE=0
DECODE_TYPE=
DECODE_GET=
IEXPRESS=0
IEXPRESS_LIST=
IEXPRESS_CMD=
PREVIOUS_SP=
COMMENT=

[KB3045717]
TITLE=Update for Windows 8.1 for x64-based Systems (KB3045717)
INFO=http://support.microsoft.com/kb/3045717
FILE=http://download.windowsupdate.com/d/msdownload/update/software/updt/2015/04/windows8.1-kb3045717-x64_d7419aac2ed4ad6ad2a45c117d2076b8f6896fac.msu
RENAME=windows8.1-kb3045717-x64.msu
SIZE=1486951
TYPE=HOTFIX(SVCPACK.INF)
CATEGORY=
TIE_UP=
XOR_KEY=
SYNCHRO_KEY=
RELEASE=2015/04/12
RUN_ORDER=106
CMD=
DECODE=0
DECODE_TYPE=
DECODE_GET=
IEXPRESS=0
IEXPRESS_LIST=
IEXPRESS_CMD=
PREVIOUS_SP=
COMMENT=

[KB3054169]
TITLE=Update for Windows 8.1 for x64-based Systems (KB3054169)
INFO=http://support.microsoft.com/kb/3054169
FILE=http://download.windowsupdate.com/d/msdownload/update/software/updt/2015/04/windows8.1-kb3054169-x64_0c13f211ca4f9c160793b35ce12c347031fbf18f.msu
RENAME=windows8.1-kb3054169-x64.msu
SIZE=3274433
TYPE=HOTFIX(SVCPACK.INF)
CATEGORY=
TIE_UP=
XOR_KEY=
SYNCHRO_KEY=
RELEASE=2015/04/22
RUN_ORDER=107
CMD=
DECODE=0
DECODE_TYPE=
DECODE_GET=
IEXPRESS=0
IEXPRESS_LIST=
IEXPRESS_CMD=
PREVIOUS_SP=
COMMENT=

[KB3140219]
TITLE=Update for Windows 8.1 for x64-based Systems (KB3140219)
INFO=http://support.microsoft.com/kb/3140219
FILE=http://download.windowsupdate.com/d/msdownload/update/software/updt/2016/03/windows8.1-kb3140219-x64_cad58ff88e2ee39c56fc8dca2e97cc0e19519398.msu
RENAME=windows8.1-kb3140219-x64.msu
SIZE=247053
TYPE=HOTFIX(SVCPACK.INF)
CATEGORY=
TIE_UP=
XOR_KEY=
SYNCHRO_KEY=
RELEASE=2016/03/07
RUN_ORDER=108
CMD=
DECODE=0
DECODE_TYPE=
DECODE_GET=
IEXPRESS=0
IEXPRESS_LIST=
IEXPRESS_CMD=
PREVIOUS_SP=
COMMENT=

[KB3029606]
TITLE=Update for Windows 8.1 for x64-based Systems (KB3029606)
INFO=http://support.microsoft.com/kb/3029606
FILE=http://download.windowsupdate.com/d/msdownload/update/software/updt/2015/06/windows8.1-kb3029606-v2-x64_cd41d1a028f621a663743d0172e057457e485871.msu
RENAME=windows8.1-kb3029606-v2-x64.msu
SIZE=891750
TYPE=HOTFIX(SVCPACK.INF)
CATEGORY=
TIE_UP=
XOR_KEY=
SYNCHRO_KEY=
RELEASE=2015/06/03
RUN_ORDER=109
CMD=
DECODE=0
DECODE_TYPE=
DECODE_GET=
IEXPRESS=0
IEXPRESS_LIST=
IEXPRESS_CMD=
PREVIOUS_SP=
COMMENT=

[KB3134815]
TITLE=Update for Windows 8.1 for x64-based Systems (KB3134815)
INFO=http://support.microsoft.com/kb/3134815
FILE=http://download.windowsupdate.com/c/msdownload/update/software/updt/2016/02/windows8.1-kb3134815-x64_d2a194230bd97a046fcc69d418a5f5ee804bd812.msu
RENAME=windows8.1-kb3134815-x64.msu
SIZE=371944
TYPE=HOTFIX(SVCPACK.INF)
CATEGORY=
TIE_UP=
XOR_KEY=
SYNCHRO_KEY=
RELEASE=2016/02/09
RUN_ORDER=110
CMD=
DECODE=0
DECODE_TYPE=
DECODE_GET=
IEXPRESS=0
IEXPRESS_LIST=
IEXPRESS_CMD=
PREVIOUS_SP=
COMMENT=

[KB3071756]
TITLE=Security Update for Windows 8.1 for x64-based Systems (KB3071756)
INFO=http://support.microsoft.com/kb/3071756
FILE=http://download.windowsupdate.com/d/msdownload/update/software/secu/2015/07/windows8.1-kb3071756-x64_481757325634850fec6798a4a7dcf67139e72aac.msu
RENAME=windows8.1-kb3071756-x64.msu
SIZE=5836016
TYPE=HOTFIX(SVCPACK.INF)
CATEGORY=
TIE_UP=
XOR_KEY=
SYNCHRO_KEY=
RELEASE=2015/07/22
RUN_ORDER=111
CMD=
DECODE=0
DECODE_TYPE=
DECODE_GET=
IEXPRESS=0
IEXPRESS_LIST=
IEXPRESS_CMD=
PREVIOUS_SP=
COMMENT=

[KB3061512]
TITLE=Security Update for Windows 8.1 for x64-based Systems (KB3061512)
INFO=http://support.microsoft.com/kb/3061512
FILE=http://download.windowsupdate.com/d/msdownload/update/software/secu/2015/06/windows8.1-kb3061512-x64_86b6cd6c5e0ea5670ca37aa97e335653e5a877fc.msu
RENAME=windows8.1-kb3061512-x64.msu
SIZE=219975
TYPE=HOTFIX(SVCPACK.INF)
CATEGORY=
TIE_UP=
XOR_KEY=
SYNCHRO_KEY=
RELEASE=2015/06/24
RUN_ORDER=112
CMD=
DECODE=0
DECODE_TYPE=
DECODE_GET=
IEXPRESS=0
IEXPRESS_LIST=
IEXPRESS_CMD=
PREVIOUS_SP=
COMMENT=

[KB3086255]
TITLE=Security Update for Windows 8.1 for x64-based Systems (KB3086255)
INFO=http://support.microsoft.com/kb/3086255
FILE=http://download.windowsupdate.com/d/msdownload/update/software/secu/2015/08/windows8.1-kb3086255-x64_03590acb15d947eb9a3fc9e4d838ad3d66163844.msu
RENAME=windows8.1-kb3086255-x64.msu
SIZE=223786
TYPE=HOTFIX(SVCPACK.INF)
CATEGORY=
TIE_UP=
XOR_KEY=
SYNCHRO_KEY=
RELEASE=2015/08/26
RUN_ORDER=113
CMD=
DECODE=0
DECODE_TYPE=
DECODE_GET=
IEXPRESS=0
IEXPRESS_LIST=
IEXPRESS_CMD=
PREVIOUS_SP=
COMMENT=

[KB3046737]
TITLE=Update for Windows 8.1 for x64-based Systems (KB3046737)
INFO=http://support.microsoft.com/kb/3046737
FILE=http://download.windowsupdate.com/d/msdownload/update/software/updt/2015/04/windows8.1-kb3046737-x64_962b1223845d7a09b007ce3d653ff31b515e7afc.msu
RENAME=windows8.1-kb3046737-x64.msu
SIZE=297670
TYPE=HOTFIX(SVCPACK.INF)
CATEGORY=
TIE_UP=
XOR_KEY=
SYNCHRO_KEY=
RELEASE=2015/04/11
RUN_ORDER=114
CMD=
DECODE=0
DECODE_TYPE=
DECODE_GET=
IEXPRESS=0
IEXPRESS_LIST=
IEXPRESS_CMD=
PREVIOUS_SP=
COMMENT=

[KB3013538]
TITLE=Update for Windows 8.1 for x64-based Systems (KB3013538)
INFO=http://support.microsoft.com/kb/3013538
FILE=http://download.windowsupdate.com/c/msdownload/update/software/updt/2015/03/windows8.1-kb3013538-x64_25f7a43cce87d510a3067bc9a98263dfddfcf7df.msu
RENAME=windows8.1-kb3013538-x64.msu
SIZE=3912068
TYPE=HOTFIX(SVCPACK.INF)
CATEGORY=
TIE_UP=
XOR_KEY=
SYNCHRO_KEY=
RELEASE=2015/03/04
RUN_ORDER=115
CMD=
DECODE=0
DECODE_TYPE=
DECODE_GET=
IEXPRESS=0
IEXPRESS_LIST=
IEXPRESS_CMD=
PREVIOUS_SP=
COMMENT=

[KB3045634]
TITLE=Update for Windows 8.1 for x64-based Systems (KB3045634)
INFO=http://support.microsoft.com/kb/3045634
FILE=http://download.windowsupdate.com/c/msdownload/update/software/updt/2015/05/windows8.1-kb3045634-x64_ce54c606aef304988656af3399739161e95e34c7.msu
RENAME=windows8.1-kb3045634-x64.msu
SIZE=432274
TYPE=HOTFIX(SVCPACK.INF)
CATEGORY=
TIE_UP=
XOR_KEY=
SYNCHRO_KEY=
RELEASE=2015/05/06
RUN_ORDER=116
CMD=
DECODE=0
DECODE_TYPE=
DECODE_GET=
IEXPRESS=0
IEXPRESS_LIST=
IEXPRESS_CMD=
PREVIOUS_SP=
COMMENT=

[KB3045719]
TITLE=Update for Windows 8.1 for x64-based Systems (KB3045719)
INFO=http://support.microsoft.com/kb/3045719
FILE=http://download.windowsupdate.com/d/msdownload/update/software/updt/2015/04/windows8.1-kb3045719-x64_f1167e6e3f20822886c68fea1aae993d3e4ee40f.msu
RENAME=windows8.1-kb3045719-x64.msu
SIZE=305152
TYPE=HOTFIX(SVCPACK.INF)
CATEGORY=
TIE_UP=
XOR_KEY=
SYNCHRO_KEY=
RELEASE=2015/04/12
RUN_ORDER=117
CMD=
DECODE=0
DECODE_TYPE=
DECODE_GET=
IEXPRESS=0
IEXPRESS_LIST=
IEXPRESS_CMD=
PREVIOUS_SP=
COMMENT=

[KB3046480]
TITLE=Update for Windows 8.1 for x64-based Systems (KB3046480)
INFO=http://support.microsoft.com/kb/3046480
FILE=http://download.windowsupdate.com/d/msdownload/update/software/updt/2015/04/windows8.1-kb3046480-x64_67c5bb2ef1103be7b22dd3ad07bebc4966ca0bb9.msu
RENAME=windows8.1-kb3046480-x64.msu
SIZE=238384
TYPE=HOTFIX(SVCPACK.INF)
CATEGORY=
TIE_UP=
XOR_KEY=
SYNCHRO_KEY=
RELEASE=2015/04/12
RUN_ORDER=118
CMD=
DECODE=0
DECODE_TYPE=
DECODE_GET=
IEXPRESS=0
IEXPRESS_LIST=
IEXPRESS_CMD=
PREVIOUS_SP=
COMMENT=

[KB3080149]
TITLE=Update for Windows 8.1 for x64-based Systems (KB3080149)
INFO=http://support.microsoft.com/kb/3080149
FILE=http://download.windowsupdate.com/d/msdownload/update/software/updt/2015/08/windows8.1-kb3080149-x64_4254355747ba7cf6974bcfe27c4c34a042e3b07e.msu
RENAME=windows8.1-kb3080149-x64.msu
SIZE=1268019
TYPE=HOTFIX(SVCPACK.INF)
CATEGORY=
TIE_UP=
XOR_KEY=
SYNCHRO_KEY=
RELEASE=2015/08/14
RUN_ORDER=119
CMD=
DECODE=0
DECODE_TYPE=
DECODE_GET=
IEXPRESS=0
IEXPRESS_LIST=
IEXPRESS_CMD=
PREVIOUS_SP=
COMMENT=

[KB3031044]
TITLE=Update for Windows 8.1 for x64-based Systems (KB3031044)
INFO=http://support.microsoft.com/kb/3031044
FILE=http://download.windowsupdate.com/c/msdownload/update/software/crup/2015/01/windows8.1-kb3031044-x64_f2fd2564014053504204e41f2d3417b4213eeb5c.msu
RENAME=windows8.1-kb3031044-x64.msu
SIZE=196788
TYPE=HOTFIX(SVCPACK.INF)
CATEGORY=
TIE_UP=
XOR_KEY=
SYNCHRO_KEY=
RELEASE=2015/01/10
RUN_ORDER=120
CMD=
DECODE=0
DECODE_TYPE=
DECODE_GET=
IEXPRESS=0
IEXPRESS_LIST=
IEXPRESS_CMD=
PREVIOUS_SP=
COMMENT=

[KB3091297]
TITLE=Update for Windows 8.1 for x64-based Systems (KB3091297)
INFO=http://support.microsoft.com/kb/3091297
FILE=http://download.windowsupdate.com/c/msdownload/update/software/updt/2015/10/windows8.1-kb3091297-x64_49600c408453f30878057587b8ccaebfede637ab.msu
RENAME=windows8.1-kb3091297-x64.msu
SIZE=373575
TYPE=HOTFIX(SVCPACK.INF)
CATEGORY=
TIE_UP=
XOR_KEY=
SYNCHRO_KEY=
RELEASE=2015/10/08
RUN_ORDER=121
CMD=
DECODE=0
DECODE_TYPE=
DECODE_GET=
IEXPRESS=0
IEXPRESS_LIST=
IEXPRESS_CMD=
PREVIOUS_SP=
COMMENT=

[KB3150513]
TITLE=Update for Windows 8.1 for x64-based Systems (KB3150513)
INFO=http://support.microsoft.com/kb/3150513
FILE=http://download.windowsupdate.com/d/msdownload/update/software/updt/2016/05/windows8.1-kb3150513-x64_f4accd052ab6fffc0879f5d316fa8074564f1c87.msu
RENAME=windows8.1-kb3150513-x64.msu
SIZE=1517399
TYPE=HOTFIX(SVCPACK.INF)
CATEGORY=
TIE_UP=
XOR_KEY=
SYNCHRO_KEY=
RELEASE=2016/05/10
RUN_ORDER=122
CMD=
DECODE=0
DECODE_TYPE=
DECODE_GET=
IEXPRESS=0
IEXPRESS_LIST=
IEXPRESS_CMD=
PREVIOUS_SP=
COMMENT=

[KB3110329]
TITLE=Security Update for Windows 8.1 for x64-based Systems (KB3110329)
INFO=http://support.microsoft.com/kb/3110329
FILE=http://download.windowsupdate.com/d/msdownload/update/software/secu/2015/12/windows8.1-kb3110329-x64_fe3d0ab714cfb3e0db59e8b1e8b3fa8141bfd79c.msu
RENAME=windows8.1-kb3110329-x64.msu
SIZE=17372391
TYPE=HOTFIX(SVCPACK.INF)
CATEGORY=
TIE_UP=
XOR_KEY=
SYNCHRO_KEY=
RELEASE=2015/12/16
RUN_ORDER=123
CMD=
DECODE=0
DECODE_TYPE=
DECODE_GET=
IEXPRESS=0
IEXPRESS_LIST=
IEXPRESS_CMD=
PREVIOUS_SP=
COMMENT=

[KB3137728]
TITLE=Update for Windows 8.1 for x64-based Systems (KB3137728)
INFO=http://support.microsoft.com/kb/3137728
FILE=http://download.windowsupdate.com/c/msdownload/update/software/updt/2016/03/windows8.1-kb3137728-x64_b19020cd59959ebee66d916d31b4992143029d54.msu
RENAME=windows8.1-kb3137728-x64.msu
SIZE=1329470
TYPE=HOTFIX(SVCPACK.INF)
CATEGORY=
TIE_UP=
XOR_KEY=
SYNCHRO_KEY=
RELEASE=2016/03/03
RUN_ORDER=124
CMD=
DECODE=0
DECODE_TYPE=
DECODE_GET=
IEXPRESS=0
IEXPRESS_LIST=
IEXPRESS_CMD=
PREVIOUS_SP=
COMMENT=

[KB3012235]
TITLE=Update for Windows 8.1 for x64-based Systems (KB3012235)
INFO=http://support.microsoft.com/kb/3012235
FILE=http://download.windowsupdate.com/c/msdownload/update/software/updt/2015/03/windows8.1-kb3012235-v3-x64_e571ff15b7fa19fe7908f6d2362fd1bef751e5e6.msu
RENAME=windows8.1-kb3012235-v3-x64.msu
SIZE=973352
TYPE=HOTFIX(SVCPACK.INF)
CATEGORY=
TIE_UP=
XOR_KEY=
SYNCHRO_KEY=
RELEASE=2015/03/04
RUN_ORDER=125
CMD=
DECODE=0
DECODE_TYPE=
DECODE_GET=
IEXPRESS=0
IEXPRESS_LIST=
IEXPRESS_CMD=
PREVIOUS_SP=
COMMENT=

[KB3156059]
TITLE=Security Update for Windows 8.1 for x64-based Systems (KB3156059)
INFO=http://support.microsoft.com/kb/3156059
FILE=http://download.windowsupdate.com/c/msdownload/update/software/secu/2016/04/windows8.1-kb3156059-x64_23f332f9c78aaac223b862f58871bdab244cfde8.msu
RENAME=windows8.1-kb3156059-x64.msu
SIZE=469057
TYPE=HOTFIX(SVCPACK.INF)
CATEGORY=
TIE_UP=
XOR_KEY=
SYNCHRO_KEY=
RELEASE=2016/04/21
RUN_ORDER=126
CMD=
DECODE=0
DECODE_TYPE=
DECODE_GET=
IEXPRESS=0
IEXPRESS_LIST=
IEXPRESS_CMD=
PREVIOUS_SP=
COMMENT=

[KB3138378]
TITLE=Update for Windows 8.1 for x64-based Systems (KB3138378)
INFO=http://support.microsoft.com/kb/3138378
FILE=http://download.windowsupdate.com/c/msdownload/update/software/updt/2016/04/windows8.1-kb3138378-x64_444a2cef5432d3d85d742088b621c457eba15626.msu
RENAME=windows8.1-kb3138378-x64.msu
SIZE=1818203
TYPE=HOTFIX(SVCPACK.INF)
CATEGORY=
TIE_UP=
XOR_KEY=
SYNCHRO_KEY=
RELEASE=2016/04/15
RUN_ORDER=127
CMD=
DECODE=0
DECODE_TYPE=
DECODE_GET=
IEXPRESS=0
IEXPRESS_LIST=
IEXPRESS_CMD=
PREVIOUS_SP=
COMMENT=

[KB3078405]
TITLE=Update for Windows 8.1 for x64-based Systems (KB3078405)
INFO=http://support.microsoft.com/kb/3078405
FILE=http://download.windowsupdate.com/d/msdownload/update/software/updt/2015/10/windows8.1-kb3078405-v2-x64_8a6bd4463b6bac96b0ac46ff2787c677044ec8c3.msu
RENAME=windows8.1-kb3078405-v2-x64.msu
SIZE=279777
TYPE=HOTFIX(SVCPACK.INF)
CATEGORY=
TIE_UP=
XOR_KEY=
SYNCHRO_KEY=
RELEASE=2015/10/08
RUN_ORDER=128
CMD=
DECODE=0
DECODE_TYPE=
DECODE_GET=
IEXPRESS=0
IEXPRESS_LIST=
IEXPRESS_CMD=
PREVIOUS_SP=
COMMENT=

[KB3121261]
TITLE=Update for Windows 8.1 for x64-based Systems (KB3121261)
INFO=http://support.microsoft.com/kb/3121261
FILE=http://download.windowsupdate.com/d/msdownload/update/software/updt/2016/02/windows8.1-kb3121261-v2-x64_9f37a3954e0827aa581cb55f4ee565197f8fa937.msu
RENAME=windows8.1-kb3121261-v2-x64.msu
SIZE=7249932
TYPE=HOTFIX(SVCPACK.INF)
CATEGORY=
TIE_UP=
XOR_KEY=
SYNCHRO_KEY=
RELEASE=2016/02/09
RUN_ORDER=129
CMD=
DECODE=0
DECODE_TYPE=
DECODE_GET=
IEXPRESS=0
IEXPRESS_LIST=
IEXPRESS_CMD=
PREVIOUS_SP=
COMMENT=

[KB3087137]
TITLE=Update for Windows 8.1 for x64-based Systems (KB3087137)
INFO=http://support.microsoft.com/kb/3087137
FILE=http://download.windowsupdate.com/d/msdownload/update/software/updt/2015/09/windows8.1-kb3087137-x64_2892def0c82aa84d64f8c30c4fa53e10d9aa6677.msu
RENAME=windows8.1-kb3087137-x64.msu
SIZE=2447290
TYPE=HOTFIX(SVCPACK.INF)
CATEGORY=
TIE_UP=
XOR_KEY=
SYNCHRO_KEY=
RELEASE=2015/09/08
RUN_ORDER=130
CMD=
DECODE=0
DECODE_TYPE=
DECODE_GET=
IEXPRESS=0
IEXPRESS_LIST=
IEXPRESS_CMD=
PREVIOUS_SP=
COMMENT=

[KB3056347]
TITLE=Update for Windows 8.1 for x64-based Systems (KB3056347)
INFO=http://support.microsoft.com/kb/3056347
FILE=http://download.windowsupdate.com/d/msdownload/update/software/updt/2015/06/windows8.1-kb3056347-x64_3529b4785dd036585d36739742b4cbbffd39680f.msu
RENAME=windows8.1-kb3056347-x64.msu
SIZE=524417
TYPE=HOTFIX(SVCPACK.INF)
CATEGORY=
TIE_UP=
XOR_KEY=
SYNCHRO_KEY=
RELEASE=2015/06/03
RUN_ORDER=131
CMD=
DECODE=0
DECODE_TYPE=
DECODE_GET=
IEXPRESS=0
IEXPRESS_LIST=
IEXPRESS_CMD=
PREVIOUS_SP=
COMMENT=

[KB3109976]
TITLE=Update for Windows 8.1 for x64-based Systems (KB3109976)
INFO=http://support.microsoft.com/kb/3109976
FILE=http://download.windowsupdate.com/d/msdownload/update/software/updt/2016/03/windows8.1-kb3109976-x64_e935fd759ccf6cdec35497ff946092217772f5f8.msu
RENAME=windows8.1-kb3109976-x64.msu
SIZE=2702477
TYPE=HOTFIX(SVCPACK.INF)
CATEGORY=
TIE_UP=
XOR_KEY=
SYNCHRO_KEY=
RELEASE=2016/03/03
RUN_ORDER=132
CMD=
DECODE=0
DECODE_TYPE=
DECODE_GET=
IEXPRESS=0
IEXPRESS_LIST=
IEXPRESS_CMD=
PREVIOUS_SP=
COMMENT=

[KB3140234]
TITLE=Update for Windows 8.1 for x64-based Systems (KB3140234)
INFO=http://support.microsoft.com/kb/3140234
FILE=http://download.windowsupdate.com/d/msdownload/update/software/updt/2016/03/windows8.1-kb3140234-x64_6eb46eaca390621212e83d8c229155db9f949b86.msu
RENAME=windows8.1-kb3140234-x64.msu
SIZE=258957
TYPE=HOTFIX(SVCPACK.INF)
CATEGORY=
TIE_UP=
XOR_KEY=
SYNCHRO_KEY=
RELEASE=2016/03/03
RUN_ORDER=133
CMD=
DECODE=0
DECODE_TYPE=
DECODE_GET=
IEXPRESS=0
IEXPRESS_LIST=
IEXPRESS_CMD=
PREVIOUS_SP=
COMMENT=

[KB3095701]
TITLE=Update for Windows 8.1 for x64-based Systems (KB3095701)
INFO=http://support.microsoft.com/kb/3095701
FILE=http://download.windowsupdate.com/d/msdownload/update/software/updt/2015/10/windows8.1-kb3095701-x64_a6a76bf2cc4b560acd6a78dc893cfb2b76b0ba0f.msu
RENAME=windows8.1-kb3095701-x64.msu
SIZE=278827
TYPE=HOTFIX(SVCPACK.INF)
CATEGORY=
TIE_UP=
XOR_KEY=
SYNCHRO_KEY=
RELEASE=2015/10/08
RUN_ORDER=134
CMD=
DECODE=0
DECODE_TYPE=
DECODE_GET=
IEXPRESS=0
IEXPRESS_LIST=
IEXPRESS_CMD=
PREVIOUS_SP=
COMMENT=

[KB3109103]
TITLE=Security Update for Windows 8.1 for x64-based Systems (KB3109103)
INFO=http://support.microsoft.com/kb/3109103
FILE=http://download.windowsupdate.com/c/msdownload/update/software/secu/2015/11/windows8.1-kb3109103-x64_e72f10a63ebca35733b131bfb03f8cd07575fa02.msu
RENAME=windows8.1-kb3109103-x64.msu
SIZE=290138
TYPE=HOTFIX(SVCPACK.INF)
CATEGORY=
TIE_UP=
XOR_KEY=
SYNCHRO_KEY=
RELEASE=2015/11/18
RUN_ORDER=135
CMD=
DECODE=0
DECODE_TYPE=
DECODE_GET=
IEXPRESS=0
IEXPRESS_LIST=
IEXPRESS_CMD=
PREVIOUS_SP=
COMMENT=

[KB3109560]
TITLE=Security Update for Windows 8.1 for x64-based Systems (KB3109560)
INFO=http://support.microsoft.com/kb/3109560
FILE=http://download.windowsupdate.com/d/msdownload/update/software/secu/2015/12/windows8.1-kb3109560-x64_20a8b86b4f043784a298231ad61cb5ed8850f067.msu
RENAME=windows8.1-kb3109560-x64.msu
SIZE=669713
TYPE=HOTFIX(SVCPACK.INF)
CATEGORY=
TIE_UP=
XOR_KEY=
SYNCHRO_KEY=
RELEASE=2015/12/16
RUN_ORDER=136
CMD=
DECODE=0
DECODE_TYPE=
DECODE_GET=
IEXPRESS=0
IEXPRESS_LIST=
IEXPRESS_CMD=
PREVIOUS_SP=
COMMENT=

[KB3015696]
TITLE=Update for Windows 8.1 for x64-based Systems (KB3015696)
INFO=http://support.microsoft.com/kb/3015696
FILE=http://download.windowsupdate.com/c/msdownload/update/software/updt/2015/04/windows8.1-kb3015696-x64_6396d543ff9753a59bdf91737ad36cbc17b18218.msu
RENAME=windows8.1-kb3015696-x64.msu
SIZE=956108
TYPE=HOTFIX(SVCPACK.INF)
CATEGORY=
TIE_UP=
XOR_KEY=
SYNCHRO_KEY=
RELEASE=2015/04/11
RUN_ORDER=137
CMD=
DECODE=0
DECODE_TYPE=
DECODE_GET=
IEXPRESS=0
IEXPRESS_LIST=
IEXPRESS_CMD=
PREVIOUS_SP=
COMMENT=

[KB3047254]
TITLE=Update for Windows 8.1 for x64-based Systems (KB3047254)
INFO=http://support.microsoft.com/kb/3047254
FILE=http://download.windowsupdate.com/d/msdownload/update/software/updt/2015/04/windows8.1-kb3047254-x64_77488fa1505e977b2c72c7c4a1aeef6032f6d325.msu
RENAME=windows8.1-kb3047254-x64.msu
SIZE=372033
TYPE=HOTFIX(SVCPACK.INF)
CATEGORY=
TIE_UP=
XOR_KEY=
SYNCHRO_KEY=
RELEASE=2015/04/11
RUN_ORDER=138
CMD=
DECODE=0
DECODE_TYPE=
DECODE_GET=
IEXPRESS=0
IEXPRESS_LIST=
IEXPRESS_CMD=
PREVIOUS_SP=
COMMENT=

[KB3012702]
TITLE=Update for Windows 8.1 for x64-based Systems (KB3012702)
INFO=http://support.microsoft.com/kb/3012702
FILE=http://download.windowsupdate.com/d/msdownload/update/software/updt/2015/03/windows8.1-kb3012702-x64_082e460ce711abe34a624c1bdb083c2827eef524.msu
RENAME=windows8.1-kb3012702-x64.msu
SIZE=15657271
TYPE=HOTFIX(SVCPACK.INF)
CATEGORY=
TIE_UP=
XOR_KEY=
SYNCHRO_KEY=
RELEASE=2015/03/04
RUN_ORDER=139
CMD=
DECODE=0
DECODE_TYPE=
DECODE_GET=
IEXPRESS=0
IEXPRESS_LIST=
IEXPRESS_CMD=
PREVIOUS_SP=
COMMENT=

[KB2994290]
TITLE=Update for Windows 8.1 for x64-based Systems (KB2994290)
INFO=http://support.microsoft.com/kb/2994290
FILE=http://download.windowsupdate.com/d/msdownload/update/software/crup/2014/12/windows8.1-kb2994290-x64_e236f61f3f28696cf9a7cd67fb292892827e9fb2.msu
RENAME=windows8.1-kb2994290-x64.msu
SIZE=45386993
TYPE=HOTFIX(SVCPACK.INF)
CATEGORY=
TIE_UP=
XOR_KEY=
SYNCHRO_KEY=
RELEASE=2014/12/05
RUN_ORDER=140
CMD=
DECODE=0
DECODE_TYPE=
DECODE_GET=
IEXPRESS=0
IEXPRESS_LIST=
IEXPRESS_CMD=
PREVIOUS_SP=
COMMENT=

[KB2989930]
TITLE=Update for Windows 8.1 for x64-based Systems (KB2989930)
INFO=http://support.microsoft.com/kb/2989930
FILE=http://download.windowsupdate.com/c/msdownload/update/software/uprl/2014/11/windows8.1-kb2989930-x64_ea40eb4870a768f33889530c8511caf433b52120.msu
RENAME=windows8.1-kb2989930-x64.msu
SIZE=328763
TYPE=HOTFIX(SVCPACK.INF)
CATEGORY=
TIE_UP=
XOR_KEY=
SYNCHRO_KEY=
RELEASE=2014/11/26
RUN_ORDER=141
CMD=
DECODE=0
DECODE_TYPE=
DECODE_GET=
IEXPRESS=0
IEXPRESS_LIST=
IEXPRESS_CMD=
PREVIOUS_SP=
COMMENT=

[KB3159398]
TITLE=Security Update for Windows 8.1 for x64-based Systems (KB3159398)
INFO=http://support.microsoft.com/kb/3159398
FILE=http://download.windowsupdate.com/d/msdownload/update/software/secu/2016/05/windows8.1-kb3159398-x64_f8e8f71aa74a71071d24c90af9ff3f5e2a7f75b8.msu
RENAME=windows8.1-kb3159398-x64.msu
SIZE=1648050
TYPE=HOTFIX(SVCPACK.INF)
CATEGORY=
TIE_UP=
XOR_KEY=
SYNCHRO_KEY=
RELEASE=2016/05/24
RUN_ORDER=142
CMD=
DECODE=0
DECODE_TYPE=
DECODE_GET=
IEXPRESS=0
IEXPRESS_LIST=
IEXPRESS_CMD=
PREVIOUS_SP=
COMMENT=

[KB3126587]
TITLE=Security Update for Windows 8.1 for x64-based Systems (KB3126587)
INFO=http://support.microsoft.com/kb/3126587
FILE=http://download.windowsupdate.com/c/msdownload/update/software/secu/2016/01/windows8.1-kb3126587-x64_aecaabb9db72f7508bf0f53f265449cb54507d1b.msu
RENAME=windows8.1-kb3126587-x64.msu
SIZE=1400833
TYPE=HOTFIX(SVCPACK.INF)
CATEGORY=
TIE_UP=
XOR_KEY=
SYNCHRO_KEY=
RELEASE=2016/01/21
RUN_ORDER=143
CMD=
DECODE=0
DECODE_TYPE=
DECODE_GET=
IEXPRESS=0
IEXPRESS_LIST=
IEXPRESS_CMD=
PREVIOUS_SP=
COMMENT=

[KB3024755]
TITLE=Update for Windows 8.1 for x64-based Systems (KB3024755)
INFO=http://support.microsoft.com/kb/3024755
FILE=http://download.windowsupdate.com/c/msdownload/update/software/updt/2015/03/windows8.1-kb3024755-x64_acc7a10bceb5ec40bdb89670484741b6d36acf3a.msu
RENAME=windows8.1-kb3024755-x64.msu
SIZE=745296
TYPE=HOTFIX(SVCPACK.INF)
CATEGORY=
TIE_UP=
XOR_KEY=
SYNCHRO_KEY=
RELEASE=2015/03/04
RUN_ORDER=144
CMD=
DECODE=0
DECODE_TYPE=
DECODE_GET=
IEXPRESS=0
IEXPRESS_LIST=
IEXPRESS_CMD=
PREVIOUS_SP=
COMMENT=

[KB3053863]
TITLE=Update for Windows 8.1 for x64-based Systems (KB3053863)
INFO=http://support.microsoft.com/kb/3053863
FILE=http://download.windowsupdate.com/d/msdownload/update/software/updt/2015/06/windows8.1-kb3053863-x64_262da42a90594aaa9f0cc575aac92157afae92ee.msu
RENAME=windows8.1-kb3053863-x64.msu
SIZE=259870
TYPE=HOTFIX(SVCPACK.INF)
CATEGORY=
TIE_UP=
XOR_KEY=
SYNCHRO_KEY=
RELEASE=2015/06/03
RUN_ORDER=145
CMD=
DECODE=0
DECODE_TYPE=
DECODE_GET=
IEXPRESS=0
IEXPRESS_LIST=
IEXPRESS_CMD=
PREVIOUS_SP=
COMMENT=

[KB4481252]
TITLE=Microsoft Silverlight (KB4481252)
INFO=http://go.microsoft.com/fwlink/?LinkId=2050218
FILE=http://download.windowsupdate.com/d/msdownload/update/software/ftpk/2019/01/silverlight_x64_16cfdfe075ee9249845eccff913acc4386a0a1e6.exe
RENAME=silverlight-x64.exe
SIZE=13153080
TYPE=HOTFIX(SVCPACK.INF)
CATEGORY=
TIE_UP=
XOR_KEY=
SYNCHRO_KEY=
RELEASE=2019/01/02
RUN_ORDER=146
CMD=/q
DECODE=0
DECODE_TYPE=
DECODE_GET=
IEXPRESS=0
IEXPRESS_LIST=
IEXPRESS_CMD=
PREVIOUS_SP=
COMMENT=

[KB890830]
TITLE=Windows Malicious Software Removal Tool x64 - February 2020 (KB890830)
INFO=https://support.microsoft.com/kb/890830
FILE=http://download.windowsupdate.com/d/msdownload/update/software/uprl/2020/02/windows-kb890830-x64-v5.80_56a9fcfbfdfb682ff2b4658c74a4971e9c6a1760.exe
RENAME=windows-kb890830-x64-v5.80.exe
SIZE=31478680
TYPE=HOTFIX(SVCPACK.INF)
CATEGORY=
TIE_UP=
XOR_KEY=
SYNCHRO_KEY=
RELEASE=2020/02/03
RUN_ORDER=147
CMD=/x
DECODE=0
DECODE_TYPE=
DECODE_GET=
IEXPRESS=0
IEXPRESS_LIST=
IEXPRESS_CMD=
PREVIOUS_SP=
COMMENT=

[MSE_DUP]
TITLE=Windows Defender Antivirus for Windows 10 and Windows 8.1
INFO=https://www.microsoft.com/en-us/wdsi/defenderupdates
FILE=https://go.microsoft.com/fwlink/?LinkID=121721&arch=x64
RENAME=mpam-fe-x64.exe
SIZE=1
TYPE=HOTFIX(SVCPACK.INF)
CATEGORY=
TIE_UP=
XOR_KEY=
SYNCHRO_KEY=
RELEASE=2019/04/10
RUN_ORDER=148
CMD=-q
DECODE=0
DECODE_TYPE=
DECODE_GET=
IEXPRESS=0
IEXPRESS_LIST=
IEXPRESS_CMD=
PREVIOUS_SP=
COMMENT=

[EDGE]
TITLE=Download and deploy the new Microsoft Edge for business
INFO=https://www.microsoft.com/en-us/edge/business/download
FILE=http://go.microsoft.com/fwlink/?LinkID=2093437
RENAME=MicrosoftEdgeEnterprise-x64.msi
SIZE=1
TYPE=HOTFIX(SVCPACK.INF)
CATEGORY=
TIE_UP=
XOR_KEY=
SYNCHRO_KEY=
RELEASE=
RUN_ORDER=149
CMD=/quiet /norestart
DECODE=0
DECODE_TYPE=
DECODE_GET=
IEXPRESS=0
IEXPRESS_LIST=
IEXPRESS_CMD=
PREVIOUS_SP=
COMMENT=
