[INFO]
VERSION=0.103.0
SOFTWARE=Windows 10 x64
TARGET=None
LANGUAGE=Japanese
NAME=Jun Itou
COMMENT=統合DVD作成用 2020/09 Version 2004用

[LIST]
COUNT=8
1=KB890830
2=MSE_DUP
3=KB4561600
4=KB4576478
5=KB4577266
6=KB4571756
7=KB4052623
8=EDGE

[KB890830]
TITLE=悪意のあるソフトウェアの削除ツール x64 - v5.83 (KB890830)
INFO=http://support.microsoft.com/kb/890830
FILE=http://download.windowsupdate.com/d/msdownload/update/software/uprl/2020/09/windows-kb890830-x64-v5.83_fede0eab17a3acf1aa945b14f37324ae6a8f6fc6.exe
RENAME=
SIZE=34667768
TYPE=HOTFIX(SVCPACK.INF)
CATEGORY=
TIE_UP=
XOR_KEY=
SYNCHRO_KEY=
RELEASE=2020/09/02
RUN_ORDER=001
CMD=/x
DECODE=0
DECODE_TYPE=
DECODE_GET=
IEXPRESS=0
IEXPRESS_LIST=
IEXPRESS_CMD=
PREVIOUS_SP=
COMMENT=悪意のあるソフトウェアの削除ツール

[MSE_DUP]
TITLE=Windows Defender Antivirus for Windows 10 and Windows 8.1
INFO=https://www.microsoft.com/en-us/wdsi/defenderupdates
FILE=https://go.microsoft.com/fwlink/?LinkID=121721&arch=x64
RENAME=mpam-fe-x64.exe
SIZE=1
TYPE=HOTFIX(SVCPACK.INF)
CATEGORY=
TIE_UP=
XOR_KEY=
SYNCHRO_KEY=
RELEASE=2019/04/10
RUN_ORDER=002
CMD=-q
DECODE=0
DECODE_TYPE=
DECODE_GET=
IEXPRESS=0
IEXPRESS_LIST=
IEXPRESS_CMD=
PREVIOUS_SP=
COMMENT=

[KB4561600]
TITLE=2020-06 x64 ベース システム用 Windows 10 Version 2004 セキュリティ更新プログラム (Adobe Flash Player 対応) (KB4561600)
INFO=https://support.microsoft.com/help/4561600
FILE=http://download.windowsupdate.com/d/msdownload/update/software/secu/2020/06/windows10.0-kb4561600-x64_c1b68e8ebc584fba22606561477bfd8d6ca553d6.msu
RENAME=
SIZE=22284200
TYPE=HOTFIX(SVCPACK.INF)
CATEGORY=
TIE_UP=
XOR_KEY=
SYNCHRO_KEY=
RELEASE=2020/06/03
RUN_ORDER=003
CMD=
DECODE=0
DECODE_TYPE=
DECODE_GET=
IEXPRESS=0
IEXPRESS_LIST=
IEXPRESS_CMD=
PREVIOUS_SP=
COMMENT=2004 セキュリティ更新プログラム (Adobe Flash Player 対応)

[KB4576478]
TITLE=2020-09 .NET Framework 3.5 および 4.8 の累積的な更新プログラム (x64 向け Windows 10 Version 2004 用) (KB4576478)
INFO=http://support.microsoft.com/kb/4576478
FILE=http://download.windowsupdate.com/d/msdownload/update/software/secu/2020/08/windows10.0-kb4576478-x64-ndp48_83f09dc64c451be104a7a4f737e576c413a51650.msu
RENAME=
SIZE=67507595
TYPE=HOTFIX(SVCPACK.INF)
CATEGORY=
TIE_UP=
XOR_KEY=
SYNCHRO_KEY=
RELEASE=2020/08/31
RUN_ORDER=004
CMD=
DECODE=0
DECODE_TYPE=
DECODE_GET=
IEXPRESS=0
IEXPRESS_LIST=
IEXPRESS_CMD=
PREVIOUS_SP=
COMMENT=セキュリティ問題の修正プログラム

[KB4577266]
TITLE=2020-09 x64 ベース システム用 Windows 10 Version 2004 サービス スタック更新プログラム (KB4577266)
INFO=https://support.microsoft.com/help/4577266
FILE=http://download.windowsupdate.com/d/msdownload/update/software/secu/2020/09/windows10.0-kb4577266-x64_126987f629769e860cd7985371754db91685ea16.msu
RENAME=
SIZE=15233480
TYPE=HOTFIX(SVCPACK.INF)
CATEGORY=
TIE_UP=
XOR_KEY=
SYNCHRO_KEY=
RELEASE=2020/09/05
RUN_ORDER=005
CMD=
DECODE=0
DECODE_TYPE=
DECODE_GET=
IEXPRESS=0
IEXPRESS_LIST=
IEXPRESS_CMD=
PREVIOUS_SP=
COMMENT=セキュリティ問題の修正プログラム

[KB4571756]
TITLE=2020-09 x64 ベース システム用 Windows 10 Version 2004 の累積更新プログラム (KB4571756)
INFO=https://support.microsoft.com/help/4571756
FILE=http://download.windowsupdate.com/d/msdownload/update/software/secu/2020/09/windows10.0-kb4571756-x64_66f7130a68dd9748511454436b3ffb61730d9775.msu
RENAME=
SIZE=353658346
TYPE=HOTFIX(SVCPACK.INF)
CATEGORY=
TIE_UP=
XOR_KEY=
SYNCHRO_KEY=
RELEASE=2020/09/07
RUN_ORDER=006
CMD=
DECODE=0
DECODE_TYPE=
DECODE_GET=
IEXPRESS=0
IEXPRESS_LIST=
IEXPRESS_CMD=
PREVIOUS_SP=
COMMENT=セキュリティ問題の修正プログラム

[KB4052623]
TITLE=Microsoft Defender Antivirus マルウェア対策プラットフォームの更新プログラム - KB4052623 (Version 4.18.2008.9)
INFO=https://support.microsoft.com/en-us/help/4052623/update-for-windows-defender-antimalware-platform
FILE=http://download.windowsupdate.com/d/msdownload/update/software/defu/2020/08/updateplatform_225cc97210d43649d058f973b9825bd43b9ea32a.exe
RENAME=
SIZE=5083832
TYPE=HOTFIX(SVCPACK.INF)
CATEGORY=
TIE_UP=
XOR_KEY=
SYNCHRO_KEY=
RELEASE=2020/08/28
RUN_ORDER=007
CMD=/quiet /norestart
DECODE=0
DECODE_TYPE=
DECODE_GET=
IEXPRESS=0
IEXPRESS_LIST=
IEXPRESS_CMD=
PREVIOUS_SP=
COMMENT=Microsoft Defender Antivirus

[EDGE]
TITLE=Download and deploy the new Microsoft Edge for business
INFO=https://www.microsoft.com/en-us/edge/business/download
FILE=http://go.microsoft.com/fwlink/?LinkID=2093437
RENAME=MicrosoftEdgeEnterprise-x64.msi
SIZE=1
TYPE=HOTFIX(SVCPACK.INF)
CATEGORY=
TIE_UP=
XOR_KEY=
SYNCHRO_KEY=
RELEASE=
RUN_ORDER=008
CMD=/quiet /norestart
DECODE=0
DECODE_TYPE=
DECODE_GET=
IEXPRESS=0
IEXPRESS_LIST=
IEXPRESS_CMD=
PREVIOUS_SP=
COMMENT=
