[INFO]
VERSION=0.103.0
SOFTWARE=Windows 8.1
TARGET=None
LANGUAGE=Japanese
NAME=Jun Itou
COMMENT=統合DVD作成用 2020/02

[LIST]
COUNT=146
1=KB3173424
2=KB4524445
3=KB3020370
4=KB4537819
5=KB4486105
6=KB4087514
7=KB4538158
8=KB4538124
9=KB4535104
10=KB4537759
11=KB3063843
12=KB3184143
13=KB3044374
14=KB2976978
15=KB3161949
16=KB3080800
17=KB3011780
18=KB3146723
19=KB3138910
20=KB3045685
21=KB3013531
22=KB3077715
23=KB3035126
24=KB3161102
25=KB3036612
26=KB3178539
27=KB3155784
28=KB3013769
29=KB3004545
30=KB3062760
31=KB4481252
32=KB3084135
33=KB3149157
34=KB3058168
35=KB3018133
36=KB3175024
37=KB3033446
38=KB3126434
39=KB3024751
40=KB3172729
41=KB3064059
42=KB3046017
43=KB3055343
44=KB3038002
45=KB3145384
46=KB2990967
47=KB2899189
48=KB3059317
49=KB3013410
50=KB3061493
51=KB3139398
52=KB3103696
53=KB3054464
54=KB3187754
55=KB3138962
56=KB3013816
57=KB3115224
58=KB3099834
59=KB3013172
60=KB3027209
61=KB3179574
62=KB3146751
63=KB3054256
64=KB3140185
65=KB3139914
66=KB3008242
67=KB3118401
68=KB3082089
69=KB3103616
70=KB3185319
71=KB3100473
72=KB3030947
73=KB3076949
74=KB3038936
75=KB3045755
76=KB3060793
77=KB3146604
78=KB3103709
79=KB3088195
80=KB3042085
81=KB3115858
82=KB3138615
83=KB3045999
84=KB3155178
85=KB3071663
86=KB4462930
87=KB3147071
88=KB3034348
89=KB3126030
90=KB3044673
91=KB3055323
92=KB3140222
93=KB3023266
94=KB3138602
95=KB3013791
96=KB3019978
97=KB3084905
98=KB3045717
99=KB3054169
100=KB3140219
101=KB3029606
102=KB3134815
103=KB3071756
104=KB3061512
105=KB3043812
106=KB3086255
107=KB3046737
108=KB3013538
109=KB3045634
110=KB3045719
111=KB3046480
112=KB3080149
113=KB3031044
114=KB3091297
115=KB3150513
116=KB3110329
117=KB3137728
118=KB3012235
119=KB3156059
120=KB3138378
121=KB3078405
122=KB3121261
123=KB3087137
124=KB3056347
125=KB3102429
126=KB3109976
127=KB3140234
128=KB3095701
129=KB3109103
130=KB3109560
131=KB3015696
132=KB3047254
133=KB3012702
134=KB2994290
135=KB2989930
136=KB3159398
137=KB3126587
138=KB3024755
139=KB3162835
140=KB3053863
141=KB3172614
142=KB3042058
143=KB3003667
144=KB890830
145=MSE_DUP
146=EDGE

[KB3173424]
TITLE=Update for Windows 8.1 for x86-based Systems (KB3173424)
INFO=http://support.microsoft.com/kb/3173424
FILE=http://download.windowsupdate.com/d/msdownload/update/software/crup/2016/06/windows8.1-kb3173424-x86_fcf7142a388a08fde7c54f23e84450f18a8aaec5.msu
RENAME=windows8.1-kb3173424-x86.msu
SIZE=4922792
TYPE=HOTFIX(SVCPACK.INF)
CATEGORY=
TIE_UP=KB2919355
XOR_KEY=
SYNCHRO_KEY=
RELEASE=2016/06/29
RUN_ORDER=001
CMD=
DECODE=0
DECODE_TYPE=
DECODE_GET=
IEXPRESS=0
IEXPRESS_LIST=
IEXPRESS_CMD=
PREVIOUS_SP=
COMMENT=サービス スタック更新プログラム

[KB4524445]
TITLE=2019-11 Servicing Stack Update for Windows 8.1 for x86-based Systems (KB4524445)
INFO=https://support.microsoft.com/help/4524445
FILE=http://download.windowsupdate.com/d/msdownload/update/software/secu/2019/11/windows8.1-kb4524445-x86_da08e634c058c7814db44b4b6e878196526d6a33.msu
RENAME=windows8.1-kb4524445-x86.msu
SIZE=5285045
TYPE=HOTFIX(SVCPACK.INF)
CATEGORY=
TIE_UP=
XOR_KEY=
SYNCHRO_KEY=
RELEASE=2019/11/04
RUN_ORDER=002
CMD=
DECODE=0
DECODE_TYPE=
DECODE_GET=
IEXPRESS=0
IEXPRESS_LIST=
IEXPRESS_CMD=
PREVIOUS_SP=
COMMENT=サービス スタック更新プログラム

[KB3020370]
TITLE=Update for Windows 8.1 for x86-based Systems (KB3020370)
INFO=http://support.microsoft.com/kb/3020370
FILE=http://download.windowsupdate.com/d/msdownload/update/software/updt/2015/04/windows8.1-kb3020370-x86_3eaabfb35da1d8cb878a1a94e9129aafb0be1214.msu
RENAME=windows8.1-kb3020370-x86.msu
SIZE=304575
TYPE=HOTFIX(SVCPACK.INF)
CATEGORY=
TIE_UP=KB2919355
XOR_KEY=
SYNCHRO_KEY=
RELEASE=2015/04/11
RUN_ORDER=003
CMD=
DECODE=0
DECODE_TYPE=
DECODE_GET=
IEXPRESS=0
IEXPRESS_LIST=
IEXPRESS_CMD=
PREVIOUS_SP=
COMMENT=

[KB4537819]
TITLE=2020-02 Preview of Monthly Quality Rollup for Windows 8.1 for x86-based Systems (KB4537819)
INFO=https://support.microsoft.com/help/4537819
FILE=http://download.windowsupdate.com/d/msdownload/update/software/updt/2020/02/windows8.1-kb4537819-x86_e260c158e12b172543e15eacca91ecad7fa26d0c.msu
RENAME=windows8.1-kb4537819-x86.msu
SIZE=339766497
TYPE=HOTFIX(SVCPACK.INF)
CATEGORY=
TIE_UP=
XOR_KEY=
SYNCHRO_KEY=
RELEASE=2020/02/10
RUN_ORDER=004
CMD=
DECODE=0
DECODE_TYPE=
DECODE_GET=
IEXPRESS=0
IEXPRESS_LIST=
IEXPRESS_CMD=
PREVIOUS_SP=
COMMENT=マンスリー品質ロールアップのプレビュー

[KB4486105]
TITLE=Microsoft .NET Framework 4.8 for Windows 8.1 for x86 (KB4486105)
INFO=http://support.microsoft.com/kb/4486105
FILE=http://download.windowsupdate.com/d/msdownload/update/software/ftpk/2019/12/windows8.1-kb4486105-x86_67476f577630df0d7231edbb5d239dd25ecbf6d2.msu
RENAME=windows8.1-kb4486105-x86.msu
SIZE=44190815
TYPE=HOTFIX(SVCPACK.INF)
CATEGORY=
TIE_UP=
XOR_KEY=
SYNCHRO_KEY=
RELEASE=2019/12/27
RUN_ORDER=005
CMD=
DECODE=0
DECODE_TYPE=
DECODE_GET=
IEXPRESS=0
IEXPRESS_LIST=
IEXPRESS_CMD=
PREVIOUS_SP=
COMMENT=Microsoft .NET Framework 4.8

[KB4087514]
TITLE=Microsoft .NET Framework 4.8 Language Packs for Windows 8.1 and Server 2012 R2 for x86 (KB4087514)
INFO=http://support.microsoft.com/kb/4087514
FILE=http://download.windowsupdate.com/c/msdownload/update/software/ftpk/2019/08/windows8.1-kb4486119-x86_edff6e27c583e514cd0b0403242eb75ecf413dd2.msu
RENAME=windows8.1-kb4486119-x86.msu
SIZE=3938612
TYPE=HOTFIX(SVCPACK.INF)
CATEGORY=
TIE_UP=KB4486105
XOR_KEY=
SYNCHRO_KEY=
RELEASE=2019/08/07
RUN_ORDER=006
CMD=
DECODE=0
DECODE_TYPE=
DECODE_GET=
IEXPRESS=0
IEXPRESS_LIST=
IEXPRESS_CMD=
PREVIOUS_SP=
COMMENT=Microsoft .NET Framework 4.8 言語パック

[KB4538158]
TITLE=2020-02 Preview of Quality Rollup for .NET Framework 4.8 for Windows 8.1 and Server 2012 R2 for x86 (KB4537482)
INFO=http://support.microsoft.com/kb/4537482
FILE=http://download.windowsupdate.com/d/msdownload/update/software/updt/2020/02/windows8.1-kb4537482-x86-ndp48_d9d9cf744ec592696798e2f5e81eb446f92ac1d9.msu
RENAME=windows8.1-kb4537482-x86-ndp48.msu
SIZE=30535326
TYPE=HOTFIX(SVCPACK.INF)
CATEGORY=
TIE_UP=
XOR_KEY=
SYNCHRO_KEY=
RELEASE=2020/02/10
RUN_ORDER=007
CMD=
DECODE=0
DECODE_TYPE=
DECODE_GET=
IEXPRESS=0
IEXPRESS_LIST=
IEXPRESS_CMD=
PREVIOUS_SP=
COMMENT=.NET Framework 4.8 用の品質ロールアップのプレビュー

[KB4538124]
TITLE=2020-01 Preview of Quality Rollup for .NET Framework 4.8 for Windows 8.1 and Server 2012 R2 for x86 (KB4534134)
INFO=http://support.microsoft.com/kb/4534134
FILE=http://download.windowsupdate.com/d/msdownload/update/software/updt/2020/01/windows8.1-kb4534134-x86-ndp48_fdc09faf7cab941184071b460e07bec2d6a3b93c.msu
RENAME=windows8.1-kb4534134-x86-ndp48.msu
SIZE=29890989
TYPE=HOTFIX(SVCPACK.INF)
CATEGORY=
TIE_UP=
XOR_KEY=
SYNCHRO_KEY=
RELEASE=2020/01/07
RUN_ORDER=008
CMD=
DECODE=0
DECODE_TYPE=
DECODE_GET=
IEXPRESS=0
IEXPRESS_LIST=
IEXPRESS_CMD=
PREVIOUS_SP=
COMMENT=.NET Framework 3.5、4.5.2、4.6、4.6.1、4.6.2、4.7、4.7.1、4.7.2、4.8 のセキュリティおよび品質ロールアップ

[KB4535104]
TITLE=2020-01 Security and Quality Rollup for .NET Framework 3.5, 4.5.2, 4.6, 4.6.1, 4.6.2, 4.7, 4.7.1, 4.7.2, 4.8 for Windows 8.1 and Server 2012 R2 for x86 (KB4535104)
INFO=http://support.microsoft.com/kb/4535104
FILE=http://download.windowsupdate.com/c/msdownload/update/software/secu/2020/01/windows8.1-kb4532940-x86-ndp48_5cb18a91f8383e3a2eef336d2fe9b157ef5a388e.msu
RENAME=windows8.1-kb4532940-x86-ndp48.msu
SIZE=28832799
TYPE=HOTFIX(SVCPACK.INF)
CATEGORY=
TIE_UP=
XOR_KEY=
SYNCHRO_KEY=
RELEASE=2020/01/03
RUN_ORDER=009
CMD=
DECODE=0
DECODE_TYPE=
DECODE_GET=
IEXPRESS=0
IEXPRESS_LIST=
IEXPRESS_CMD=
PREVIOUS_SP=
COMMENT=.NET Framework セキュリティおよび品質ロールアップ

[KB4537759]
TITLE=2020-02 Security Update for Adobe Flash Player for Windows 8.1 for x86-based Systems (KB4537759)
INFO=https://support.microsoft.com/help/4537759
FILE=http://download.windowsupdate.com/d/msdownload/update/software/secu/2020/02/windows8.1-kb4537759-x86_c3ac5570d42ec7a553a3afd88a18ccd76b7e6aa8.msu
RENAME=windows8.1-kb4537759-x86.msu
SIZE=10716886
TYPE=HOTFIX(SVCPACK.INF)
CATEGORY=
TIE_UP=KB2919355
XOR_KEY=
SYNCHRO_KEY=
RELEASE=2020/02/03
RUN_ORDER=010
CMD=
DECODE=0
DECODE_TYPE=
DECODE_GET=
IEXPRESS=0
IEXPRESS_LIST=
IEXPRESS_CMD=
PREVIOUS_SP=
COMMENT=Adobe Flash Player のセキュリティ更新プログラム

[KB3063843]
TITLE=Update for Windows 8.1 for x86-based Systems (KB3063843)
INFO=http://support.microsoft.com/kb/3063843
FILE=http://download.windowsupdate.com/d/msdownload/update/software/updt/2015/06/windows8.1-kb3063843-x86_efe2e672a55e1401e635cf82bea90327ab9ac671.msu
RENAME=windows8.1-kb3063843-x86.msu
SIZE=391233
TYPE=HOTFIX(SVCPACK.INF)
CATEGORY=
TIE_UP=
XOR_KEY=
SYNCHRO_KEY=
RELEASE=2015/06/03
RUN_ORDER=011
CMD=
DECODE=0
DECODE_TYPE=
DECODE_GET=
IEXPRESS=0
IEXPRESS_LIST=
IEXPRESS_CMD=
PREVIOUS_SP=
COMMENT=

[KB3184143]
TITLE=Update for Windows 8.1 for x86-based Systems (KB3184143)
INFO=http://support.microsoft.com/kb/3184143
FILE=http://download.windowsupdate.com/c/msdownload/update/software/updt/2016/08/windows8.1-kb3184143-x86_61b35da94776c4fe4b01efb853eb0ea020616fe1.msu
RENAME=windows8.1-kb3184143-x86.msu
SIZE=12693253
TYPE=HOTFIX(SVCPACK.INF)
CATEGORY=
TIE_UP=
XOR_KEY=
SYNCHRO_KEY=
RELEASE=2016/08/30
RUN_ORDER=012
CMD=
DECODE=0
DECODE_TYPE=
DECODE_GET=
IEXPRESS=0
IEXPRESS_LIST=
IEXPRESS_CMD=
PREVIOUS_SP=
COMMENT=

[KB3044374]
TITLE=Update for Windows 8.1 for x86-based Systems (KB3044374)
INFO=http://support.microsoft.com/kb/3044374
FILE=http://download.windowsupdate.com/c/msdownload/update/software/crup/2015/03/windows8.1-kb3044374-x86_7c48d84782341e4f5f1e2dcfd1315a1641fc2f06.msu
RENAME=windows8.1-kb3044374-x86.msu
SIZE=3079981
TYPE=HOTFIX(SVCPACK.INF)
CATEGORY=
TIE_UP=
XOR_KEY=
SYNCHRO_KEY=
RELEASE=2015/03/25
RUN_ORDER=013
CMD=
DECODE=0
DECODE_TYPE=
DECODE_GET=
IEXPRESS=0
IEXPRESS_LIST=
IEXPRESS_CMD=
PREVIOUS_SP=
COMMENT=

[KB2976978]
TITLE=Update for Windows 8.1 for x86-based Systems (KB2976978)
INFO=http://support.microsoft.com/kb/2976978
FILE=http://download.windowsupdate.com/d/msdownload/update/software/crup/2018/07/windows8.1-kb2976978-v24-x86_c95fc7966aadb35bd62cb3c7e65e8c161c46d4f2.msu
RENAME=windows8.1-kb2976978-v24-x86.msu
SIZE=5966830
TYPE=HOTFIX(SVCPACK.INF)
CATEGORY=
TIE_UP=
XOR_KEY=
SYNCHRO_KEY=
RELEASE=2018/07/05
RUN_ORDER=014
CMD=
DECODE=0
DECODE_TYPE=
DECODE_GET=
IEXPRESS=0
IEXPRESS_LIST=
IEXPRESS_CMD=
PREVIOUS_SP=
COMMENT=

[KB3161949]
TITLE=Security Update for Windows 8.1 for x86-based Systems (KB3161949)
INFO=http://support.microsoft.com/kb/3161949
FILE=http://download.windowsupdate.com/c/msdownload/update/software/secu/2016/05/windows8.1-kb3161949-x86_a15b1e6c4e2d8c061c13ad6697340030d11300f9.msu
RENAME=windows8.1-kb3161949-x86.msu
SIZE=881850
TYPE=HOTFIX(SVCPACK.INF)
CATEGORY=
TIE_UP=
XOR_KEY=
SYNCHRO_KEY=
RELEASE=2016/05/24
RUN_ORDER=015
CMD=
DECODE=0
DECODE_TYPE=
DECODE_GET=
IEXPRESS=0
IEXPRESS_LIST=
IEXPRESS_CMD=
PREVIOUS_SP=
COMMENT=

[KB3080800]
TITLE=Update for Windows 8.1 for x86-based Systems (KB3080800)
INFO=http://support.microsoft.com/kb/3080800
FILE=http://download.windowsupdate.com/d/msdownload/update/software/updt/2015/09/windows8.1-kb3080800-x86_4e62a4f1099f2dbc5f0fc33d925448646db450c2.msu
RENAME=windows8.1-kb3080800-x86.msu
SIZE=231410
TYPE=HOTFIX(SVCPACK.INF)
CATEGORY=
TIE_UP=
XOR_KEY=
SYNCHRO_KEY=
RELEASE=2015/09/08
RUN_ORDER=016
CMD=
DECODE=0
DECODE_TYPE=
DECODE_GET=
IEXPRESS=0
IEXPRESS_LIST=
IEXPRESS_CMD=
PREVIOUS_SP=
COMMENT=

[KB3011780]
TITLE=Security Update for Windows 8.1 for x86-based Systems (KB3011780)
INFO=http://support.microsoft.com/kb/3011780
FILE=http://download.windowsupdate.com/c/msdownload/update/software/secu/2014/11/windows8.1-kb3011780-x86_008bfec8495d172fb68a9b08394b712aedeb8cf1.msu
RENAME=windows8.1-kb3011780-x86.msu
SIZE=625160
TYPE=HOTFIX(SVCPACK.INF)
CATEGORY=
TIE_UP=
XOR_KEY=
SYNCHRO_KEY=
RELEASE=2014/11/10
RUN_ORDER=017
CMD=
DECODE=0
DECODE_TYPE=
DECODE_GET=
IEXPRESS=0
IEXPRESS_LIST=
IEXPRESS_CMD=
PREVIOUS_SP=
COMMENT=

[KB3146723]
TITLE=Security Update for Windows 8.1 for x86-based Systems (KB3146723)
INFO=http://support.microsoft.com/kb/3146723
FILE=http://download.windowsupdate.com/d/msdownload/update/software/secu/2016/03/windows8.1-kb3146723-x86_5f3689532bf8969d68f21b7b3f82b111f8232f43.msu
RENAME=windows8.1-kb3146723-x86.msu
SIZE=11259511
TYPE=HOTFIX(SVCPACK.INF)
CATEGORY=
TIE_UP=
XOR_KEY=
SYNCHRO_KEY=
RELEASE=2016/03/22
RUN_ORDER=018
CMD=
DECODE=0
DECODE_TYPE=
DECODE_GET=
IEXPRESS=0
IEXPRESS_LIST=
IEXPRESS_CMD=
PREVIOUS_SP=
COMMENT=

[KB3138910]
TITLE=Security Update for Windows 8.1 for x86-based Systems (KB3138910)
INFO=http://support.microsoft.com/kb/3138910
FILE=http://download.windowsupdate.com/c/msdownload/update/software/secu/2016/02/windows8.1-kb3138910-x86_ccb01db85bda2579e2ca16555320082e517a93d5.msu
RENAME=windows8.1-kb3138910-x86.msu
SIZE=414241
TYPE=HOTFIX(SVCPACK.INF)
CATEGORY=
TIE_UP=
XOR_KEY=
SYNCHRO_KEY=
RELEASE=2016/02/18
RUN_ORDER=019
CMD=
DECODE=0
DECODE_TYPE=
DECODE_GET=
IEXPRESS=0
IEXPRESS_LIST=
IEXPRESS_CMD=
PREVIOUS_SP=
COMMENT=

[KB3045685]
TITLE=Security Update for Windows 8.1 for x86-based Systems (KB3045685)
INFO=http://support.microsoft.com/kb/3045685
FILE=http://download.windowsupdate.com/d/msdownload/update/software/secu/2015/03/windows8.1-kb3045685-x86_626bc97f40fb3f4187966064fb85be2d0a66075f.msu
RENAME=windows8.1-kb3045685-x86.msu
SIZE=365109
TYPE=HOTFIX(SVCPACK.INF)
CATEGORY=
TIE_UP=
XOR_KEY=
SYNCHRO_KEY=
RELEASE=2015/03/23
RUN_ORDER=020
CMD=
DECODE=0
DECODE_TYPE=
DECODE_GET=
IEXPRESS=0
IEXPRESS_LIST=
IEXPRESS_CMD=
PREVIOUS_SP=
COMMENT=

[KB3013531]
TITLE=Update for Windows 8.1 for x86-based Systems (KB3013531)
INFO=http://support.microsoft.com/kb/3013531
FILE=http://download.windowsupdate.com/c/msdownload/update/software/updt/2015/04/windows8.1-kb3013531-x86_f23c2a6bfb4590d409964411f91c28a67ea65391.msu
RENAME=windows8.1-kb3013531-x86.msu
SIZE=1189093
TYPE=HOTFIX(SVCPACK.INF)
CATEGORY=
TIE_UP=
XOR_KEY=
SYNCHRO_KEY=
RELEASE=2015/04/11
RUN_ORDER=021
CMD=
DECODE=0
DECODE_TYPE=
DECODE_GET=
IEXPRESS=0
IEXPRESS_LIST=
IEXPRESS_CMD=
PREVIOUS_SP=
COMMENT=

[KB3077715]
TITLE=Update for Windows 8.1 for x86-based Systems (KB3077715)
INFO=http://support.microsoft.com/kb/3077715
FILE=http://download.windowsupdate.com/d/msdownload/update/software/updt/2015/08/windows8.1-kb3077715-x86_3e4fee93bbd15e264dd0908f26db6a7fd1ada336.msu
RENAME=windows8.1-kb3077715-x86.msu
SIZE=691941
TYPE=HOTFIX(SVCPACK.INF)
CATEGORY=
TIE_UP=
XOR_KEY=
SYNCHRO_KEY=
RELEASE=2015/08/17
RUN_ORDER=022
CMD=
DECODE=0
DECODE_TYPE=
DECODE_GET=
IEXPRESS=0
IEXPRESS_LIST=
IEXPRESS_CMD=
PREVIOUS_SP=
COMMENT=

[KB3035126]
TITLE=Security Update for Windows 8.1 for x86-based Systems (KB3035126)
INFO=http://support.microsoft.com/kb/3035126
FILE=http://download.windowsupdate.com/c/msdownload/update/software/secu/2015/02/windows8.1-kb3035126-x86_bb2255216c32c2bcee7db96b6a2cad44c848a088.msu
RENAME=windows8.1-kb3035126-x86.msu
SIZE=380882
TYPE=HOTFIX(SVCPACK.INF)
CATEGORY=
TIE_UP=
XOR_KEY=
SYNCHRO_KEY=
RELEASE=2015/02/16
RUN_ORDER=023
CMD=
DECODE=0
DECODE_TYPE=
DECODE_GET=
IEXPRESS=0
IEXPRESS_LIST=
IEXPRESS_CMD=
PREVIOUS_SP=
COMMENT=

[KB3161102]
TITLE=Update for Windows 8.1 for x86-based Systems (KB3161102)
INFO=http://support.microsoft.com/kb/3161102
FILE=http://download.windowsupdate.com/d/msdownload/update/software/updt/2016/07/windows8.1-kb3161102-x86_1632356a29d56e224eae8de695de1c4e12ebbc16.msu
RENAME=windows8.1-kb3161102-x86.msu
SIZE=296289
TYPE=HOTFIX(SVCPACK.INF)
CATEGORY=
TIE_UP=
XOR_KEY=
SYNCHRO_KEY=
RELEASE=2016/07/25
RUN_ORDER=024
CMD=
DECODE=0
DECODE_TYPE=
DECODE_GET=
IEXPRESS=0
IEXPRESS_LIST=
IEXPRESS_CMD=
PREVIOUS_SP=
COMMENT=

[KB3036612]
TITLE=Update for Windows 8.1 for x86-based Systems (KB3036612)
INFO=http://support.microsoft.com/kb/3036612
FILE=http://download.windowsupdate.com/c/msdownload/update/software/updt/2015/03/windows8.1-kb3036612-x86_445e85d882513018696e55a186835ef0d94788d5.msu
RENAME=windows8.1-kb3036612-x86.msu
SIZE=512326
TYPE=HOTFIX(SVCPACK.INF)
CATEGORY=
TIE_UP=
XOR_KEY=
SYNCHRO_KEY=
RELEASE=2015/03/04
RUN_ORDER=025
CMD=
DECODE=0
DECODE_TYPE=
DECODE_GET=
IEXPRESS=0
IEXPRESS_LIST=
IEXPRESS_CMD=
PREVIOUS_SP=
COMMENT=

[KB3178539]
TITLE=Security Update for Windows 8.1 for x86-based Systems (KB3178539)
INFO=http://support.microsoft.com/kb/3178539
FILE=http://download.windowsupdate.com/c/msdownload/update/software/secu/2016/09/windows8.1-kb3178539-x86_bcf957a9f18d52c7d6920cccaf1967cd91def40b.msu
RENAME=windows8.1-kb3178539-x86.msu
SIZE=482612
TYPE=HOTFIX(SVCPACK.INF)
CATEGORY=
TIE_UP=
XOR_KEY=
SYNCHRO_KEY=
RELEASE=2016/09/07
RUN_ORDER=026
CMD=
DECODE=0
DECODE_TYPE=
DECODE_GET=
IEXPRESS=0
IEXPRESS_LIST=
IEXPRESS_CMD=
PREVIOUS_SP=
COMMENT=

[KB3155784]
TITLE=Security Update for Windows 8.1 for x86-based Systems (KB3155784)
INFO=http://support.microsoft.com/kb/3155784
FILE=http://download.windowsupdate.com/c/msdownload/update/software/secu/2016/04/windows8.1-kb3155784-x86_3dcc7de760267bfd0430b39fc41f8fa0b5f27ca4.msu
RENAME=windows8.1-kb3155784-x86.msu
SIZE=233778
TYPE=HOTFIX(SVCPACK.INF)
CATEGORY=
TIE_UP=
XOR_KEY=
SYNCHRO_KEY=
RELEASE=2016/04/21
RUN_ORDER=027
CMD=
DECODE=0
DECODE_TYPE=
DECODE_GET=
IEXPRESS=0
IEXPRESS_LIST=
IEXPRESS_CMD=
PREVIOUS_SP=
COMMENT=

[KB3013769]
TITLE=Update for Windows 8.1 for x86-based Systems (KB3013769)
INFO=http://support.microsoft.com/kb/3013769
FILE=http://download.windowsupdate.com/d/msdownload/update/software/updt/2014/11/windows8.1-kb3013769-x86_8abc5eec07ad26c155f3bf6958a430dfaae2d6d4.msu
RENAME=windows8.1-kb3013769-x86.msu
SIZE=31270853
TYPE=HOTFIX(SVCPACK.INF)
CATEGORY=
TIE_UP=KB2919355
XOR_KEY=
SYNCHRO_KEY=
RELEASE=2014/11/26
RUN_ORDER=028
CMD=
DECODE=0
DECODE_TYPE=
DECODE_GET=
IEXPRESS=0
IEXPRESS_LIST=
IEXPRESS_CMD=
PREVIOUS_SP=
COMMENT=

[KB3004545]
TITLE=Hotfix for Windows 8.1 x86 Edition (KB3004545)
INFO=http://support.microsoft.com/kb/3004545
FILE=http://download.windowsupdate.com/d/msdownload/update/software/htfx/2015/01/windows8.1-kb3004545-x86_1977cba1f42e52a0f17a3c468f222b3c3509017d.msu
RENAME=windows8.1-kb3004545-x86.msu
SIZE=403201
TYPE=HOTFIX(SVCPACK.INF)
CATEGORY=
TIE_UP=KB2919355;KB3013769
XOR_KEY=
SYNCHRO_KEY=
RELEASE=2015/01/29
RUN_ORDER=029
CMD=
DECODE=0
DECODE_TYPE=
DECODE_GET=
IEXPRESS=0
IEXPRESS_LIST=
IEXPRESS_CMD=
PREVIOUS_SP=
COMMENT=

[KB3062760]
TITLE=Security Update for Windows 8.1 for x86-based Systems (KB3062760)
INFO=http://support.microsoft.com/kb/3062760
FILE=http://download.windowsupdate.com/d/msdownload/update/software/secu/2015/05/windows8.1-kb3062760-x86_d6b511c842b644f9a3ae28830ceb76fd8c416b7d.msu
RENAME=windows8.1-kb3062760-x86.msu
SIZE=1579849
TYPE=HOTFIX(SVCPACK.INF)
CATEGORY=
TIE_UP=
XOR_KEY=
SYNCHRO_KEY=
RELEASE=2015/05/20
RUN_ORDER=030
CMD=
DECODE=0
DECODE_TYPE=
DECODE_GET=
IEXPRESS=0
IEXPRESS_LIST=
IEXPRESS_CMD=
PREVIOUS_SP=
COMMENT=

[KB4481252]
TITLE=Microsoft Silverlight (KB4481252)
INFO=http://go.microsoft.com/fwlink/?LinkId=2050218
FILE=http://download.windowsupdate.com/d/msdownload/update/software/ftpk/2019/01/silverlight_a6ea175976edbdeeddfbfb65e64d9d1cfded84a1.exe
RENAME=silverlight-x86.exe
SIZE=7023448
TYPE=HOTFIX(SVCPACK.INF)
CATEGORY=
TIE_UP=
XOR_KEY=
SYNCHRO_KEY=
RELEASE=2019/01/02
RUN_ORDER=031
CMD=/q
DECODE=0
DECODE_TYPE=
DECODE_GET=
IEXPRESS=0
IEXPRESS_LIST=
IEXPRESS_CMD=
PREVIOUS_SP=
COMMENT=

[KB3084135]
TITLE=Security Update for Windows 8.1 for x86-based Systems (KB3084135)
INFO=http://support.microsoft.com/kb/3084135
FILE=http://download.windowsupdate.com/d/msdownload/update/software/secu/2015/08/windows8.1-kb3084135-x86_344e20fb7fa19be48cd75b63653479bdf770017a.msu
RENAME=windows8.1-kb3084135-x86.msu
SIZE=683356
TYPE=HOTFIX(SVCPACK.INF)
CATEGORY=
TIE_UP=
XOR_KEY=
SYNCHRO_KEY=
RELEASE=2015/08/19
RUN_ORDER=032
CMD=
DECODE=0
DECODE_TYPE=
DECODE_GET=
IEXPRESS=0
IEXPRESS_LIST=
IEXPRESS_CMD=
PREVIOUS_SP=
COMMENT=

[KB3149157]
TITLE=Update for Windows 8.1 for x86-based Systems (KB3149157)
INFO=http://support.microsoft.com/kb/3149157
FILE=http://download.windowsupdate.com/d/msdownload/update/software/updt/2016/04/windows8.1-kb3149157-x86_b5c7fdbe98f6ee720db66345db99d41e457c8aae.msu
RENAME=windows8.1-kb3149157-x86.msu
SIZE=2078062
TYPE=HOTFIX(SVCPACK.INF)
CATEGORY=
TIE_UP=
XOR_KEY=
SYNCHRO_KEY=
RELEASE=2016/04/15
RUN_ORDER=033
CMD=
DECODE=0
DECODE_TYPE=
DECODE_GET=
IEXPRESS=0
IEXPRESS_LIST=
IEXPRESS_CMD=
PREVIOUS_SP=
COMMENT=

[KB3058168]
TITLE=Update for Windows 8.1 for x86-based Systems (KB3058168)
INFO=http://support.microsoft.com/kb/3058168
FILE=http://download.windowsupdate.com/d/msdownload/update/software/updt/2015/06/windows8.1-kb3058168-x86_4f10181f934a5122df52134f519f175558962271.msu
RENAME=windows8.1-kb3058168-x86.msu
SIZE=5075095
TYPE=HOTFIX(SVCPACK.INF)
CATEGORY=
TIE_UP=
XOR_KEY=KB3172614
SYNCHRO_KEY=
RELEASE=2015/06/03
RUN_ORDER=034
CMD=
DECODE=0
DECODE_TYPE=
DECODE_GET=
IEXPRESS=0
IEXPRESS_LIST=
IEXPRESS_CMD=
PREVIOUS_SP=
COMMENT=

[KB3018133]
TITLE=Update for Windows 8.1 for x86-based Systems (KB3018133)
INFO=http://support.microsoft.com/kb/3018133
FILE=http://download.windowsupdate.com/c/msdownload/update/software/updt/2015/03/windows8.1-kb3018133-x86_9b67115719b3b1124e4fc34e49bf9229ccea0c2f.msu
RENAME=windows8.1-kb3018133-x86.msu
SIZE=220376
TYPE=HOTFIX(SVCPACK.INF)
CATEGORY=
TIE_UP=
XOR_KEY=
SYNCHRO_KEY=
RELEASE=2015/03/04
RUN_ORDER=035
CMD=
DECODE=0
DECODE_TYPE=
DECODE_GET=
IEXPRESS=0
IEXPRESS_LIST=
IEXPRESS_CMD=
PREVIOUS_SP=
COMMENT=

[KB3175024]
TITLE=Security Update for Windows 8.1 for x86-based Systems (KB3175024)
INFO=http://support.microsoft.com/kb/3175024
FILE=http://download.windowsupdate.com/c/msdownload/update/software/secu/2016/08/windows8.1-kb3175024-x86_60d5c0c491b8282fe54350f9e6ebf01523fe5c3d.msu
RENAME=windows8.1-kb3175024-x86.msu
SIZE=11228512
TYPE=HOTFIX(SVCPACK.INF)
CATEGORY=
TIE_UP=
XOR_KEY=
SYNCHRO_KEY=
RELEASE=2016/08/23
RUN_ORDER=036
CMD=
DECODE=0
DECODE_TYPE=
DECODE_GET=
IEXPRESS=0
IEXPRESS_LIST=
IEXPRESS_CMD=
PREVIOUS_SP=
COMMENT=

[KB3033446]
TITLE=Update for Windows 8.1 for x86-based Systems (KB3033446)
INFO=http://support.microsoft.com/kb/3033446
FILE=http://download.windowsupdate.com/c/msdownload/update/software/updt/2015/04/windows8.1-kb3033446-v2-x86_46cd1b114ce03ecfa1367d8c053bef8351bdbe96.msu
RENAME=windows8.1-kb3033446-v2-x86.msu
SIZE=325854
TYPE=HOTFIX(SVCPACK.INF)
CATEGORY=
TIE_UP=
XOR_KEY=
SYNCHRO_KEY=
RELEASE=2015/04/11
RUN_ORDER=037
CMD=
DECODE=0
DECODE_TYPE=
DECODE_GET=
IEXPRESS=0
IEXPRESS_LIST=
IEXPRESS_CMD=
PREVIOUS_SP=
COMMENT=

[KB3126434]
TITLE=Security Update for Windows 8.1 for x86-based Systems (KB3126434)
INFO=http://support.microsoft.com/kb/3126434
FILE=http://download.windowsupdate.com/c/msdownload/update/software/secu/2016/01/windows8.1-kb3126434-x86_9ad104de533179da35249f0ebd4cc97b28dca654.msu
RENAME=windows8.1-kb3126434-x86.msu
SIZE=408307
TYPE=HOTFIX(SVCPACK.INF)
CATEGORY=
TIE_UP=
XOR_KEY=
SYNCHRO_KEY=
RELEASE=2016/01/21
RUN_ORDER=038
CMD=
DECODE=0
DECODE_TYPE=
DECODE_GET=
IEXPRESS=0
IEXPRESS_LIST=
IEXPRESS_CMD=
PREVIOUS_SP=
COMMENT=

[KB3024751]
TITLE=Update for Windows 8.1 for x86-based Systems (KB3024751)
INFO=http://support.microsoft.com/kb/3024751
FILE=http://download.windowsupdate.com/c/msdownload/update/software/updt/2015/03/windows8.1-kb3024751-x86_f304e11733abcce54ac0f468f27d577fad71fb1e.msu
RENAME=windows8.1-kb3024751-x86.msu
SIZE=492558
TYPE=HOTFIX(SVCPACK.INF)
CATEGORY=
TIE_UP=
XOR_KEY=
SYNCHRO_KEY=
RELEASE=2015/03/04
RUN_ORDER=039
CMD=
DECODE=0
DECODE_TYPE=
DECODE_GET=
IEXPRESS=0
IEXPRESS_LIST=
IEXPRESS_CMD=
PREVIOUS_SP=
COMMENT=

[KB3172729]
TITLE=Security Update for Windows 8.1 for x86-based Systems (KB3172729)
INFO=http://support.microsoft.com/kb/3172729
FILE=http://download.windowsupdate.com/d/msdownload/update/software/secu/2016/07/windows8.1-kb3172729-x86_acb9dd33c1657ac9189158c1176e91540ba60ca3.msu
RENAME=windows8.1-kb3172729-x86.msu
SIZE=263321
TYPE=HOTFIX(SVCPACK.INF)
CATEGORY=
TIE_UP=KB2919355
XOR_KEY=
SYNCHRO_KEY=
RELEASE=2016/07/20
RUN_ORDER=040
CMD=
DECODE=0
DECODE_TYPE=
DECODE_GET=
IEXPRESS=0
IEXPRESS_LIST=
IEXPRESS_CMD=
PREVIOUS_SP=
COMMENT=

[KB3064059]
TITLE=Update for Windows 8.1 for x86-based Systems (KB3064059)
INFO=http://support.microsoft.com/kb/3064059
FILE=http://download.windowsupdate.com/d/msdownload/update/software/updt/2015/06/windows8.1-kb3064059-x86_c15298cee9dc7fefc942836b1514fd4cfccd9370.msu
RENAME=windows8.1-kb3064059-x86.msu
SIZE=326926
TYPE=HOTFIX(SVCPACK.INF)
CATEGORY=
TIE_UP=
XOR_KEY=
SYNCHRO_KEY=
RELEASE=2015/06/03
RUN_ORDER=041
CMD=
DECODE=0
DECODE_TYPE=
DECODE_GET=
IEXPRESS=0
IEXPRESS_LIST=
IEXPRESS_CMD=
PREVIOUS_SP=
COMMENT=

[KB3046017]
TITLE=Security Update for Windows 8.1 for x86-based Systems (KB3046017)
INFO=http://support.microsoft.com/kb/3046017
FILE=http://download.windowsupdate.com/d/msdownload/update/software/secu/2015/07/windows8.1-kb3046017-x86_a9f1c0e3b41898bc3be41dfeb313725cd7386d2a.msu
RENAME=windows8.1-kb3046017-x86.msu
SIZE=351064
TYPE=HOTFIX(SVCPACK.INF)
CATEGORY=
TIE_UP=
XOR_KEY=
SYNCHRO_KEY=
RELEASE=2015/07/22
RUN_ORDER=042
CMD=
DECODE=0
DECODE_TYPE=
DECODE_GET=
IEXPRESS=0
IEXPRESS_LIST=
IEXPRESS_CMD=
PREVIOUS_SP=
COMMENT=

[KB3055343]
TITLE=Update for Windows 8.1 for x86-based Systems (KB3055343)
INFO=http://support.microsoft.com/kb/3055343
FILE=http://download.windowsupdate.com/d/msdownload/update/software/updt/2015/07/windows8.1-kb3055343-v2-x86_cb2cb069ae6376a0e711d79dbd500ec3f3c2b59c.msu
RENAME=windows8.1-kb3055343-v2-x86.msu
SIZE=777565
TYPE=HOTFIX(SVCPACK.INF)
CATEGORY=
TIE_UP=
XOR_KEY=
SYNCHRO_KEY=
RELEASE=2015/07/22
RUN_ORDER=043
CMD=
DECODE=0
DECODE_TYPE=
DECODE_GET=
IEXPRESS=0
IEXPRESS_LIST=
IEXPRESS_CMD=
PREVIOUS_SP=
COMMENT=

[KB3038002]
TITLE=Update for Windows 8.1 for x86-based Systems (KB3038002)
INFO=http://support.microsoft.com/kb/3038002
FILE=http://download.windowsupdate.com/c/msdownload/update/software/updt/2015/04/windows8.1-kb3038002-v2-x86_9889454c657aa99febe454e35d0ce036c5c15907.msu
RENAME=windows8.1-kb3038002-v2-x86.msu
SIZE=324353
TYPE=HOTFIX(SVCPACK.INF)
CATEGORY=
TIE_UP=
XOR_KEY=
SYNCHRO_KEY=
RELEASE=2015/04/11
RUN_ORDER=044
CMD=
DECODE=0
DECODE_TYPE=
DECODE_GET=
IEXPRESS=0
IEXPRESS_LIST=
IEXPRESS_CMD=
PREVIOUS_SP=
COMMENT=

[KB3145384]
TITLE=Update for Windows 8.1 for x86-based Systems (KB3145384)
INFO=http://support.microsoft.com/kb/3145384
FILE=http://download.windowsupdate.com/d/msdownload/update/software/updt/2016/04/windows8.1-kb3145384-x86_ca1e15c7404c0706943be03fccee494d4625d9b5.msu
RENAME=windows8.1-kb3145384-x86.msu
SIZE=331094
TYPE=HOTFIX(SVCPACK.INF)
CATEGORY=
TIE_UP=
XOR_KEY=
SYNCHRO_KEY=
RELEASE=2016/04/15
RUN_ORDER=045
CMD=
DECODE=0
DECODE_TYPE=
DECODE_GET=
IEXPRESS=0
IEXPRESS_LIST=
IEXPRESS_CMD=
PREVIOUS_SP=
COMMENT=

[KB2990967]
TITLE=Update for Windows 8.1 for x86-based Systems (KB2990967)
INFO=http://support.microsoft.com/kb/2990967
FILE=http://download.windowsupdate.com/d/msdownload/update/software/updt/2014/09/windows8.1-kb2990967-x86_cf21c0cbea2be8f44e8d38c2cef1f84386e6c230.msu
RENAME=windows8.1-kb2990967-x86.msu
SIZE=203512
TYPE=HOTFIX(SVCPACK.INF)
CATEGORY=
TIE_UP=
XOR_KEY=
SYNCHRO_KEY=
RELEASE=2014/09/02
RUN_ORDER=046
CMD=
DECODE=0
DECODE_TYPE=
DECODE_GET=
IEXPRESS=0
IEXPRESS_LIST=
IEXPRESS_CMD=
PREVIOUS_SP=
COMMENT=

[KB2899189]
TITLE=Update for Microsoft Camera Codec Pack for Windows 8.1 for x86-based Systems (KB2899189)
INFO=http://support.microsoft.com/kb/2899189
FILE=http://download.windowsupdate.com/c/msdownload/update/software/updt/2013/12/windows8.1-kb2899189-x86_09f2b9d64e1979a1b033e86ae066d28d1e05c01b.msu
RENAME=windows8.1-kb2899189-x86.msu
SIZE=7386478
TYPE=HOTFIX(SVCPACK.INF)
CATEGORY=
TIE_UP=
XOR_KEY=
SYNCHRO_KEY=
RELEASE=2013/12/04
RUN_ORDER=047
CMD=
DECODE=0
DECODE_TYPE=
DECODE_GET=
IEXPRESS=0
IEXPRESS_LIST=
IEXPRESS_CMD=
PREVIOUS_SP=
COMMENT=

[KB3059317]
TITLE=Security Update for Windows 8.1 for x86-based Systems (KB3059317)
INFO=http://support.microsoft.com/kb/3059317
FILE=http://download.windowsupdate.com/d/msdownload/update/software/secu/2015/05/windows8.1-kb3059317-x86_cd13ff75515e4ba5664d4cdf8c961a26bc45dfc8.msu
RENAME=windows8.1-kb3059317-x86.msu
SIZE=1638506
TYPE=HOTFIX(SVCPACK.INF)
CATEGORY=
TIE_UP=
XOR_KEY=
SYNCHRO_KEY=
RELEASE=2015/05/20
RUN_ORDER=048
CMD=
DECODE=0
DECODE_TYPE=
DECODE_GET=
IEXPRESS=0
IEXPRESS_LIST=
IEXPRESS_CMD=
PREVIOUS_SP=
COMMENT=

[KB3013410]
TITLE=Update for Windows 8.1 for x86-based Systems (KB3013410)
INFO=http://support.microsoft.com/kb/3013410
FILE=http://download.windowsupdate.com/d/msdownload/update/software/updt/2014/11/windows8.1-kb3013410-x86_3d142064099aa7eb053eb9dea45f89567811a9eb.msu
RENAME=windows8.1-kb3013410-x86.msu
SIZE=796626
TYPE=HOTFIX(SVCPACK.INF)
CATEGORY=
TIE_UP=
XOR_KEY=
SYNCHRO_KEY=
RELEASE=2014/11/26
RUN_ORDER=049
CMD=
DECODE=0
DECODE_TYPE=
DECODE_GET=
IEXPRESS=0
IEXPRESS_LIST=
IEXPRESS_CMD=
PREVIOUS_SP=
COMMENT=

[KB3061493]
TITLE=Update for Windows 8.1 for x86-based Systems (KB3061493)
INFO=http://support.microsoft.com/kb/3061493
FILE=http://download.windowsupdate.com/d/msdownload/update/software/updt/2015/07/windows8.1-kb3061493-x86_afa0957c9d955d48c33f524eaeb8d012d2479bb6.msu
RENAME=windows8.1-kb3061493-x86.msu
SIZE=225687
TYPE=HOTFIX(SVCPACK.INF)
CATEGORY=
TIE_UP=
XOR_KEY=
SYNCHRO_KEY=
RELEASE=2015/07/16
RUN_ORDER=050
CMD=
DECODE=0
DECODE_TYPE=
DECODE_GET=
IEXPRESS=0
IEXPRESS_LIST=
IEXPRESS_CMD=
PREVIOUS_SP=
COMMENT=

[KB3139398]
TITLE=Security Update for Windows 8.1 for x86-based Systems (KB3139398)
INFO=http://support.microsoft.com/kb/3139398
FILE=http://download.windowsupdate.com/c/msdownload/update/software/secu/2016/02/windows8.1-kb3139398-x86_8b0ab20ea83fa8f18c431664a0e497f853dc406b.msu
RENAME=windows8.1-kb3139398-x86.msu
SIZE=307054
TYPE=HOTFIX(SVCPACK.INF)
CATEGORY=
TIE_UP=
XOR_KEY=
SYNCHRO_KEY=
RELEASE=2016/02/18
RUN_ORDER=051
CMD=
DECODE=0
DECODE_TYPE=
DECODE_GET=
IEXPRESS=0
IEXPRESS_LIST=
IEXPRESS_CMD=
PREVIOUS_SP=
COMMENT=

[KB3103696]
TITLE=Update for Windows 8.1 for x86-based Systems (KB3103696)
INFO=http://support.microsoft.com/kb/3103696
FILE=http://download.windowsupdate.com/d/msdownload/update/software/updt/2015/11/windows8.1-kb3103696-x86_cb60e4e6117f8cfac8380ccf500a13374be379bc.msu
RENAME=windows8.1-kb3103696-x86.msu
SIZE=714607
TYPE=HOTFIX(SVCPACK.INF)
CATEGORY=
TIE_UP=
XOR_KEY=
SYNCHRO_KEY=
RELEASE=2015/11/06
RUN_ORDER=052
CMD=
DECODE=0
DECODE_TYPE=
DECODE_GET=
IEXPRESS=0
IEXPRESS_LIST=
IEXPRESS_CMD=
PREVIOUS_SP=
COMMENT=

[KB3054464]
TITLE=Update for Windows 8.1 for x86-based Systems (KB3054464)
INFO=http://support.microsoft.com/kb/3054464
FILE=http://download.windowsupdate.com/c/msdownload/update/software/updt/2015/05/windows8.1-kb3054464-x86_119d1a88edacb2cc1418343fcfeba0826a223217.msu
RENAME=windows8.1-kb3054464-x86.msu
SIZE=583139
TYPE=HOTFIX(SVCPACK.INF)
CATEGORY=
TIE_UP=
XOR_KEY=
SYNCHRO_KEY=
RELEASE=2015/05/06
RUN_ORDER=053
CMD=
DECODE=0
DECODE_TYPE=
DECODE_GET=
IEXPRESS=0
IEXPRESS_LIST=
IEXPRESS_CMD=
PREVIOUS_SP=
COMMENT=

[KB3187754]
TITLE=Security Update for Windows 8.1 for x86-based Systems (KB3187754)
INFO=http://support.microsoft.com/kb/3187754
FILE=http://download.windowsupdate.com/c/msdownload/update/software/secu/2016/09/windows8.1-kb3187754-v2-x86_1ccfa4c4b732dac305264a78704a49d01f62beb7.msu
RENAME=windows8.1-kb3187754-v2-x86.msu
SIZE=2607840
TYPE=HOTFIX(SVCPACK.INF)
CATEGORY=
TIE_UP=
XOR_KEY=
SYNCHRO_KEY=
RELEASE=2016/09/09
RUN_ORDER=054
CMD=
DECODE=0
DECODE_TYPE=
DECODE_GET=
IEXPRESS=0
IEXPRESS_LIST=
IEXPRESS_CMD=
PREVIOUS_SP=
COMMENT=

[KB3138962]
TITLE=Security Update for Windows 8.1 for x86-based Systems (KB3138962)
INFO=http://support.microsoft.com/kb/3138962
FILE=http://download.windowsupdate.com/c/msdownload/update/software/secu/2016/02/windows8.1-kb3138962-x86_bc67ff69bb5923bcdd710ae58c308abf49b44eee.msu
RENAME=windows8.1-kb3138962-x86.msu
SIZE=10601633
TYPE=HOTFIX(SVCPACK.INF)
CATEGORY=
TIE_UP=
XOR_KEY=
SYNCHRO_KEY=
RELEASE=2016/02/18
RUN_ORDER=055
CMD=
DECODE=0
DECODE_TYPE=
DECODE_GET=
IEXPRESS=0
IEXPRESS_LIST=
IEXPRESS_CMD=
PREVIOUS_SP=
COMMENT=

[KB3013816]
TITLE=Update for Windows 8.1 for x86-based Systems (KB3013816)
INFO=http://support.microsoft.com/kb/3013816
FILE=http://download.windowsupdate.com/d/msdownload/update/software/updt/2014/11/windows8.1-kb3013816-x86_93d1f353ac62cfcac8a763bf2d1ac366ddc5496d.msu
RENAME=windows8.1-kb3013816-x86.msu
SIZE=3954276
TYPE=HOTFIX(SVCPACK.INF)
CATEGORY=
TIE_UP=KB2919355
XOR_KEY=
SYNCHRO_KEY=
RELEASE=2014/11/26
RUN_ORDER=056
CMD=
DECODE=0
DECODE_TYPE=
DECODE_GET=
IEXPRESS=0
IEXPRESS_LIST=
IEXPRESS_CMD=
PREVIOUS_SP=
COMMENT=

[KB3115224]
TITLE=Update for Windows 8.1 for x86-based Systems (KB3115224)
INFO=http://support.microsoft.com/kb/3115224
FILE=http://download.windowsupdate.com/c/msdownload/update/software/updt/2016/03/windows8.1-kb3115224-v2-x86_3ef186230ab0388b489613b7afb2c81b0f3c3fce.msu
RENAME=windows8.1-kb3115224-v2-x86.msu
SIZE=11762137
TYPE=HOTFIX(SVCPACK.INF)
CATEGORY=
TIE_UP=
XOR_KEY=
SYNCHRO_KEY=
RELEASE=2016/03/03
RUN_ORDER=057
CMD=
DECODE=0
DECODE_TYPE=
DECODE_GET=
IEXPRESS=0
IEXPRESS_LIST=
IEXPRESS_CMD=
PREVIOUS_SP=
COMMENT=

[KB3099834]
TITLE=Update for Windows 8.1 for x86-based Systems (KB3099834)
INFO=http://support.microsoft.com/kb/3099834
FILE=http://download.windowsupdate.com/d/msdownload/update/software/updt/2015/11/windows8.1-kb3099834-x86_8187993baa6bc3b64c6aacb62722a0ff738d5b7a.msu
RENAME=windows8.1-kb3099834-x86.msu
SIZE=228002
TYPE=HOTFIX(SVCPACK.INF)
CATEGORY=
TIE_UP=
XOR_KEY=
SYNCHRO_KEY=
RELEASE=2015/11/06
RUN_ORDER=058
CMD=
DECODE=0
DECODE_TYPE=
DECODE_GET=
IEXPRESS=0
IEXPRESS_LIST=
IEXPRESS_CMD=
PREVIOUS_SP=
COMMENT=

[KB3013172]
TITLE=Update for Windows 8.1 for x86-based Systems (KB3013172)
INFO=http://support.microsoft.com/kb/3013172
FILE=http://download.windowsupdate.com/c/msdownload/update/software/updt/2015/03/windows8.1-kb3013172-x86_92d5ddc4a2e38944769e22bf246c3aaab8b61a1b.msu
RENAME=windows8.1-kb3013172-x86.msu
SIZE=235790
TYPE=HOTFIX(SVCPACK.INF)
CATEGORY=
TIE_UP=
XOR_KEY=
SYNCHRO_KEY=
RELEASE=2015/03/04
RUN_ORDER=059
CMD=
DECODE=0
DECODE_TYPE=
DECODE_GET=
IEXPRESS=0
IEXPRESS_LIST=
IEXPRESS_CMD=
PREVIOUS_SP=
COMMENT=

[KB3027209]
TITLE=Update for Windows 8.1 for x86-based Systems (KB3027209)
INFO=http://support.microsoft.com/kb/3027209
FILE=http://download.windowsupdate.com/c/msdownload/update/software/updt/2015/03/windows8.1-kb3027209-x86_21d70011f30a5d25a2cd176f8b48f0d06fd58799.msu
RENAME=windows8.1-kb3027209-x86.msu
SIZE=1478675
TYPE=HOTFIX(SVCPACK.INF)
CATEGORY=
TIE_UP=
XOR_KEY=
SYNCHRO_KEY=
RELEASE=2015/03/04
RUN_ORDER=060
CMD=
DECODE=0
DECODE_TYPE=
DECODE_GET=
IEXPRESS=0
IEXPRESS_LIST=
IEXPRESS_CMD=
PREVIOUS_SP=
COMMENT=

[KB3179574]
TITLE=Update for Windows 8.1 for x86-based Systems (KB3179574)
INFO=http://support.microsoft.com/kb/3179574
FILE=http://download.windowsupdate.com/d/msdownload/update/software/updt/2016/08/windows8.1-kb3179574-x86_8b229e05915452a38a4b22bd15783b11c9b34c9f.msu
RENAME=windows8.1-kb3179574-x86.msu
SIZE=18319422
TYPE=HOTFIX(SVCPACK.INF)
CATEGORY=
TIE_UP=
XOR_KEY=
SYNCHRO_KEY=
RELEASE=2016/08/10
RUN_ORDER=061
CMD=
DECODE=0
DECODE_TYPE=
DECODE_GET=
IEXPRESS=0
IEXPRESS_LIST=
IEXPRESS_CMD=
PREVIOUS_SP=
COMMENT=

[KB3146751]
TITLE=Update for Windows 8.1 for x86-based Systems (KB3146751)
INFO=http://support.microsoft.com/kb/3146751
FILE=http://download.windowsupdate.com/d/msdownload/update/software/updt/2016/04/windows8.1-kb3146751-x86_5b007d067b967c4152febfdeba53ab76993a8a31.msu
RENAME=windows8.1-kb3146751-x86.msu
SIZE=264622
TYPE=HOTFIX(SVCPACK.INF)
CATEGORY=
TIE_UP=
XOR_KEY=
SYNCHRO_KEY=
RELEASE=2016/04/15
RUN_ORDER=062
CMD=
DECODE=0
DECODE_TYPE=
DECODE_GET=
IEXPRESS=0
IEXPRESS_LIST=
IEXPRESS_CMD=
PREVIOUS_SP=
COMMENT=

[KB3054256]
TITLE=Update for Windows 8.1 for x86-based Systems (KB3054256)
INFO=http://support.microsoft.com/kb/3054256
FILE=http://download.windowsupdate.com/d/msdownload/update/software/updt/2015/06/windows8.1-kb3054256-v2-x86_f9a72bb29e9c09763847ed456617438ab202a054.msu
RENAME=windows8.1-kb3054256-v2-x86.msu
SIZE=1174133
TYPE=HOTFIX(SVCPACK.INF)
CATEGORY=
TIE_UP=
XOR_KEY=
SYNCHRO_KEY=
RELEASE=2015/06/03
RUN_ORDER=063
CMD=
DECODE=0
DECODE_TYPE=
DECODE_GET=
IEXPRESS=0
IEXPRESS_LIST=
IEXPRESS_CMD=
PREVIOUS_SP=
COMMENT=

[KB3140185]
TITLE=Update for Windows 8.1 for x86-based Systems (KB3140185)
INFO=http://support.microsoft.com/kb/3140185
FILE=http://download.windowsupdate.com/d/msdownload/update/software/updt/2016/03/windows8.1-kb3140185-x86_e07c7ee3dc93d0619b47daf52787df24b750d1a8.msu
RENAME=windows8.1-kb3140185-x86.msu
SIZE=415418
TYPE=HOTFIX(SVCPACK.INF)
CATEGORY=
TIE_UP=
XOR_KEY=
SYNCHRO_KEY=
RELEASE=2016/03/07
RUN_ORDER=064
CMD=
DECODE=0
DECODE_TYPE=
DECODE_GET=
IEXPRESS=0
IEXPRESS_LIST=
IEXPRESS_CMD=
PREVIOUS_SP=
COMMENT=

[KB3139914]
TITLE=Security Update for Windows 8.1 for x86-based Systems (KB3139914)
INFO=http://support.microsoft.com/kb/3139914
FILE=http://download.windowsupdate.com/d/msdownload/update/software/secu/2016/02/windows8.1-kb3139914-x86_6a31676d512122e9667ed1f326bdd6cb48bff7ff.msu
RENAME=windows8.1-kb3139914-x86.msu
SIZE=214829
TYPE=HOTFIX(SVCPACK.INF)
CATEGORY=
TIE_UP=
XOR_KEY=
SYNCHRO_KEY=
RELEASE=2016/02/18
RUN_ORDER=065
CMD=
DECODE=0
DECODE_TYPE=
DECODE_GET=
IEXPRESS=0
IEXPRESS_LIST=
IEXPRESS_CMD=
PREVIOUS_SP=
COMMENT=

[KB3008242]
TITLE=Update for Windows 8.1 for x86-based Systems (KB3008242)
INFO=http://support.microsoft.com/kb/3008242
FILE=http://download.windowsupdate.com/d/msdownload/update/software/crup/2014/11/windows8.1-kb3008242-x86_0b0eafc30f51e777845a867725145ee9c9863c25.msu
RENAME=windows8.1-kb3008242-x86.msu
SIZE=388980
TYPE=HOTFIX(SVCPACK.INF)
CATEGORY=
TIE_UP=
XOR_KEY=
SYNCHRO_KEY=
RELEASE=2014/11/05
RUN_ORDER=066
CMD=
DECODE=0
DECODE_TYPE=
DECODE_GET=
IEXPRESS=0
IEXPRESS_LIST=
IEXPRESS_CMD=
PREVIOUS_SP=
COMMENT=

[KB3118401]
TITLE=Update for Windows 8.1 for x86-based Systems (KB3118401)
INFO=http://support.microsoft.com/kb/3118401
FILE=http://download.windowsupdate.com/c/msdownload/update/software/updt/2016/02/windows8.1-kb3118401-x86_a746ed4d040c315daca0b5b886d832ebec7b40f5.msu
RENAME=windows8.1-kb3118401-x86.msu
SIZE=607985
TYPE=HOTFIX(SVCPACK.INF)
CATEGORY=
TIE_UP=
XOR_KEY=KB4537821
SYNCHRO_KEY=
RELEASE=2016/02/09
RUN_ORDER=067
CMD=
DECODE=0
DECODE_TYPE=
DECODE_GET=
IEXPRESS=0
IEXPRESS_LIST=
IEXPRESS_CMD=
PREVIOUS_SP=
COMMENT=

[KB3082089]
TITLE=Security Update for Windows 8.1 for x86-based Systems (KB3082089)
INFO=http://support.microsoft.com/kb/3082089
FILE=http://download.windowsupdate.com/d/msdownload/update/software/secu/2015/08/windows8.1-kb3082089-x86_0e3192e5f08a828ef6480536de97ae9254a7cd2a.msu
RENAME=windows8.1-kb3082089-x86.msu
SIZE=2086707
TYPE=HOTFIX(SVCPACK.INF)
CATEGORY=
TIE_UP=
XOR_KEY=
SYNCHRO_KEY=
RELEASE=2015/08/19
RUN_ORDER=068
CMD=
DECODE=0
DECODE_TYPE=
DECODE_GET=
IEXPRESS=0
IEXPRESS_LIST=
IEXPRESS_CMD=
PREVIOUS_SP=
COMMENT=

[KB3103616]
TITLE=Update for Windows 8.1 for x86-based Systems (KB3103616)
INFO=http://support.microsoft.com/kb/3103616
FILE=http://download.windowsupdate.com/d/msdownload/update/software/updt/2016/04/windows8.1-kb3103616-x86_2309c0d76a0d23a43a7d04a18bd26f15773d9715.msu
RENAME=windows8.1-kb3103616-x86.msu
SIZE=269361
TYPE=HOTFIX(SVCPACK.INF)
CATEGORY=
TIE_UP=
XOR_KEY=
SYNCHRO_KEY=
RELEASE=2016/04/15
RUN_ORDER=069
CMD=
DECODE=0
DECODE_TYPE=
DECODE_GET=
IEXPRESS=0
IEXPRESS_LIST=
IEXPRESS_CMD=
PREVIOUS_SP=
COMMENT=

[KB3185319]
TITLE=Cumulative Security Update for Internet Explorer 11 for Windows 8.1 for x86-based Systems (KB3185319)
INFO=http://support.microsoft.com/kb/3185319
FILE=http://download.windowsupdate.com/d/msdownload/update/software/secu/2016/09/windows8.1-kb3185319-v2-x86_5f4bf5ccc49a798cf6a78f49462befe62934a937.msu
RENAME=windows8.1-kb3185319-v2-x86.msu
SIZE=30219207
TYPE=HOTFIX(SVCPACK.INF)
CATEGORY=
TIE_UP=
XOR_KEY=KB4537767
SYNCHRO_KEY=
RELEASE=2016/09/08
RUN_ORDER=070
CMD=
DECODE=0
DECODE_TYPE=
DECODE_GET=
IEXPRESS=0
IEXPRESS_LIST=
IEXPRESS_CMD=
PREVIOUS_SP=
COMMENT=

[KB3100473]
TITLE=Update for Windows 8.1 for x86-based Systems (KB3100473)
INFO=http://support.microsoft.com/kb/3100473
FILE=http://download.windowsupdate.com/c/msdownload/update/software/updt/2016/03/windows8.1-kb3100473-x86_7ba96d41704ec1c405fcb538be3c6fb104f68151.msu
RENAME=windows8.1-kb3100473-x86.msu
SIZE=1340498
TYPE=HOTFIX(SVCPACK.INF)
CATEGORY=
TIE_UP=
XOR_KEY=
SYNCHRO_KEY=
RELEASE=2016/03/07
RUN_ORDER=071
CMD=
DECODE=0
DECODE_TYPE=
DECODE_GET=
IEXPRESS=0
IEXPRESS_LIST=
IEXPRESS_CMD=
PREVIOUS_SP=
COMMENT=

[KB3030947]
TITLE=Update for Windows 8.1 for x86-based Systems (KB3030947)
INFO=http://support.microsoft.com/kb/3030947
FILE=http://download.windowsupdate.com/c/msdownload/update/software/updt/2015/03/windows8.1-kb3030947-x86_4b15156b3c36e5c4d15e913c1318c0fcc4112bec.msu
RENAME=windows8.1-kb3030947-x86.msu
SIZE=2041221
TYPE=HOTFIX(SVCPACK.INF)
CATEGORY=
TIE_UP=
XOR_KEY=
SYNCHRO_KEY=
RELEASE=2015/03/04
RUN_ORDER=072
CMD=
DECODE=0
DECODE_TYPE=
DECODE_GET=
IEXPRESS=0
IEXPRESS_LIST=
IEXPRESS_CMD=
PREVIOUS_SP=
COMMENT=

[KB3076949]
TITLE=Security Update for Windows 8.1 for x86-based Systems (KB3076949)
INFO=http://support.microsoft.com/kb/3076949
FILE=http://download.windowsupdate.com/d/msdownload/update/software/secu/2015/07/windows8.1-kb3076949-x86_baf4582cf62d5627116fb7193a567fb5445cdb00.msu
RENAME=windows8.1-kb3076949-x86.msu
SIZE=323766
TYPE=HOTFIX(SVCPACK.INF)
CATEGORY=
TIE_UP=
XOR_KEY=
SYNCHRO_KEY=
RELEASE=2015/07/22
RUN_ORDER=073
CMD=
DECODE=0
DECODE_TYPE=
DECODE_GET=
IEXPRESS=0
IEXPRESS_LIST=
IEXPRESS_CMD=
PREVIOUS_SP=
COMMENT=

[KB3038936]
TITLE=Update for Windows 8.1 for x86-based Systems (KB3038936)
INFO=http://support.microsoft.com/kb/3038936
FILE=http://download.windowsupdate.com/d/msdownload/update/software/uprl/2015/07/windows8.1-kb3038936-x86_03fae994f5d437a5294eb7a407e00181d5796afa.msu
RENAME=windows8.1-kb3038936-x86.msu
SIZE=4228570
TYPE=HOTFIX(SVCPACK.INF)
CATEGORY=
TIE_UP=
XOR_KEY=KB4537821
SYNCHRO_KEY=
RELEASE=2015/07/29
RUN_ORDER=074
CMD=
DECODE=0
DECODE_TYPE=
DECODE_GET=
IEXPRESS=0
IEXPRESS_LIST=
IEXPRESS_CMD=
PREVIOUS_SP=
COMMENT=

[KB3045755]
TITLE=Security Update for Windows 8.1 for x86-based Systems (KB3045755)
INFO=http://support.microsoft.com/kb/3045755
FILE=http://download.windowsupdate.com/d/msdownload/update/software/secu/2015/03/windows8.1-kb3045755-x86_3f5645149551064ecfd3a2f86fcfeff9ff33c55f.msu
RENAME=windows8.1-kb3045755-x86.msu
SIZE=292545
TYPE=HOTFIX(SVCPACK.INF)
CATEGORY=
TIE_UP=
XOR_KEY=
SYNCHRO_KEY=
RELEASE=2015/03/23
RUN_ORDER=075
CMD=
DECODE=0
DECODE_TYPE=
DECODE_GET=
IEXPRESS=0
IEXPRESS_LIST=
IEXPRESS_CMD=
PREVIOUS_SP=
COMMENT=

[KB3060793]
TITLE=Update for Windows 8.1 for x86-based Systems (KB3060793)
INFO=http://support.microsoft.com/kb/3060793
FILE=http://download.windowsupdate.com/d/msdownload/update/software/updt/2015/06/windows8.1-kb3060793-x86_0f3870130a323f2f44bd2493ee36540a368ab88c.msu
RENAME=windows8.1-kb3060793-x86.msu
SIZE=243268
TYPE=HOTFIX(SVCPACK.INF)
CATEGORY=
TIE_UP=
XOR_KEY=
SYNCHRO_KEY=
RELEASE=2015/06/03
RUN_ORDER=076
CMD=
DECODE=0
DECODE_TYPE=
DECODE_GET=
IEXPRESS=0
IEXPRESS_LIST=
IEXPRESS_CMD=
PREVIOUS_SP=
COMMENT=

[KB3146604]
TITLE=Update for Windows 8.1 for x86-based Systems (KB3146604)
INFO=http://support.microsoft.com/kb/3146604
FILE=http://download.windowsupdate.com/d/msdownload/update/software/updt/2016/04/windows8.1-kb3146604-x86_ee8bac8ba655d8ea123f6d12bb5d43708f78dd88.msu
RENAME=windows8.1-kb3146604-x86.msu
SIZE=693703
TYPE=HOTFIX(SVCPACK.INF)
CATEGORY=
TIE_UP=
XOR_KEY=
SYNCHRO_KEY=
RELEASE=2016/04/15
RUN_ORDER=077
CMD=
DECODE=0
DECODE_TYPE=
DECODE_GET=
IEXPRESS=0
IEXPRESS_LIST=
IEXPRESS_CMD=
PREVIOUS_SP=
COMMENT=

[KB3103709]
TITLE=Update for Windows 8.1 for x86-based Systems (KB3103709)
INFO=http://support.microsoft.com/kb/3103709
FILE=http://download.windowsupdate.com/c/msdownload/update/software/updt/2016/04/windows8.1-kb3103709-v2-x86_8a8bfb9b16c87c5a7fda825237bb0fdbd4419cae.msu
RENAME=windows8.1-kb3103709-v2-x86.msu
SIZE=1327007
TYPE=HOTFIX(SVCPACK.INF)
CATEGORY=
TIE_UP=
XOR_KEY=
SYNCHRO_KEY=
RELEASE=2016/04/15
RUN_ORDER=078
CMD=
DECODE=0
DECODE_TYPE=
DECODE_GET=
IEXPRESS=0
IEXPRESS_LIST=
IEXPRESS_CMD=
PREVIOUS_SP=
COMMENT=

[KB3088195]
TITLE=Security Update for Windows 8.1 for x86-based Systems (KB3088195)
INFO=http://support.microsoft.com/kb/3088195
FILE=http://download.windowsupdate.com/c/msdownload/update/software/secu/2015/09/windows8.1-kb3088195-x86_ecb6a928b368d264f249410fb555d7ed6e3bf158.msu
RENAME=windows8.1-kb3088195-x86.msu
SIZE=5251689
TYPE=HOTFIX(SVCPACK.INF)
CATEGORY=
TIE_UP=
XOR_KEY=
SYNCHRO_KEY=
RELEASE=2015/09/30
RUN_ORDER=079
CMD=
DECODE=0
DECODE_TYPE=
DECODE_GET=
IEXPRESS=0
IEXPRESS_LIST=
IEXPRESS_CMD=
PREVIOUS_SP=
COMMENT=

[KB3042085]
TITLE=Update for Windows 8.1 for x86-based Systems (KB3042085)
INFO=http://support.microsoft.com/kb/3042085
FILE=http://download.windowsupdate.com/c/msdownload/update/software/updt/2015/03/windows8.1-kb3042085-v2-x86_1ae09ca1986cf5f74acafe10eddbc998f014121f.msu
RENAME=windows8.1-kb3042085-v2-x86.msu
SIZE=437929
TYPE=HOTFIX(SVCPACK.INF)
CATEGORY=
TIE_UP=
XOR_KEY=
SYNCHRO_KEY=
RELEASE=2015/03/20
RUN_ORDER=080
CMD=
DECODE=0
DECODE_TYPE=
DECODE_GET=
IEXPRESS=0
IEXPRESS_LIST=
IEXPRESS_CMD=
PREVIOUS_SP=
COMMENT=

[KB3115858]
TITLE=Security Update for Windows 8.1 for x86-based Systems (KB3115858)
INFO=http://support.microsoft.com/kb/3115858
FILE=http://download.windowsupdate.com/c/msdownload/update/software/secu/2016/01/windows8.1-kb3115858-x86_5bb1f6398c59d5634107c9595402bc425ed8c517.msu
RENAME=windows8.1-kb3115858-x86.msu
SIZE=3227291
TYPE=HOTFIX(SVCPACK.INF)
CATEGORY=
TIE_UP=
XOR_KEY=
SYNCHRO_KEY=
RELEASE=2016/01/20
RUN_ORDER=081
CMD=
DECODE=0
DECODE_TYPE=
DECODE_GET=
IEXPRESS=0
IEXPRESS_LIST=
IEXPRESS_CMD=
PREVIOUS_SP=
COMMENT=

[KB3138615]
TITLE=Update for Windows 8.1 for x86-based Systems (KB3138615)
INFO=http://support.microsoft.com/kb/3138615
FILE=http://download.windowsupdate.com/c/msdownload/update/software/updt/2016/02/windows8.1-kb3138615-x86_b1aec0f5c31ab574f517814ef15cdbc747c180b6.msu
RENAME=windows8.1-kb3138615-x86.msu
SIZE=3071418
TYPE=HOTFIX(SVCPACK.INF)
CATEGORY=
TIE_UP=
XOR_KEY=KB4537821
SYNCHRO_KEY=
RELEASE=2016/02/29
RUN_ORDER=082
CMD=
DECODE=0
DECODE_TYPE=
DECODE_GET=
IEXPRESS=0
IEXPRESS_LIST=
IEXPRESS_CMD=
PREVIOUS_SP=
COMMENT=

[KB3045999]
TITLE=Security Update for Windows 8.1 for x86-based Systems (KB3045999)
INFO=http://support.microsoft.com/kb/3045999
FILE=http://download.windowsupdate.com/c/msdownload/update/software/secu/2015/03/windows8.1-kb3045999-x86_b8d8d4498f9265f505f6938ada99dfce0acf0ddc.msu
RENAME=windows8.1-kb3045999-x86.msu
SIZE=4141944
TYPE=HOTFIX(SVCPACK.INF)
CATEGORY=
TIE_UP=
XOR_KEY=
SYNCHRO_KEY=
RELEASE=2015/03/26
RUN_ORDER=083
CMD=
DECODE=0
DECODE_TYPE=
DECODE_GET=
IEXPRESS=0
IEXPRESS_LIST=
IEXPRESS_CMD=
PREVIOUS_SP=
COMMENT=

[KB3155178]
TITLE=Security Update for Windows 8.1 for x86-based Systems (KB3155178)
INFO=http://support.microsoft.com/kb/3155178
FILE=http://download.windowsupdate.com/d/msdownload/update/software/secu/2016/04/windows8.1-kb3155178-x86_014c06ecc079db5487d4b92375613cafe8fb6787.msu
RENAME=windows8.1-kb3155178-x86.msu
SIZE=2440380
TYPE=HOTFIX(SVCPACK.INF)
CATEGORY=
TIE_UP=
XOR_KEY=
SYNCHRO_KEY=
RELEASE=2016/04/21
RUN_ORDER=084
CMD=
DECODE=0
DECODE_TYPE=
DECODE_GET=
IEXPRESS=0
IEXPRESS_LIST=
IEXPRESS_CMD=
PREVIOUS_SP=
COMMENT=

[KB3071663]
TITLE=Update for Windows 8.1 for x86-based Systems (KB3071663)
INFO=http://support.microsoft.com/kb/3071663
FILE=http://download.windowsupdate.com/d/msdownload/update/software/updt/2015/07/windows8.1-kb3071663-x86_1e8b30d352e4e54f57cd30e5abd7895def50c562.msu
RENAME=windows8.1-kb3071663-x86.msu
SIZE=4049788
TYPE=HOTFIX(SVCPACK.INF)
CATEGORY=
TIE_UP=
XOR_KEY=KB3172614
SYNCHRO_KEY=
RELEASE=2015/07/16
RUN_ORDER=085
CMD=
DECODE=0
DECODE_TYPE=
DECODE_GET=
IEXPRESS=0
IEXPRESS_LIST=
IEXPRESS_CMD=
PREVIOUS_SP=
COMMENT=

[KB4462930]
TITLE=Update for Adobe Flash Player for Windows 8.1 for x86-based Systems (KB4462930)
INFO=http://support.microsoft.com/kb/4462930
FILE=http://download.windowsupdate.com/d/msdownload/update/software/updt/2018/10/windows8.1-kb4462930-x86_7762ebdf20fb0b1fb64cbc92ddba4582bc3fac0a.msu
RENAME=windows8.1-kb4462930-x86.msu
SIZE=10716524
TYPE=HOTFIX(SVCPACK.INF)
CATEGORY=
TIE_UP=
XOR_KEY=
SYNCHRO_KEY=
RELEASE=2018/10/05
RUN_ORDER=086
CMD=
DECODE=0
DECODE_TYPE=
DECODE_GET=
IEXPRESS=0
IEXPRESS_LIST=
IEXPRESS_CMD=
PREVIOUS_SP=
COMMENT=

[KB3147071]
TITLE=Update for Windows 8.1 for x86-based Systems (KB3147071)
INFO=http://support.microsoft.com/kb/3147071
FILE=http://download.windowsupdate.com/c/msdownload/update/software/updt/2016/03/windows8.1-kb3147071-x86_0f385b9cd332482cade5e63c56fa4e31b11b60b8.msu
RENAME=windows8.1-kb3147071-x86.msu
SIZE=11831722
TYPE=HOTFIX(SVCPACK.INF)
CATEGORY=
TIE_UP=
XOR_KEY=
SYNCHRO_KEY=
RELEASE=2016/03/23
RUN_ORDER=087
CMD=
DECODE=0
DECODE_TYPE=
DECODE_GET=
IEXPRESS=0
IEXPRESS_LIST=
IEXPRESS_CMD=
PREVIOUS_SP=
COMMENT=

[KB3034348]
TITLE=Update for Windows 8.1 for x86-based Systems (KB3034348)
INFO=http://support.microsoft.com/kb/3034348
FILE=http://download.windowsupdate.com/d/msdownload/update/software/updt/2015/10/windows8.1-kb3034348-v3-x86_7dab678964fded8adbbbf686b69508d31e46dbad.msu
RENAME=windows8.1-kb3034348-v3-x86.msu
SIZE=2268236
TYPE=HOTFIX(SVCPACK.INF)
CATEGORY=
TIE_UP=
XOR_KEY=
SYNCHRO_KEY=
RELEASE=2015/10/08
RUN_ORDER=088
CMD=
DECODE=0
DECODE_TYPE=
DECODE_GET=
IEXPRESS=0
IEXPRESS_LIST=
IEXPRESS_CMD=
PREVIOUS_SP=
COMMENT=

[KB3126030]
TITLE=Update for Windows 8.1 for x86-based Systems (KB3126030)
INFO=http://support.microsoft.com/kb/3126030
FILE=http://download.windowsupdate.com/c/msdownload/update/software/updt/2016/02/windows8.1-kb3126030-x86_6dd44fbbc69a07c797f8abc66c7d82e4e7a9303e.msu
RENAME=windows8.1-kb3126030-x86.msu
SIZE=314011
TYPE=HOTFIX(SVCPACK.INF)
CATEGORY=
TIE_UP=
XOR_KEY=
SYNCHRO_KEY=
RELEASE=2016/02/09
RUN_ORDER=089
CMD=
DECODE=0
DECODE_TYPE=
DECODE_GET=
IEXPRESS=0
IEXPRESS_LIST=
IEXPRESS_CMD=
PREVIOUS_SP=
COMMENT=

[KB3044673]
TITLE=Update for Windows 8.1 for x86-based Systems (KB3044673)
INFO=http://support.microsoft.com/kb/3044673
FILE=http://download.windowsupdate.com/c/msdownload/update/software/updt/2015/04/windows8.1-kb3044673-v2-x86_a6dce757f3b0556cf25f7a5faef07b0bad0abe73.msu
RENAME=windows8.1-kb3044673-v2-x86.msu
SIZE=322617
TYPE=HOTFIX(SVCPACK.INF)
CATEGORY=
TIE_UP=
XOR_KEY=
SYNCHRO_KEY=
RELEASE=2015/04/11
RUN_ORDER=090
CMD=
DECODE=0
DECODE_TYPE=
DECODE_GET=
IEXPRESS=0
IEXPRESS_LIST=
IEXPRESS_CMD=
PREVIOUS_SP=
COMMENT=

[KB3055323]
TITLE=Update for Windows 8.1 for x86-based Systems (KB3055323)
INFO=http://support.microsoft.com/kb/3055323
FILE=http://download.windowsupdate.com/d/msdownload/update/software/updt/2015/05/windows8.1-kb3055323-x86_9a521c3d9e1052b18c8d0e888a7100fc5753bf5f.msu
RENAME=windows8.1-kb3055323-x86.msu
SIZE=266883
TYPE=HOTFIX(SVCPACK.INF)
CATEGORY=
TIE_UP=
XOR_KEY=
SYNCHRO_KEY=
RELEASE=2015/05/06
RUN_ORDER=091
CMD=
DECODE=0
DECODE_TYPE=
DECODE_GET=
IEXPRESS=0
IEXPRESS_LIST=
IEXPRESS_CMD=
PREVIOUS_SP=
COMMENT=

[KB3140222]
TITLE=Update for Windows 8.1 for x86-based Systems (KB3140222)
INFO=http://support.microsoft.com/kb/3140222
FILE=http://download.windowsupdate.com/d/msdownload/update/software/updt/2016/03/windows8.1-kb3140222-x86_91845a99192bf567c5676445fa2a2f354a680870.msu
RENAME=windows8.1-kb3140222-x86.msu
SIZE=910524
TYPE=HOTFIX(SVCPACK.INF)
CATEGORY=
TIE_UP=
XOR_KEY=
SYNCHRO_KEY=
RELEASE=2016/03/03
RUN_ORDER=092
CMD=
DECODE=0
DECODE_TYPE=
DECODE_GET=
IEXPRESS=0
IEXPRESS_LIST=
IEXPRESS_CMD=
PREVIOUS_SP=
COMMENT=

[KB3023266]
TITLE=Security Update for Windows 8.1 for x86-based Systems (KB3023266)
INFO=http://support.microsoft.com/kb/3023266
FILE=http://download.windowsupdate.com/d/msdownload/update/software/secu/2015/01/windows8.1-kb3023266-x86_2e4bae4a1c48ffd8717e0d70df78a27a5acb5917.msu
RENAME=windows8.1-kb3023266-x86.msu
SIZE=228452
TYPE=HOTFIX(SVCPACK.INF)
CATEGORY=
TIE_UP=
XOR_KEY=
SYNCHRO_KEY=
RELEASE=2015/01/02
RUN_ORDER=093
CMD=
DECODE=0
DECODE_TYPE=
DECODE_GET=
IEXPRESS=0
IEXPRESS_LIST=
IEXPRESS_CMD=
PREVIOUS_SP=
COMMENT=

[KB3138602]
TITLE=Update for Windows 8.1 for x86-based Systems (KB3138602)
INFO=http://support.microsoft.com/kb/3138602
FILE=http://download.windowsupdate.com/d/msdownload/update/software/updt/2016/03/windows8.1-kb3138602-v2-x86_dee92a31d4af886bef4df6f1c9edc53e7dca128e.msu
RENAME=windows8.1-kb3138602-v2-x86.msu
SIZE=16759901
TYPE=HOTFIX(SVCPACK.INF)
CATEGORY=
TIE_UP=
XOR_KEY=
SYNCHRO_KEY=
RELEASE=2016/03/03
RUN_ORDER=094
CMD=
DECODE=0
DECODE_TYPE=
DECODE_GET=
IEXPRESS=0
IEXPRESS_LIST=
IEXPRESS_CMD=
PREVIOUS_SP=
COMMENT=

[KB3013791]
TITLE=Update for Windows 8.1 for x86-based Systems (KB3013791)
INFO=http://support.microsoft.com/kb/3013791
FILE=http://download.windowsupdate.com/d/msdownload/update/software/updt/2015/06/windows8.1-kb3013791-x86_c0aa09dfe0763c1bc94b1d01c0c8592a0ea6852d.msu
RENAME=windows8.1-kb3013791-x86.msu
SIZE=311864
TYPE=HOTFIX(SVCPACK.INF)
CATEGORY=
TIE_UP=
XOR_KEY=
SYNCHRO_KEY=
RELEASE=2015/06/03
RUN_ORDER=095
CMD=
DECODE=0
DECODE_TYPE=
DECODE_GET=
IEXPRESS=0
IEXPRESS_LIST=
IEXPRESS_CMD=
PREVIOUS_SP=
COMMENT=

[KB3019978]
TITLE=Security Update for Windows 8.1 for x86-based Systems (KB3019978)
INFO=http://support.microsoft.com/kb/3019978
FILE=http://download.windowsupdate.com/c/msdownload/update/software/secu/2015/01/windows8.1-kb3019978-x86_071c80470cdbb687e43eeb809b097ea7daf3e40b.msu
RENAME=windows8.1-kb3019978-x86.msu
SIZE=236106
TYPE=HOTFIX(SVCPACK.INF)
CATEGORY=
TIE_UP=
XOR_KEY=
SYNCHRO_KEY=
RELEASE=2015/01/07
RUN_ORDER=096
CMD=
DECODE=0
DECODE_TYPE=
DECODE_GET=
IEXPRESS=0
IEXPRESS_LIST=
IEXPRESS_CMD=
PREVIOUS_SP=
COMMENT=

[KB3084905]
TITLE=Update for Windows 8.1 for x86-based Systems (KB3084905)
INFO=http://support.microsoft.com/kb/3084905
FILE=http://download.windowsupdate.com/c/msdownload/update/software/updt/2015/10/windows8.1-kb3084905-v2-x86_facdcb6912915c4b890d3297213c49dde3f29915.msu
RENAME=windows8.1-kb3084905-v2-x86.msu
SIZE=1197996
TYPE=HOTFIX(SVCPACK.INF)
CATEGORY=
TIE_UP=KB2919355
XOR_KEY=
SYNCHRO_KEY=
RELEASE=2015/10/08
RUN_ORDER=097
CMD=
DECODE=0
DECODE_TYPE=
DECODE_GET=
IEXPRESS=0
IEXPRESS_LIST=
IEXPRESS_CMD=
PREVIOUS_SP=
COMMENT=

[KB3045717]
TITLE=Update for Windows 8.1 for x86-based Systems (KB3045717)
INFO=http://support.microsoft.com/kb/3045717
FILE=http://download.windowsupdate.com/d/msdownload/update/software/updt/2015/04/windows8.1-kb3045717-x86_2ca8dbc76c13282499a6602aa9c9bf36ef660396.msu
RENAME=windows8.1-kb3045717-x86.msu
SIZE=1008807
TYPE=HOTFIX(SVCPACK.INF)
CATEGORY=
TIE_UP=
XOR_KEY=
SYNCHRO_KEY=
RELEASE=2015/04/12
RUN_ORDER=098
CMD=
DECODE=0
DECODE_TYPE=
DECODE_GET=
IEXPRESS=0
IEXPRESS_LIST=
IEXPRESS_CMD=
PREVIOUS_SP=
COMMENT=

[KB3054169]
TITLE=Update for Windows 8.1 for x86-based Systems (KB3054169)
INFO=http://support.microsoft.com/kb/3054169
FILE=http://download.windowsupdate.com/d/msdownload/update/software/updt/2015/04/windows8.1-kb3054169-x86_acae41a33a9c965ba0e9de375b8fe99eb82a5240.msu
RENAME=windows8.1-kb3054169-x86.msu
SIZE=1643350
TYPE=HOTFIX(SVCPACK.INF)
CATEGORY=
TIE_UP=
XOR_KEY=
SYNCHRO_KEY=
RELEASE=2015/04/22
RUN_ORDER=099
CMD=
DECODE=0
DECODE_TYPE=
DECODE_GET=
IEXPRESS=0
IEXPRESS_LIST=
IEXPRESS_CMD=
PREVIOUS_SP=
COMMENT=

[KB3140219]
TITLE=Update for Windows 8.1 for x86-based Systems (KB3140219)
INFO=http://support.microsoft.com/kb/3140219
FILE=http://download.windowsupdate.com/d/msdownload/update/software/updt/2016/03/windows8.1-kb3140219-x86_93c7cbdabb4af3e3252ce4e95145e491a4e46115.msu
RENAME=windows8.1-kb3140219-x86.msu
SIZE=241116
TYPE=HOTFIX(SVCPACK.INF)
CATEGORY=
TIE_UP=
XOR_KEY=
SYNCHRO_KEY=
RELEASE=2016/03/07
RUN_ORDER=100
CMD=
DECODE=0
DECODE_TYPE=
DECODE_GET=
IEXPRESS=0
IEXPRESS_LIST=
IEXPRESS_CMD=
PREVIOUS_SP=
COMMENT=

[KB3029606]
TITLE=Update for Windows 8.1 for x86-based Systems (KB3029606)
INFO=http://support.microsoft.com/kb/3029606
FILE=http://download.windowsupdate.com/d/msdownload/update/software/updt/2015/06/windows8.1-kb3029606-v2-x86_0e85f8a8ad038abb349da0425024783a547d67d2.msu
RENAME=windows8.1-kb3029606-v2-x86.msu
SIZE=777814
TYPE=HOTFIX(SVCPACK.INF)
CATEGORY=
TIE_UP=
XOR_KEY=
SYNCHRO_KEY=
RELEASE=2015/06/03
RUN_ORDER=101
CMD=
DECODE=0
DECODE_TYPE=
DECODE_GET=
IEXPRESS=0
IEXPRESS_LIST=
IEXPRESS_CMD=
PREVIOUS_SP=
COMMENT=

[KB3134815]
TITLE=Update for Windows 8.1 for x86-based Systems (KB3134815)
INFO=http://support.microsoft.com/kb/3134815
FILE=http://download.windowsupdate.com/d/msdownload/update/software/updt/2016/02/windows8.1-kb3134815-x86_ad7a3c50e74048ff83e2aaf4dd9e914d1267b3ed.msu
RENAME=windows8.1-kb3134815-x86.msu
SIZE=282820
TYPE=HOTFIX(SVCPACK.INF)
CATEGORY=
TIE_UP=
XOR_KEY=
SYNCHRO_KEY=
RELEASE=2016/02/09
RUN_ORDER=102
CMD=
DECODE=0
DECODE_TYPE=
DECODE_GET=
IEXPRESS=0
IEXPRESS_LIST=
IEXPRESS_CMD=
PREVIOUS_SP=
COMMENT=

[KB3071756]
TITLE=Security Update for Windows 8.1 for x86-based Systems (KB3071756)
INFO=http://support.microsoft.com/kb/3071756
FILE=http://download.windowsupdate.com/d/msdownload/update/software/secu/2015/07/windows8.1-kb3071756-x86_c81d576b23663af556e42292550fcfc2cb7f622b.msu
RENAME=windows8.1-kb3071756-x86.msu
SIZE=4233547
TYPE=HOTFIX(SVCPACK.INF)
CATEGORY=
TIE_UP=
XOR_KEY=
SYNCHRO_KEY=
RELEASE=2015/07/22
RUN_ORDER=103
CMD=
DECODE=0
DECODE_TYPE=
DECODE_GET=
IEXPRESS=0
IEXPRESS_LIST=
IEXPRESS_CMD=
PREVIOUS_SP=
COMMENT=

[KB3061512]
TITLE=Security Update for Windows 8.1 for x86-based Systems (KB3061512)
INFO=http://support.microsoft.com/kb/3061512
FILE=http://download.windowsupdate.com/d/msdownload/update/software/secu/2015/06/windows8.1-kb3061512-x86_ade90472caa876574943c3da22f055a64753a261.msu
RENAME=windows8.1-kb3061512-x86.msu
SIZE=211983
TYPE=HOTFIX(SVCPACK.INF)
CATEGORY=
TIE_UP=
XOR_KEY=
SYNCHRO_KEY=
RELEASE=2015/06/24
RUN_ORDER=104
CMD=
DECODE=0
DECODE_TYPE=
DECODE_GET=
IEXPRESS=0
IEXPRESS_LIST=
IEXPRESS_CMD=
PREVIOUS_SP=
COMMENT=

[KB3043812]
TITLE=Update for Windows 8.1 for x86-based Systems (KB3043812)
INFO=http://support.microsoft.com/kb/3043812
FILE=http://download.windowsupdate.com/c/msdownload/update/software/updt/2015/04/windows8.1-kb3043812-x86_797d6463888c0c5aa3b9b87f4062ab3850ac6f29.msu
RENAME=windows8.1-kb3043812-x86.msu
SIZE=1740203
TYPE=HOTFIX(SVCPACK.INF)
CATEGORY=
TIE_UP=
XOR_KEY=
SYNCHRO_KEY=
RELEASE=2015/04/11
RUN_ORDER=105
CMD=
DECODE=0
DECODE_TYPE=
DECODE_GET=
IEXPRESS=0
IEXPRESS_LIST=
IEXPRESS_CMD=
PREVIOUS_SP=
COMMENT=

[KB3086255]
TITLE=Security Update for Windows 8.1 for x86-based Systems (KB3086255)
INFO=http://support.microsoft.com/kb/3086255
FILE=http://download.windowsupdate.com/d/msdownload/update/software/secu/2015/08/windows8.1-kb3086255-x86_2cbc4d4c2367ae8f18d2e0e1d515102d22f57819.msu
RENAME=windows8.1-kb3086255-x86.msu
SIZE=223896
TYPE=HOTFIX(SVCPACK.INF)
CATEGORY=
TIE_UP=
XOR_KEY=
SYNCHRO_KEY=
RELEASE=2015/08/26
RUN_ORDER=106
CMD=
DECODE=0
DECODE_TYPE=
DECODE_GET=
IEXPRESS=0
IEXPRESS_LIST=
IEXPRESS_CMD=
PREVIOUS_SP=
COMMENT=

[KB3046737]
TITLE=Update for Windows 8.1 for x86-based Systems (KB3046737)
INFO=http://support.microsoft.com/kb/3046737
FILE=http://download.windowsupdate.com/d/msdownload/update/software/updt/2015/04/windows8.1-kb3046737-x86_5c70fb769c9493c7e29522077bc9e99ac367e30b.msu
RENAME=windows8.1-kb3046737-x86.msu
SIZE=284802
TYPE=HOTFIX(SVCPACK.INF)
CATEGORY=
TIE_UP=
XOR_KEY=
SYNCHRO_KEY=
RELEASE=2015/04/11
RUN_ORDER=107
CMD=
DECODE=0
DECODE_TYPE=
DECODE_GET=
IEXPRESS=0
IEXPRESS_LIST=
IEXPRESS_CMD=
PREVIOUS_SP=
COMMENT=

[KB3013538]
TITLE=Update for Windows 8.1 for x86-based Systems (KB3013538)
INFO=http://support.microsoft.com/kb/3013538
FILE=http://download.windowsupdate.com/c/msdownload/update/software/updt/2015/03/windows8.1-kb3013538-x86_0d56642b4a8cd01fd250fd8a0b43200b1c236d3e.msu
RENAME=windows8.1-kb3013538-x86.msu
SIZE=2885426
TYPE=HOTFIX(SVCPACK.INF)
CATEGORY=
TIE_UP=
XOR_KEY=
SYNCHRO_KEY=
RELEASE=2015/03/04
RUN_ORDER=108
CMD=
DECODE=0
DECODE_TYPE=
DECODE_GET=
IEXPRESS=0
IEXPRESS_LIST=
IEXPRESS_CMD=
PREVIOUS_SP=
COMMENT=

[KB3045634]
TITLE=Update for Windows 8.1 for x86-based Systems (KB3045634)
INFO=http://support.microsoft.com/kb/3045634
FILE=http://download.windowsupdate.com/d/msdownload/update/software/updt/2015/05/windows8.1-kb3045634-x86_aba62e5f7b030b6fa5a198f65d5c136ee6b8039a.msu
RENAME=windows8.1-kb3045634-x86.msu
SIZE=323226
TYPE=HOTFIX(SVCPACK.INF)
CATEGORY=
TIE_UP=
XOR_KEY=
SYNCHRO_KEY=
RELEASE=2015/05/06
RUN_ORDER=109
CMD=
DECODE=0
DECODE_TYPE=
DECODE_GET=
IEXPRESS=0
IEXPRESS_LIST=
IEXPRESS_CMD=
PREVIOUS_SP=
COMMENT=

[KB3045719]
TITLE=Update for Windows 8.1 for x86-based Systems (KB3045719)
INFO=http://support.microsoft.com/kb/3045719
FILE=http://download.windowsupdate.com/d/msdownload/update/software/updt/2015/04/windows8.1-kb3045719-x86_18c265e8f334b372504cd55de553d0548bae37ce.msu
RENAME=windows8.1-kb3045719-x86.msu
SIZE=252805
TYPE=HOTFIX(SVCPACK.INF)
CATEGORY=
TIE_UP=
XOR_KEY=
SYNCHRO_KEY=
RELEASE=2015/04/12
RUN_ORDER=110
CMD=
DECODE=0
DECODE_TYPE=
DECODE_GET=
IEXPRESS=0
IEXPRESS_LIST=
IEXPRESS_CMD=
PREVIOUS_SP=
COMMENT=

[KB3046480]
TITLE=Update for Windows 8.1 for x86-based Systems (KB3046480)
INFO=http://support.microsoft.com/kb/3046480
FILE=http://download.windowsupdate.com/d/msdownload/update/software/updt/2015/04/windows8.1-kb3046480-x86_232b413677d6c0b6b91bfc62cb7b2aced1cf3014.msu
RENAME=windows8.1-kb3046480-x86.msu
SIZE=234239
TYPE=HOTFIX(SVCPACK.INF)
CATEGORY=
TIE_UP=
XOR_KEY=
SYNCHRO_KEY=
RELEASE=2015/04/12
RUN_ORDER=111
CMD=
DECODE=0
DECODE_TYPE=
DECODE_GET=
IEXPRESS=0
IEXPRESS_LIST=
IEXPRESS_CMD=
PREVIOUS_SP=
COMMENT=

[KB3080149]
TITLE=Update for Windows 8.1 for x86-based Systems (KB3080149)
INFO=http://support.microsoft.com/kb/3080149
FILE=http://download.windowsupdate.com/d/msdownload/update/software/updt/2015/08/windows8.1-kb3080149-x86_cde14a122cd474335c4327afeb109be06377750f.msu
RENAME=windows8.1-kb3080149-x86.msu
SIZE=892609
TYPE=HOTFIX(SVCPACK.INF)
CATEGORY=
TIE_UP=
XOR_KEY=
SYNCHRO_KEY=
RELEASE=2015/08/14
RUN_ORDER=112
CMD=
DECODE=0
DECODE_TYPE=
DECODE_GET=
IEXPRESS=0
IEXPRESS_LIST=
IEXPRESS_CMD=
PREVIOUS_SP=
COMMENT=

[KB3031044]
TITLE=Update for Windows 8.1 for x86-based Systems (KB3031044)
INFO=http://support.microsoft.com/kb/3031044
FILE=http://download.windowsupdate.com/c/msdownload/update/software/crup/2015/01/windows8.1-kb3031044-x86_4db8e92f9fefb5ead8ab9d8707159164390bb549.msu
RENAME=windows8.1-kb3031044-x86.msu
SIZE=207546
TYPE=HOTFIX(SVCPACK.INF)
CATEGORY=
TIE_UP=
XOR_KEY=
SYNCHRO_KEY=
RELEASE=2015/01/10
RUN_ORDER=113
CMD=
DECODE=0
DECODE_TYPE=
DECODE_GET=
IEXPRESS=0
IEXPRESS_LIST=
IEXPRESS_CMD=
PREVIOUS_SP=
COMMENT=

[KB3091297]
TITLE=Update for Windows 8.1 for x86-based Systems (KB3091297)
INFO=http://support.microsoft.com/kb/3091297
FILE=http://download.windowsupdate.com/c/msdownload/update/software/updt/2015/10/windows8.1-kb3091297-x86_3240aded2ad13d70a289d42806b7962f2c57387e.msu
RENAME=windows8.1-kb3091297-x86.msu
SIZE=311429
TYPE=HOTFIX(SVCPACK.INF)
CATEGORY=
TIE_UP=
XOR_KEY=
SYNCHRO_KEY=
RELEASE=2015/10/08
RUN_ORDER=114
CMD=
DECODE=0
DECODE_TYPE=
DECODE_GET=
IEXPRESS=0
IEXPRESS_LIST=
IEXPRESS_CMD=
PREVIOUS_SP=
COMMENT=

[KB3150513]
TITLE=Update for Windows 8.1 for x86-based Systems (KB3150513)
INFO=http://support.microsoft.com/kb/3150513
FILE=http://download.windowsupdate.com/d/msdownload/update/software/updt/2016/05/windows8.1-kb3150513-x86_f07c3431bcddd5c759d536ed35c6e4a581506aff.msu
RENAME=windows8.1-kb3150513-x86.msu
SIZE=1488070
TYPE=HOTFIX(SVCPACK.INF)
CATEGORY=
TIE_UP=
XOR_KEY=
SYNCHRO_KEY=
RELEASE=2016/05/10
RUN_ORDER=115
CMD=
DECODE=0
DECODE_TYPE=
DECODE_GET=
IEXPRESS=0
IEXPRESS_LIST=
IEXPRESS_CMD=
PREVIOUS_SP=
COMMENT=

[KB3110329]
TITLE=Security Update for Windows 8.1 for x86-based Systems (KB3110329)
INFO=http://support.microsoft.com/kb/3110329
FILE=http://download.windowsupdate.com/c/msdownload/update/software/secu/2015/12/windows8.1-kb3110329-x86_54cb55e1f45f85d4387e5df1739af26189209771.msu
RENAME=windows8.1-kb3110329-x86.msu
SIZE=8631877
TYPE=HOTFIX(SVCPACK.INF)
CATEGORY=
TIE_UP=
XOR_KEY=
SYNCHRO_KEY=
RELEASE=2015/12/16
RUN_ORDER=116
CMD=
DECODE=0
DECODE_TYPE=
DECODE_GET=
IEXPRESS=0
IEXPRESS_LIST=
IEXPRESS_CMD=
PREVIOUS_SP=
COMMENT=

[KB3137728]
TITLE=Update for Windows 8.1 for x86-based Systems (KB3137728)
INFO=http://support.microsoft.com/kb/3137728
FILE=http://download.windowsupdate.com/c/msdownload/update/software/updt/2016/03/windows8.1-kb3137728-x86_46fa275f9256306cba8d65cd1157bdd33ba6888b.msu
RENAME=windows8.1-kb3137728-x86.msu
SIZE=509008
TYPE=HOTFIX(SVCPACK.INF)
CATEGORY=
TIE_UP=
XOR_KEY=
SYNCHRO_KEY=
RELEASE=2016/03/03
RUN_ORDER=117
CMD=
DECODE=0
DECODE_TYPE=
DECODE_GET=
IEXPRESS=0
IEXPRESS_LIST=
IEXPRESS_CMD=
PREVIOUS_SP=
COMMENT=

[KB3012235]
TITLE=Update for Windows 8.1 for x86-based Systems (KB3012235)
INFO=http://support.microsoft.com/kb/3012235
FILE=http://download.windowsupdate.com/c/msdownload/update/software/updt/2015/03/windows8.1-kb3012235-v3-x86_216d0326671ba3c5a3e0ad4626ffcd90459becab.msu
RENAME=windows8.1-kb3012235-v3-x86.msu
SIZE=695245
TYPE=HOTFIX(SVCPACK.INF)
CATEGORY=
TIE_UP=
XOR_KEY=
SYNCHRO_KEY=
RELEASE=2015/03/04
RUN_ORDER=118
CMD=
DECODE=0
DECODE_TYPE=
DECODE_GET=
IEXPRESS=0
IEXPRESS_LIST=
IEXPRESS_CMD=
PREVIOUS_SP=
COMMENT=

[KB3156059]
TITLE=Security Update for Windows 8.1 for x86-based Systems (KB3156059)
INFO=http://support.microsoft.com/kb/3156059
FILE=http://download.windowsupdate.com/d/msdownload/update/software/secu/2016/04/windows8.1-kb3156059-x86_3715f1c1361377332038b0981e2612f3d04e846a.msu
RENAME=windows8.1-kb3156059-x86.msu
SIZE=326947
TYPE=HOTFIX(SVCPACK.INF)
CATEGORY=
TIE_UP=
XOR_KEY=
SYNCHRO_KEY=
RELEASE=2016/04/21
RUN_ORDER=119
CMD=
DECODE=0
DECODE_TYPE=
DECODE_GET=
IEXPRESS=0
IEXPRESS_LIST=
IEXPRESS_CMD=
PREVIOUS_SP=
COMMENT=

[KB3138378]
TITLE=Update for Windows 8.1 for x86-based Systems (KB3138378)
INFO=http://support.microsoft.com/kb/3138378
FILE=http://download.windowsupdate.com/c/msdownload/update/software/updt/2016/04/windows8.1-kb3138378-x86_4cf9ed7a64ab5f6761928d6930cb8994f20c8082.msu
RENAME=windows8.1-kb3138378-x86.msu
SIZE=953240
TYPE=HOTFIX(SVCPACK.INF)
CATEGORY=
TIE_UP=
XOR_KEY=
SYNCHRO_KEY=
RELEASE=2016/04/15
RUN_ORDER=120
CMD=
DECODE=0
DECODE_TYPE=
DECODE_GET=
IEXPRESS=0
IEXPRESS_LIST=
IEXPRESS_CMD=
PREVIOUS_SP=
COMMENT=

[KB3078405]
TITLE=Update for Windows 8.1 for x86-based Systems (KB3078405)
INFO=http://support.microsoft.com/kb/3078405
FILE=http://download.windowsupdate.com/d/msdownload/update/software/updt/2015/10/windows8.1-kb3078405-v2-x86_c936e08aed5cc6d6fabc2ae6fca6d6868f24bd4c.msu
RENAME=windows8.1-kb3078405-v2-x86.msu
SIZE=272016
TYPE=HOTFIX(SVCPACK.INF)
CATEGORY=
TIE_UP=
XOR_KEY=
SYNCHRO_KEY=
RELEASE=2015/10/08
RUN_ORDER=121
CMD=
DECODE=0
DECODE_TYPE=
DECODE_GET=
IEXPRESS=0
IEXPRESS_LIST=
IEXPRESS_CMD=
PREVIOUS_SP=
COMMENT=

[KB3121261]
TITLE=Update for Windows 8.1 for x86-based Systems (KB3121261)
INFO=http://support.microsoft.com/kb/3121261
FILE=http://download.windowsupdate.com/d/msdownload/update/software/updt/2016/02/windows8.1-kb3121261-v2-x86_b9d4ba4427aec94b4197ebee8b528235bdf60eb7.msu
RENAME=windows8.1-kb3121261-v2-x86.msu
SIZE=5722668
TYPE=HOTFIX(SVCPACK.INF)
CATEGORY=
TIE_UP=
XOR_KEY=
SYNCHRO_KEY=
RELEASE=2016/02/09
RUN_ORDER=122
CMD=
DECODE=0
DECODE_TYPE=
DECODE_GET=
IEXPRESS=0
IEXPRESS_LIST=
IEXPRESS_CMD=
PREVIOUS_SP=
COMMENT=

[KB3087137]
TITLE=Update for Windows 8.1 for x86-based Systems (KB3087137)
INFO=http://support.microsoft.com/kb/3087137
FILE=http://download.windowsupdate.com/d/msdownload/update/software/updt/2015/09/windows8.1-kb3087137-x86_3d7803e44de4f9d67615acb44a6b5f44ea4d0e8c.msu
RENAME=windows8.1-kb3087137-x86.msu
SIZE=1365610
TYPE=HOTFIX(SVCPACK.INF)
CATEGORY=
TIE_UP=
XOR_KEY=
SYNCHRO_KEY=
RELEASE=2015/09/08
RUN_ORDER=123
CMD=
DECODE=0
DECODE_TYPE=
DECODE_GET=
IEXPRESS=0
IEXPRESS_LIST=
IEXPRESS_CMD=
PREVIOUS_SP=
COMMENT=

[KB3056347]
TITLE=Update for Windows 8.1 for x86-based Systems (KB3056347)
INFO=http://support.microsoft.com/kb/3056347
FILE=http://download.windowsupdate.com/d/msdownload/update/software/updt/2015/06/windows8.1-kb3056347-x86_c1988ee54031273ff14d953d56d9f057f42dfff4.msu
RENAME=windows8.1-kb3056347-x86.msu
SIZE=346755
TYPE=HOTFIX(SVCPACK.INF)
CATEGORY=
TIE_UP=
XOR_KEY=
SYNCHRO_KEY=
RELEASE=2015/06/03
RUN_ORDER=124
CMD=
DECODE=0
DECODE_TYPE=
DECODE_GET=
IEXPRESS=0
IEXPRESS_LIST=
IEXPRESS_CMD=
PREVIOUS_SP=
COMMENT=

[KB3102429]
TITLE=Update for Windows 8.1 for x86-based Systems (KB3102429)
INFO=http://support.microsoft.com/kb/3102429
FILE=http://download.windowsupdate.com/d/msdownload/update/software/updt/2016/01/windows8.1-kb3102429-v2-x86_7b764420cb965ac249b8e258376817e86845f8ed.msu
RENAME=windows8.1-kb3102429-v2-x86.msu
SIZE=19921999
TYPE=HOTFIX(SVCPACK.INF)
CATEGORY=
TIE_UP=KB2919355
XOR_KEY=
SYNCHRO_KEY=
RELEASE=2016/01/09
RUN_ORDER=125
CMD=
DECODE=0
DECODE_TYPE=
DECODE_GET=
IEXPRESS=0
IEXPRESS_LIST=
IEXPRESS_CMD=
PREVIOUS_SP=
COMMENT=

[KB3109976]
TITLE=Update for Windows 8.1 for x86-based Systems (KB3109976)
INFO=http://support.microsoft.com/kb/3109976
FILE=http://download.windowsupdate.com/c/msdownload/update/software/updt/2016/03/windows8.1-kb3109976-x86_082bf87e4b3a583667e4ce8c963f0c909ca96ac5.msu
RENAME=windows8.1-kb3109976-x86.msu
SIZE=2318685
TYPE=HOTFIX(SVCPACK.INF)
CATEGORY=
TIE_UP=
XOR_KEY=
SYNCHRO_KEY=
RELEASE=2016/03/03
RUN_ORDER=126
CMD=
DECODE=0
DECODE_TYPE=
DECODE_GET=
IEXPRESS=0
IEXPRESS_LIST=
IEXPRESS_CMD=
PREVIOUS_SP=
COMMENT=

[KB3140234]
TITLE=Update for Windows 8.1 for x86-based Systems (KB3140234)
INFO=http://support.microsoft.com/kb/3140234
FILE=http://download.windowsupdate.com/d/msdownload/update/software/updt/2016/03/windows8.1-kb3140234-x86_91d1b8819dc7ce3be185d5882b6891679f933f26.msu
RENAME=windows8.1-kb3140234-x86.msu
SIZE=248355
TYPE=HOTFIX(SVCPACK.INF)
CATEGORY=
TIE_UP=
XOR_KEY=
SYNCHRO_KEY=
RELEASE=2016/03/03
RUN_ORDER=127
CMD=
DECODE=0
DECODE_TYPE=
DECODE_GET=
IEXPRESS=0
IEXPRESS_LIST=
IEXPRESS_CMD=
PREVIOUS_SP=
COMMENT=

[KB3095701]
TITLE=Update for Windows 8.1 for x86-based Systems (KB3095701)
INFO=http://support.microsoft.com/kb/3095701
FILE=http://download.windowsupdate.com/d/msdownload/update/software/updt/2015/10/windows8.1-kb3095701-x86_918381af7b572c3eaec2f6d5b51c694a723068e1.msu
RENAME=windows8.1-kb3095701-x86.msu
SIZE=265759
TYPE=HOTFIX(SVCPACK.INF)
CATEGORY=
TIE_UP=
XOR_KEY=
SYNCHRO_KEY=
RELEASE=2015/10/08
RUN_ORDER=128
CMD=
DECODE=0
DECODE_TYPE=
DECODE_GET=
IEXPRESS=0
IEXPRESS_LIST=
IEXPRESS_CMD=
PREVIOUS_SP=
COMMENT=

[KB3109103]
TITLE=Security Update for Windows 8.1 for x86-based Systems (KB3109103)
INFO=http://support.microsoft.com/kb/3109103
FILE=http://download.windowsupdate.com/d/msdownload/update/software/secu/2015/11/windows8.1-kb3109103-x86_7879999f1ad4e307835c800722f5577fbbff5152.msu
RENAME=windows8.1-kb3109103-x86.msu
SIZE=272747
TYPE=HOTFIX(SVCPACK.INF)
CATEGORY=
TIE_UP=
XOR_KEY=
SYNCHRO_KEY=
RELEASE=2015/11/18
RUN_ORDER=129
CMD=
DECODE=0
DECODE_TYPE=
DECODE_GET=
IEXPRESS=0
IEXPRESS_LIST=
IEXPRESS_CMD=
PREVIOUS_SP=
COMMENT=

[KB3109560]
TITLE=Security Update for Windows 8.1 for x86-based Systems (KB3109560)
INFO=http://support.microsoft.com/kb/3109560
FILE=http://download.windowsupdate.com/d/msdownload/update/software/secu/2015/12/windows8.1-kb3109560-x86_62df6d9374f0c04c50369d3aff08ee47bc5a601f.msu
RENAME=windows8.1-kb3109560-x86.msu
SIZE=435948
TYPE=HOTFIX(SVCPACK.INF)
CATEGORY=
TIE_UP=
XOR_KEY=
SYNCHRO_KEY=
RELEASE=2015/12/16
RUN_ORDER=130
CMD=
DECODE=0
DECODE_TYPE=
DECODE_GET=
IEXPRESS=0
IEXPRESS_LIST=
IEXPRESS_CMD=
PREVIOUS_SP=
COMMENT=

[KB3015696]
TITLE=Update for Windows 8.1 for x86-based Systems (KB3015696)
INFO=http://support.microsoft.com/kb/3015696
FILE=http://download.windowsupdate.com/c/msdownload/update/software/updt/2015/04/windows8.1-kb3015696-x86_e1b1c831a73e0947628307e6da44f821db17b444.msu
RENAME=windows8.1-kb3015696-x86.msu
SIZE=874471
TYPE=HOTFIX(SVCPACK.INF)
CATEGORY=
TIE_UP=
XOR_KEY=
SYNCHRO_KEY=
RELEASE=2015/04/11
RUN_ORDER=131
CMD=
DECODE=0
DECODE_TYPE=
DECODE_GET=
IEXPRESS=0
IEXPRESS_LIST=
IEXPRESS_CMD=
PREVIOUS_SP=
COMMENT=

[KB3047254]
TITLE=Update for Windows 8.1 for x86-based Systems (KB3047254)
INFO=http://support.microsoft.com/kb/3047254
FILE=http://download.windowsupdate.com/d/msdownload/update/software/updt/2015/04/windows8.1-kb3047254-x86_438ffc39a8cd157c17cb43fd6cd97528c546db21.msu
RENAME=windows8.1-kb3047254-x86.msu
SIZE=339172
TYPE=HOTFIX(SVCPACK.INF)
CATEGORY=
TIE_UP=
XOR_KEY=
SYNCHRO_KEY=
RELEASE=2015/04/11
RUN_ORDER=132
CMD=
DECODE=0
DECODE_TYPE=
DECODE_GET=
IEXPRESS=0
IEXPRESS_LIST=
IEXPRESS_CMD=
PREVIOUS_SP=
COMMENT=

[KB3012702]
TITLE=Update for Windows 8.1 for x86-based Systems (KB3012702)
INFO=http://support.microsoft.com/kb/3012702
FILE=http://download.windowsupdate.com/d/msdownload/update/software/updt/2015/03/windows8.1-kb3012702-x86_7032ee5592f428c979f1dbd062a7bc28d2ca6e6c.msu
RENAME=windows8.1-kb3012702-x86.msu
SIZE=7755147
TYPE=HOTFIX(SVCPACK.INF)
CATEGORY=
TIE_UP=
XOR_KEY=
SYNCHRO_KEY=
RELEASE=2015/03/04
RUN_ORDER=133
CMD=
DECODE=0
DECODE_TYPE=
DECODE_GET=
IEXPRESS=0
IEXPRESS_LIST=
IEXPRESS_CMD=
PREVIOUS_SP=
COMMENT=

[KB2994290]
TITLE=Update for Windows 8.1 for x86-based Systems (KB2994290)
INFO=http://support.microsoft.com/kb/2994290
FILE=http://download.windowsupdate.com/d/msdownload/update/software/crup/2014/12/windows8.1-kb2994290-x86_af6841685d89a8995e35dfe35a77a29c07461255.msu
RENAME=windows8.1-kb2994290-x86.msu
SIZE=37310616
TYPE=HOTFIX(SVCPACK.INF)
CATEGORY=
TIE_UP=
XOR_KEY=
SYNCHRO_KEY=
RELEASE=2014/12/05
RUN_ORDER=134
CMD=
DECODE=0
DECODE_TYPE=
DECODE_GET=
IEXPRESS=0
IEXPRESS_LIST=
IEXPRESS_CMD=
PREVIOUS_SP=
COMMENT=

[KB2989930]
TITLE=Update for Windows 8.1 for x86-based Systems (KB2989930)
INFO=http://support.microsoft.com/kb/2989930
FILE=http://download.windowsupdate.com/c/msdownload/update/software/uprl/2014/11/windows8.1-kb2989930-x86_5db8640b757f8d7edb3c5696b5f6004446e1e106.msu
RENAME=windows8.1-kb2989930-x86.msu
SIZE=298549
TYPE=HOTFIX(SVCPACK.INF)
CATEGORY=
TIE_UP=
XOR_KEY=
SYNCHRO_KEY=
RELEASE=2014/11/26
RUN_ORDER=135
CMD=
DECODE=0
DECODE_TYPE=
DECODE_GET=
IEXPRESS=0
IEXPRESS_LIST=
IEXPRESS_CMD=
PREVIOUS_SP=
COMMENT=

[KB3159398]
TITLE=Security Update for Windows 8.1 for x86-based Systems (KB3159398)
INFO=http://support.microsoft.com/kb/3159398
FILE=http://download.windowsupdate.com/c/msdownload/update/software/secu/2016/05/windows8.1-kb3159398-x86_940c8c91b5befca778047d70ba600ce12bbf8904.msu
RENAME=windows8.1-kb3159398-x86.msu
SIZE=1071250
TYPE=HOTFIX(SVCPACK.INF)
CATEGORY=
TIE_UP=
XOR_KEY=
SYNCHRO_KEY=
RELEASE=2016/05/24
RUN_ORDER=136
CMD=
DECODE=0
DECODE_TYPE=
DECODE_GET=
IEXPRESS=0
IEXPRESS_LIST=
IEXPRESS_CMD=
PREVIOUS_SP=
COMMENT=

[KB3126587]
TITLE=Security Update for Windows 8.1 for x86-based Systems (KB3126587)
INFO=http://support.microsoft.com/kb/3126587
FILE=http://download.windowsupdate.com/c/msdownload/update/software/secu/2016/01/windows8.1-kb3126587-x86_012bbe2dc9e8a97b1cf90add410ffafe91a32cf4.msu
RENAME=windows8.1-kb3126587-x86.msu
SIZE=864234
TYPE=HOTFIX(SVCPACK.INF)
CATEGORY=
TIE_UP=
XOR_KEY=
SYNCHRO_KEY=
RELEASE=2016/01/21
RUN_ORDER=137
CMD=
DECODE=0
DECODE_TYPE=
DECODE_GET=
IEXPRESS=0
IEXPRESS_LIST=
IEXPRESS_CMD=
PREVIOUS_SP=
COMMENT=

[KB3024755]
TITLE=Update for Windows 8.1 for x86-based Systems (KB3024755)
INFO=http://support.microsoft.com/kb/3024755
FILE=http://download.windowsupdate.com/c/msdownload/update/software/updt/2015/03/windows8.1-kb3024755-x86_11aaedb39e706eb487735e90fde45e20b5e37bb7.msu
RENAME=windows8.1-kb3024755-x86.msu
SIZE=524801
TYPE=HOTFIX(SVCPACK.INF)
CATEGORY=
TIE_UP=
XOR_KEY=
SYNCHRO_KEY=
RELEASE=2015/03/04
RUN_ORDER=138
CMD=
DECODE=0
DECODE_TYPE=
DECODE_GET=
IEXPRESS=0
IEXPRESS_LIST=
IEXPRESS_CMD=
PREVIOUS_SP=
COMMENT=

[KB3162835]
TITLE=Update for Windows 8.1 for x86-based Systems (KB3162835)
INFO=http://support.microsoft.com/kb/3162835
FILE=http://download.windowsupdate.com/c/msdownload/update/software/uprl/2016/06/windows8.1-kb3162835-x86_f7e8bb359acfe399782be217fd68a55736cbb8c3.msu
RENAME=windows8.1-kb3162835-x86.msu
SIZE=697004
TYPE=HOTFIX(SVCPACK.INF)
CATEGORY=
TIE_UP=
XOR_KEY=KB4103725
SYNCHRO_KEY=
RELEASE=2016/06/01
RUN_ORDER=139
CMD=
DECODE=0
DECODE_TYPE=
DECODE_GET=
IEXPRESS=0
IEXPRESS_LIST=
IEXPRESS_CMD=
PREVIOUS_SP=
COMMENT=

[KB3053863]
TITLE=Update for Windows 8.1 for x86-based Systems (KB3053863)
INFO=http://support.microsoft.com/kb/3053863
FILE=http://download.windowsupdate.com/d/msdownload/update/software/updt/2015/06/windows8.1-kb3053863-x86_a5a1bee8d011541531b814af04b9dee1a73264f1.msu
RENAME=windows8.1-kb3053863-x86.msu
SIZE=246773
TYPE=HOTFIX(SVCPACK.INF)
CATEGORY=
TIE_UP=
XOR_KEY=
SYNCHRO_KEY=
RELEASE=2015/06/03
RUN_ORDER=140
CMD=
DECODE=0
DECODE_TYPE=
DECODE_GET=
IEXPRESS=0
IEXPRESS_LIST=
IEXPRESS_CMD=
PREVIOUS_SP=
COMMENT=

[KB3172614]
TITLE=Update for Windows 8.1 for x86-based Systems (KB3172614)
INFO=http://support.microsoft.com/kb/3172614
FILE=http://download.windowsupdate.com/c/msdownload/update/software/updt/2016/07/windows8.1-kb3172614-x86_d11c233c8598b734de72665e0d0a3f2ef007b91f.msu
RENAME=windows8.1-kb3172614-x86.msu
SIZE=53114621
TYPE=HOTFIX(SVCPACK.INF)
CATEGORY=
TIE_UP=KB2919355
XOR_KEY=
SYNCHRO_KEY=
RELEASE=2016/07/20
RUN_ORDER=141
CMD=
DECODE=0
DECODE_TYPE=
DECODE_GET=
IEXPRESS=0
IEXPRESS_LIST=
IEXPRESS_CMD=
PREVIOUS_SP=
COMMENT=

[KB3042058]
TITLE=Security Update for Windows 8.1 for x86-based Systems (KB3042058)
INFO=http://support.microsoft.com/kb/3042058
FILE=http://download.windowsupdate.com/d/msdownload/update/software/secu/2015/09/windows8.1-kb3042058-x86_c86345479afb75110b062eccc5863e2f2e7ad640.msu
RENAME=windows8.1-kb3042058-x86.msu
SIZE=428251
TYPE=HOTFIX(SVCPACK.INF)
CATEGORY=
TIE_UP=
XOR_KEY=
SYNCHRO_KEY=
RELEASE=2015/09/24
RUN_ORDER=142
CMD=
DECODE=0
DECODE_TYPE=
DECODE_GET=
IEXPRESS=0
IEXPRESS_LIST=
IEXPRESS_CMD=
PREVIOUS_SP=
COMMENT=

[KB3003667]
TITLE=Update for Windows 8.1 for x86-based Systems (KB3003667)
INFO=http://support.microsoft.com/kb/3003667
FILE=http://download.windowsupdate.com/d/msdownload/update/software/updt/2014/11/windows8.1-kb3003667-x86_fc0d083b6b984a9dcd7221ad5cac1e82fac6f461.msu
RENAME=windows8.1-kb3003667-x86.msu
SIZE=8326165
TYPE=HOTFIX(SVCPACK.INF)
CATEGORY=
TIE_UP=KB2899189
XOR_KEY=
SYNCHRO_KEY=
RELEASE=2014/11/05
RUN_ORDER=143
CMD=
DECODE=0
DECODE_TYPE=
DECODE_GET=
IEXPRESS=0
IEXPRESS_LIST=
IEXPRESS_CMD=
PREVIOUS_SP=
COMMENT=

[KB890830]
TITLE=Windows Malicious Software Removal Tool x86 - February 2020 (KB890830)
INFO=https://support.microsoft.com/kb/890830
FILE=http://download.windowsupdate.com/d/msdownload/update/software/uprl/2020/02/windows-kb890830-v5.80_77597f5fe9430d5b5edcbf779167cccc591e34e9.exe
RENAME=windows-kb890830-x86-v5.80.exe
SIZE=30550312
TYPE=HOTFIX(SVCPACK.INF)
CATEGORY=
TIE_UP=
XOR_KEY=
SYNCHRO_KEY=
RELEASE=2020/02/03
RUN_ORDER=144
CMD=/x
DECODE=0
DECODE_TYPE=
DECODE_GET=
IEXPRESS=0
IEXPRESS_LIST=
IEXPRESS_CMD=
PREVIOUS_SP=
COMMENT=

[MSE_DUP]
TITLE=Windows Defender Antivirus for Windows 10 and Windows 8.1
INFO=https://www.microsoft.com/en-us/wdsi/defenderupdates
FILE=https://go.microsoft.com/fwlink/?LinkID=121721&arch=x86
RENAME=mpam-fe-x86.exe
SIZE=1
TYPE=HOTFIX(SVCPACK.INF)
CATEGORY=
TIE_UP=
XOR_KEY=
SYNCHRO_KEY=
RELEASE=
RUN_ORDER=145
CMD=-q
DECODE=0
DECODE_TYPE=
DECODE_GET=
IEXPRESS=0
IEXPRESS_LIST=
IEXPRESS_CMD=
PREVIOUS_SP=
COMMENT=

[EDGE]
TITLE=Download and deploy the new Microsoft Edge for business
INFO=https://www.microsoft.com/en-us/edge/business/download
FILE=http://go.microsoft.com/fwlink/?LinkID=2093505
RENAME=MicrosoftEdgeEnterprise-x86.msi
SIZE=1
TYPE=HOTFIX(SVCPACK.INF)
CATEGORY=
TIE_UP=
XOR_KEY=
SYNCHRO_KEY=
RELEASE=
RUN_ORDER=146
CMD=/quiet /norestart
DECODE=0
DECODE_TYPE=
DECODE_GET=
IEXPRESS=0
IEXPRESS_LIST=
IEXPRESS_CMD=
PREVIOUS_SP=
COMMENT=
