[INFO]
VERSION=0.103.0
SOFTWARE=Windows 7
TARGET=Service Pack 1
LANGUAGE=Japanese
NAME=Jun Itou
COMMENT=Rollup統合DVD作成用 2020/10

[LIST]
COUNT=75
1=WUAGENT
2=KB2670838
3=KB4490628
4=KB4536952
5=KB2729094
6=KB2786081
7=KB2834140
8=IE11
9=KB2888049
10=KB2574819
11=KB2830477
12=KB2592687
13=KB3004375
14=KB2698365
15=KB3123479
16=KB2984972
17=KB3155178
18=KB2545698
19=KB2547666
20=KB2667402
21=KB2676562
22=KB2685811
23=KB2685813
24=KB2732059
25=KB2750841
26=KB2761217
27=KB2773072
28=KB2813347
29=KB2862330
30=KB2900986
31=KB2919469
32=KB2923545
33=KB2952664
34=KB2970228
35=KB3006137
36=KB3020388
37=KB3021917
38=KB3046269
39=KB3059317
40=KB3068708
41=KB3075226
42=KB3080149
43=KB3118401
44=KB3138612
45=KB3150513
46=KB3156016
47=KB3159398
48=KB3161102
49=KB3161949
50=KB3170735
51=KB3172605
52=KB3179573
53=KB3184143
54=KB3185319
55=KB3102429
56=KB4019990
57=KB3125574
58=KB4054518
59=KB4474419
60=KB4534310
61=KB4539601
62=KB4503548
63=KB4497410
64=KB2894844
65=KB3031432
66=KB4049016
67=KB4532945
68=KB4532941
69=KB2533552
70=EDGE
71=KB890830
72=KB4481252
73=KB915597
74=MSE
75=MSE_DUP

[WUAGENT]
TITLE=Microsoft Update クライアントへの更新
INFO=http://support.microsoft.com/help/2887535
FILE=http://download.windowsupdate.com/windowsupdate/redist/standalone/7.6.7600.320/windowsupdateagent-7.6-x86.exe
RENAME=
SIZE=9723600
TYPE=HOTFIX(SVCPACK.INF)
CATEGORY=
TIE_UP=
XOR_KEY=
SYNCHRO_KEY=
RELEASE=2014/05/23
RUN_ORDER=001
CMD=/wuforce /quiet /norestart
DECODE=0
DECODE_TYPE=
DECODE_GET=
IEXPRESS=0
IEXPRESS_LIST=
IEXPRESS_CMD=
PREVIOUS_SP=
COMMENT=Windows Update Agent

[KB2670838]
TITLE=Windows 7 x86 Edition 用プラットフォーム更新プログラム (KB2670838)
INFO=http://support.microsoft.com/help/2670838
FILE=http://download.windowsupdate.com/msdownload/update/software/ftpk/2013/02/windows6.1-kb2670838-x86_984b8d122a688d917f81c04155225b3ef31f012e.msu
RENAME=
SIZE=5911327
TYPE=HOTFIX(SVCPACK.INF)
CATEGORY=
TIE_UP=
XOR_KEY=
SYNCHRO_KEY=
RELEASE=2013/02/18
RUN_ORDER=002
CMD=
DECODE=0
DECODE_TYPE=
DECODE_GET=
IEXPRESS=0
IEXPRESS_LIST=
IEXPRESS_CMD=
PREVIOUS_SP=
COMMENT=Internet Explorer 11 用必須更新プログラム

[KB4490628]
TITLE=2019-03x86 ベース システム用 Windows 7 サービス スタック更新プログラム (KB4490628)
INFO=http://support.microsoft.com/help/4490628
FILE=http://download.windowsupdate.com/c/msdownload/update/software/secu/2019/03/windows6.1-kb4490628-x86_3cdb3df55b9cd7ef7fcb24fc4e237ea287ad0992.msu
RENAME=
SIZE=4217422
TYPE=HOTFIX(SVCPACK.INF)
CATEGORY=
TIE_UP=
XOR_KEY=
SYNCHRO_KEY=
RELEASE=2019/03/06
RUN_ORDER=003
CMD=
DECODE=0
DECODE_TYPE=
DECODE_GET=
IEXPRESS=0
IEXPRESS_LIST=
IEXPRESS_CMD=
PREVIOUS_SP=
COMMENT=サービス スタック更新プログラム

[KB4536952]
TITLE=2020-01x86 ベース システム用 Windows 7 サービス スタック更新プログラム (KB4536952)
INFO=http://support.microsoft.com/help/4536952
FILE=http://download.windowsupdate.com/d/msdownload/update/software/secu/2020/01/windows6.1-kb4536952-x86_f3b49481187651f64f13a0369c86ad7caa83b190.msu
RENAME=
SIZE=4224043
TYPE=HOTFIX(SVCPACK.INF)
CATEGORY=
TIE_UP=
XOR_KEY=
SYNCHRO_KEY=
RELEASE=2020/01/06
RUN_ORDER=004
CMD=
DECODE=0
DECODE_TYPE=
DECODE_GET=
IEXPRESS=0
IEXPRESS_LIST=
IEXPRESS_CMD=
PREVIOUS_SP=
COMMENT=サービス スタック更新プログラム

[KB2729094]
TITLE=Windows 7 for x86-Based Systems 用更新プログラム (KB2729094)
INFO=http://support.microsoft.com/help/2729094
FILE=http://download.windowsupdate.com/msdownload/update/software/updt/2012/09/windows6.1-kb2729094-v2-x86_565e7f2a6562ace748c5b6165aa342a11c96aa98.msu
RENAME=
SIZE=1662478
TYPE=HOTFIX(SVCPACK.INF)
CATEGORY=
TIE_UP=
XOR_KEY=
SYNCHRO_KEY=
RELEASE=2012/09/26
RUN_ORDER=005
CMD=
DECODE=0
DECODE_TYPE=
DECODE_GET=
IEXPRESS=0
IEXPRESS_LIST=
IEXPRESS_CMD=
PREVIOUS_SP=
COMMENT=Internet Explorer 11 用必須更新プログラム

[KB2786081]
TITLE=Windows 7 for x86-Based Systems 用更新プログラム (KB2786081)
INFO=http://support.microsoft.com/help/2786081
FILE=http://download.microsoft.com/download/4/8/1/481c640e-d3ee-4adc-aa48-6d0ed2869d37/windows6.1-kb2786081-x86.msu
RENAME=
SIZE=230071
TYPE=HOTFIX(SVCPACK.INF)
CATEGORY=
TIE_UP=
XOR_KEY=
SYNCHRO_KEY=
RELEASE=2018/10/13
RUN_ORDER=006
CMD=
DECODE=0
DECODE_TYPE=
DECODE_GET=
IEXPRESS=0
IEXPRESS_LIST=
IEXPRESS_CMD=
PREVIOUS_SP=
COMMENT=Internet Explorer 11 用必須更新プログラム

[KB2834140]
TITLE=Windows 7 for x86-Based Systems 用更新プログラム (KB2834140)
INFO=http://support.microsoft.com/help/2834140
FILE=http://download.windowsupdate.com/d/msdownload/update/software/updt/2013/08/windows6.1-kb2834140-v2-x86_b57c05e9da2c66e1bb27868c92db177a1d62b2fb.msu
RENAME=
SIZE=599885
TYPE=HOTFIX(SVCPACK.INF)
CATEGORY=
TIE_UP=
XOR_KEY=
SYNCHRO_KEY=
RELEASE=2013/08/29
RUN_ORDER=007
CMD=
DECODE=0
DECODE_TYPE=
DECODE_GET=
IEXPRESS=0
IEXPRESS_LIST=
IEXPRESS_CMD=
PREVIOUS_SP=
COMMENT=Internet Explorer 11 用必須更新プログラム

[IE11]
TITLE=Internet Explorer 11 for Windows 7 x86
INFO=http://www.microsoft.com/ja-jp/download/details.aspx?id=40901
FILE=http://download.microsoft.com/download/D/5/3/D53EB67F-A614-4943-9162-E1479A6D6CB3/IE11-Windows6.1-x86-ja-jp.exe
RENAME=
SIZE=30600400
TYPE=HOTFIX(SVCPACK.INF)
CATEGORY=
TIE_UP=
XOR_KEY=
SYNCHRO_KEY=
RELEASE=2018/10/16
RUN_ORDER=008
CMD=
DECODE=0
DECODE_TYPE=
DECODE_GET=
IEXPRESS=0
IEXPRESS_LIST=
IEXPRESS_CMD=
PREVIOUS_SP=
COMMENT=Internet Explorer 11

[KB2888049]
TITLE=Windows 7 for x86-Based Systems 用更新プログラム (KB2888049)
INFO=http://support.microsoft.com/help/2888049
FILE=http://download.microsoft.com/download/3/9/d/39d85ca8-7bf3-47c1-9031-fd6e51d8bbeb/windows6.1-kb2888049-x86.msu
RENAME=
SIZE=1340329
TYPE=HOTFIX(SVCPACK.INF)
CATEGORY=
TIE_UP=IE11
XOR_KEY=
SYNCHRO_KEY=
RELEASE=2018/10/13
RUN_ORDER=009
CMD=
DECODE=0
DECODE_TYPE=
DECODE_GET=
IEXPRESS=0
IEXPRESS_LIST=
IEXPRESS_CMD=
PREVIOUS_SP=
COMMENT=Internet Explorer 11 用更新プログラム

[KB2574819]
TITLE=Windows 7 for x86-Based Systems 用更新プログラム (KB2574819)
INFO=http://support.microsoft.com/help/2574819
FILE=http://download.windowsupdate.com/c/msdownload/update/software/updt/2013/06/windows6.1-kb2574819-v2-x86_219ef0b5d7e89489e3f0f01e264ec576cc3d66ad.msu
RENAME=
SIZE=1743985
TYPE=HOTFIX(SVCPACK.INF)
CATEGORY=
TIE_UP=KB2830477
XOR_KEY=
SYNCHRO_KEY=
RELEASE=2013/06/03
RUN_ORDER=010
CMD=
DECODE=0
DECODE_TYPE=
DECODE_GET=
IEXPRESS=0
IEXPRESS_LIST=
IEXPRESS_CMD=
PREVIOUS_SP=
COMMENT=更新プログラム

[KB2830477]
TITLE=Windows 7 for x86-Based Systems 用更新プログラム (KB2830477)
INFO=http://support.microsoft.com/help/2830477
FILE=http://download.windowsupdate.com/d/msdownload/update/software/updt/2013/11/windows6.1-kb2830477-x86_1319bd953bf956b82e30f7dee5994f3558ec7fdd.msu
RENAME=
SIZE=3901365
TYPE=HOTFIX(SVCPACK.INF)
CATEGORY=
TIE_UP=
XOR_KEY=
SYNCHRO_KEY=
RELEASE=2013/11/07
RUN_ORDER=011
CMD=
DECODE=0
DECODE_TYPE=
DECODE_GET=
IEXPRESS=0
IEXPRESS_LIST=
IEXPRESS_CMD=
PREVIOUS_SP=
COMMENT=更新プログラム

[KB2592687]
TITLE=Windows 7 for x86-Based Systems 用更新プログラム (KB2592687)
INFO=http://support.microsoft.com/help/2592687
FILE=http://download.windowsupdate.com/msdownload/update/software/updt/2012/10/windows6.1-kb2592687-x86_4c11d26c8e1824643ce1caf60c30693d6536d0a2.msu
RENAME=
SIZE=4560251
TYPE=HOTFIX(SVCPACK.INF)
CATEGORY=
TIE_UP=KB2574819
XOR_KEY=
SYNCHRO_KEY=
RELEASE=2012/10/16
RUN_ORDER=012
CMD=
DECODE=0
DECODE_TYPE=
DECODE_GET=
IEXPRESS=0
IEXPRESS_LIST=
IEXPRESS_CMD=
PREVIOUS_SP=
COMMENT=更新プログラム

[KB3004375]
TITLE=Windows 7 for x86-Based Systems 用セキュリティ更新プログラム (KB3004375)
INFO=http://support.microsoft.com/help/3004375
FILE=http://download.windowsupdate.com/c/msdownload/update/software/secu/2015/01/windows6.1-kb3004375-v3-x86_822f779b87d3cd4ef4de004c344abce202a8aac6.msu
RENAME=
SIZE=6806807
TYPE=HOTFIX(SVCPACK.INF)
CATEGORY=
TIE_UP=
XOR_KEY=
SYNCHRO_KEY=
RELEASE=2015/01/27
RUN_ORDER=013
CMD=
DECODE=0
DECODE_TYPE=
DECODE_GET=
IEXPRESS=0
IEXPRESS_LIST=
IEXPRESS_CMD=
PREVIOUS_SP=
COMMENT=セキュリティ更新プログラム

[KB2698365]
TITLE=Windows 7 for x86-Based Systems 用セキュリティ更新プログラム (KB2698365)
INFO=http://go.microsoft.com/fwlink/?LinkId=254441
FILE=http://download.windowsupdate.com/msdownload/update/software/secu/2012/06/windows6.1-kb2698365-x86_d9f8e37cc61ab4abce802c29fe20a8e270321373.msu
RENAME=
SIZE=1273890
TYPE=HOTFIX(SVCPACK.INF)
CATEGORY=
TIE_UP=
XOR_KEY=
SYNCHRO_KEY=
RELEASE=2012/06/18
RUN_ORDER=014
CMD=
DECODE=0
DECODE_TYPE=
DECODE_GET=
IEXPRESS=0
IEXPRESS_LIST=
IEXPRESS_CMD=
PREVIOUS_SP=
COMMENT=セキュリティ更新プログラム

[KB3123479]
TITLE=Windows 7 for x86-Based Systems 用セキュリティ更新プログラム (KB3123479)
INFO=http://support.microsoft.com/help/3123479
FILE=http://download.windowsupdate.com/d/msdownload/update/software/secu/2015/12/windows6.1-kb3123479-x86_9c0c4a6279016ff83e0dadfc7976cd0c05fb97bd.msu
RENAME=
SIZE=210492
TYPE=HOTFIX(SVCPACK.INF)
CATEGORY=
TIE_UP=
XOR_KEY=
SYNCHRO_KEY=
RELEASE=2015/12/16
RUN_ORDER=015
CMD=
DECODE=0
DECODE_TYPE=
DECODE_GET=
IEXPRESS=0
IEXPRESS_LIST=
IEXPRESS_CMD=
PREVIOUS_SP=
COMMENT=セキュリティ更新プログラム

[KB2984972]
TITLE=Windows 7 for x86-Based Systems 用セキュリティ更新プログラム (KB2984972)
INFO=http://support.microsoft.com/help/2984972
FILE=http://download.windowsupdate.com/c/msdownload/update/software/secu/2014/10/windows6.1-kb2984972-x86_0447ea81b8cfafde3f7454721070c6d6599c58d7.msu
RENAME=
SIZE=7233186
TYPE=HOTFIX(SVCPACK.INF)
CATEGORY=
TIE_UP=
XOR_KEY=
SYNCHRO_KEY=
RELEASE=2014/10/02
RUN_ORDER=016
CMD=
DECODE=0
DECODE_TYPE=
DECODE_GET=
IEXPRESS=0
IEXPRESS_LIST=
IEXPRESS_CMD=
PREVIOUS_SP=
COMMENT=セキュリティ更新プログラム

[KB3155178]
TITLE=Windows 7 for x86-Based Systems 用セキュリティ更新プログラム (KB3155178)
INFO=http://support.microsoft.com/help/3155178
FILE=http://download.windowsupdate.com/d/msdownload/update/software/secu/2016/04/windows6.1-kb3155178-x86_9a1f15d917191a010d323e7e9dc7e6b211524ed6.msu
RENAME=
SIZE=2072350
TYPE=HOTFIX(SVCPACK.INF)
CATEGORY=
TIE_UP=
XOR_KEY=
SYNCHRO_KEY=
RELEASE=2016/04/21
RUN_ORDER=017
CMD=
DECODE=0
DECODE_TYPE=
DECODE_GET=
IEXPRESS=0
IEXPRESS_LIST=
IEXPRESS_CMD=
PREVIOUS_SP=
COMMENT=セキュリティ更新プログラム

[KB2545698]
TITLE=Windows 7 for x86-Based Systems 用更新プログラム (KB2545698)
INFO=http://support.microsoft.com/help/2545698
FILE=http://download.windowsupdate.com/msdownload/update/software/updt/2011/06/windows6.1-kb2545698-x86_e9b32b4a60c2fb2f074aa91038318173c0aadacf.msu
RENAME=
SIZE=2432764
TYPE=HOTFIX(SVCPACK.INF)
CATEGORY=
TIE_UP=
XOR_KEY=
SYNCHRO_KEY=
RELEASE=2011/06/19
RUN_ORDER=018
CMD=
DECODE=0
DECODE_TYPE=
DECODE_GET=
IEXPRESS=0
IEXPRESS_LIST=
IEXPRESS_CMD=
PREVIOUS_SP=
COMMENT=更新プログラム

[KB2547666]
TITLE=Windows 7 for x86-Based Systems 用更新プログラム (KB2547666)
INFO=http://support.microsoft.com/help/2547666
FILE=http://download.windowsupdate.com/msdownload/update/software/updt/2011/06/windows6.1-kb2547666-x86_347580aa20811f8f196c0634da421c53498e7ab8.msu
RENAME=
SIZE=2203123
TYPE=HOTFIX(SVCPACK.INF)
CATEGORY=
TIE_UP=
XOR_KEY=
SYNCHRO_KEY=
RELEASE=2011/06/19
RUN_ORDER=019
CMD=
DECODE=0
DECODE_TYPE=
DECODE_GET=
IEXPRESS=0
IEXPRESS_LIST=
IEXPRESS_CMD=
PREVIOUS_SP=
COMMENT=更新プログラム

[KB2667402]
TITLE=Windows 7 for x86-Based Systems 用セキュリティ更新プログラム (KB2667402)
INFO=http://go.microsoft.com/fwlink/?LinkId=232664
FILE=http://download.windowsupdate.com/msdownload/update/software/secu/2012/05/windows6.1-kb2667402-v2-x86_eec6812d9c6f710a6c1e640e8b928c99f215f39e.msu
RENAME=
SIZE=317418
TYPE=HOTFIX(SVCPACK.INF)
CATEGORY=
TIE_UP=
XOR_KEY=
SYNCHRO_KEY=
RELEASE=2012/05/23
RUN_ORDER=020
CMD=
DECODE=0
DECODE_TYPE=
DECODE_GET=
IEXPRESS=0
IEXPRESS_LIST=
IEXPRESS_CMD=
PREVIOUS_SP=
COMMENT=セキュリティ更新プログラム

[KB2676562]
TITLE=Windows 7 for x86-Based Systems 用セキュリティ更新プログラム (KB2676562)
INFO=http://go.microsoft.com/fwlink/?LinkId=244692
FILE=http://download.windowsupdate.com/msdownload/update/software/secu/2012/04/windows6.1-kb2676562-x86_16ce9be3400bc75c415b1a90518c150d1927b8df.msu
RENAME=
SIZE=3379351
TYPE=HOTFIX(SVCPACK.INF)
CATEGORY=
TIE_UP=
XOR_KEY=
SYNCHRO_KEY=
RELEASE=2012/04/09
RUN_ORDER=021
CMD=
DECODE=0
DECODE_TYPE=
DECODE_GET=
IEXPRESS=0
IEXPRESS_LIST=
IEXPRESS_CMD=
PREVIOUS_SP=
COMMENT=セキュリティ更新プログラム

[KB2685811]
TITLE=x86 ベース システム Windows 7 用カーネル モード ドライバー フレームワーク (バージョン 1.11) の更新プログラム
INFO=http://support.microsoft.com/help/2685811
FILE=http://download.windowsupdate.com/msdownload/update/software/updt/2012/11/windows6.1-kb2685811-x86_4db620a8b8e85bab4822626530d01fd923c28786.msu
RENAME=
SIZE=728455
TYPE=HOTFIX(SVCPACK.INF)
CATEGORY=
TIE_UP=
XOR_KEY=
SYNCHRO_KEY=
RELEASE=2012/11/08
RUN_ORDER=022
CMD=
DECODE=0
DECODE_TYPE=
DECODE_GET=
IEXPRESS=0
IEXPRESS_LIST=
IEXPRESS_CMD=
PREVIOUS_SP=
COMMENT=カーネルモードドライバーフレームワーク

[KB2685813]
TITLE=x86 ベース システム Windows 7 用ユーザー モード ドライバー フレームワーク (バージョン 1.11) の更新プログラム (KB2685813)
INFO=http://support.microsoft.com/help/2685813
FILE=http://download.windowsupdate.com/msdownload/update/software/updt/2012/11/windows6.1-kb2685813-x86_d2c51b6b97d4ffcb069bcaafbff3135e96fe18e5.msu
RENAME=
SIZE=1061887
TYPE=HOTFIX(SVCPACK.INF)
CATEGORY=
TIE_UP=
XOR_KEY=
SYNCHRO_KEY=
RELEASE=2012/11/08
RUN_ORDER=023
CMD=
DECODE=0
DECODE_TYPE=
DECODE_GET=
IEXPRESS=0
IEXPRESS_LIST=
IEXPRESS_CMD=
PREVIOUS_SP=
COMMENT=ユーザーモードドライバーフレームワーク

[KB2732059]
TITLE=Windows 7 for x86-Based Systems 用更新プログラム (KB2732059)
INFO=http://support.microsoft.com/help/2732059
FILE=http://download.windowsupdate.com/msdownload/update/software/updt/2012/09/windows6.1-kb2732059-v5-x86_dccdcff2975521afd586b44c0f66c6ef7d38b749.msu
RENAME=
SIZE=449491
TYPE=HOTFIX(SVCPACK.INF)
CATEGORY=
TIE_UP=
XOR_KEY=
SYNCHRO_KEY=
RELEASE=2012/09/19
RUN_ORDER=024
CMD=
DECODE=0
DECODE_TYPE=
DECODE_GET=
IEXPRESS=0
IEXPRESS_LIST=
IEXPRESS_CMD=
PREVIOUS_SP=
COMMENT=更新プログラム

[KB2750841]
TITLE=Windows 7 for x86-Based Systems 用更新プログラム (KB2750841)
INFO=http://support.microsoft.com/help/2750841
FILE=http://download.windowsupdate.com/msdownload/update/software/updt/2012/11/windows6.1-kb2750841-x86_e7863547b2b41fc18bc4c576e822107655747981.msu
RENAME=
SIZE=2328945
TYPE=HOTFIX(SVCPACK.INF)
CATEGORY=
TIE_UP=
XOR_KEY=
SYNCHRO_KEY=
RELEASE=2012/11/07
RUN_ORDER=025
CMD=
DECODE=0
DECODE_TYPE=
DECODE_GET=
IEXPRESS=0
IEXPRESS_LIST=
IEXPRESS_CMD=
PREVIOUS_SP=
COMMENT=更新プログラム

[KB2761217]
TITLE=Windows 7 for x86-Based Systems 用更新プログラム (KB2761217)
INFO=http://support.microsoft.com/help/2761217
FILE=http://download.windowsupdate.com/msdownload/update/software/updt/2012/11/windows6.1-kb2761217-x86_b480557292b2a27b39c7b9bcfa66374473a94254.msu
RENAME=
SIZE=2177332
TYPE=HOTFIX(SVCPACK.INF)
CATEGORY=
TIE_UP=
XOR_KEY=
SYNCHRO_KEY=
RELEASE=2012/11/07
RUN_ORDER=026
CMD=
DECODE=0
DECODE_TYPE=
DECODE_GET=
IEXPRESS=0
IEXPRESS_LIST=
IEXPRESS_CMD=
PREVIOUS_SP=
COMMENT=更新プログラム

[KB2773072]
TITLE=Windows 7 for x86-Based Systems 用更新プログラム (KB2773072)
INFO=http://support.microsoft.com/help/2773072
FILE=http://download.windowsupdate.com/msdownload/update/software/updt/2013/01/windows6.1-kb2773072-x86_2e4f322442fe5f2ca2819f0052b164e9bbcd0f36.msu
RENAME=
SIZE=3027347
TYPE=HOTFIX(SVCPACK.INF)
CATEGORY=
TIE_UP=
XOR_KEY=
SYNCHRO_KEY=
RELEASE=2013/01/01
RUN_ORDER=027
CMD=
DECODE=0
DECODE_TYPE=
DECODE_GET=
IEXPRESS=0
IEXPRESS_LIST=
IEXPRESS_CMD=
PREVIOUS_SP=
COMMENT=更新プログラム

[KB2813347]
TITLE=Windows 7 for x86-Based Systems 用セキュリティ更新プログラム (KB2813347)
INFO=http://go.microsoft.com/fwlink/?LinkId=286679
FILE=http://download.windowsupdate.com/msdownload/update/software/secu/2013/03/windows6.1-kb2813347-x86_3c262dcdf6abae2c733bba2aad62465ffcbe5b20.msu
RENAME=
SIZE=2855217
TYPE=HOTFIX(SVCPACK.INF)
CATEGORY=
TIE_UP=
XOR_KEY=
SYNCHRO_KEY=
RELEASE=2013/03/21
RUN_ORDER=028
CMD=
DECODE=0
DECODE_TYPE=
DECODE_GET=
IEXPRESS=0
IEXPRESS_LIST=
IEXPRESS_CMD=
PREVIOUS_SP=
COMMENT=セキュリティ更新プログラム

[KB2862330]
TITLE=Windows 7 for x86-Based Systems 用セキュリティ更新プログラム (KB2862330)
INFO=http://support.microsoft.com/help/2862330
FILE=http://download.windowsupdate.com/c/msdownload/update/software/secu/2013/12/windows6.1-kb2862330-v2-x86_a6f3c9b5811bd869cf6834acb96c4a0232588c9b.msu
RENAME=
SIZE=503238
TYPE=HOTFIX(SVCPACK.INF)
CATEGORY=
TIE_UP=
XOR_KEY=
SYNCHRO_KEY=
RELEASE=2013/12/04
RUN_ORDER=029
CMD=
DECODE=0
DECODE_TYPE=
DECODE_GET=
IEXPRESS=0
IEXPRESS_LIST=
IEXPRESS_CMD=
PREVIOUS_SP=
COMMENT=セキュリティ更新プログラム

[KB2900986]
TITLE=Windows 7 for x86-based Systems の ActiveX Killbits に対する累積的なセキュリティ更新プログラム (KB2900986)
INFO=http://support.microsoft.com/help/2900986
FILE=http://download.windowsupdate.com/d/msdownload/update/software/secu/2013/11/windows6.1-kb2900986-x86_a993e450237ad5109c06691b47cea6aedb86642f.msu
RENAME=
SIZE=213376
TYPE=HOTFIX(SVCPACK.INF)
CATEGORY=
TIE_UP=
XOR_KEY=
SYNCHRO_KEY=
RELEASE=2013/11/07
RUN_ORDER=030
CMD=
DECODE=0
DECODE_TYPE=
DECODE_GET=
IEXPRESS=0
IEXPRESS_LIST=
IEXPRESS_CMD=
PREVIOUS_SP=
COMMENT=セキュリティ更新プログラム

[KB2919469]
TITLE=Windows 7 for x86-Based Systems 用更新プログラム (KB2919469)
INFO=http://support.microsoft.com/help/2919469
FILE=http://download.windowsupdate.com/c/msdownload/update/software/updt/2014/02/windows6.1-kb2919469-x86_27adf082e711265258899424832c046afee5d061.msu
RENAME=
SIZE=4858084
TYPE=HOTFIX(SVCPACK.INF)
CATEGORY=
TIE_UP=
XOR_KEY=
SYNCHRO_KEY=
RELEASE=2014/02/05
RUN_ORDER=031
CMD=
DECODE=0
DECODE_TYPE=
DECODE_GET=
IEXPRESS=0
IEXPRESS_LIST=
IEXPRESS_CMD=
PREVIOUS_SP=
COMMENT=更新プログラム

[KB2923545]
TITLE=Windows 7 for x86-Based Systems 用更新プログラム (KB2923545)
INFO=http://support.microsoft.com/help/2923545
FILE=http://download.windowsupdate.com/c/msdownload/update/software/updt/2014/02/windows6.1-kb2923545-x86_fff0876feea186260e48879a68791bcdaacd74f7.msu
RENAME=
SIZE=3025207
TYPE=HOTFIX(SVCPACK.INF)
CATEGORY=
TIE_UP=KB2830477
XOR_KEY=
SYNCHRO_KEY=
RELEASE=2014/02/19
RUN_ORDER=032
CMD=
DECODE=0
DECODE_TYPE=
DECODE_GET=
IEXPRESS=0
IEXPRESS_LIST=
IEXPRESS_CMD=
PREVIOUS_SP=
COMMENT=更新プログラム

[KB2952664]
TITLE=Windows 7 for x86-Based Systems 用更新プログラム (KB2952664)
INFO=http://support.microsoft.com/help/2952664
FILE=http://download.windowsupdate.com/c/msdownload/update/software/crup/2018/07/windows6.1-kb2952664-v25-x86_1c8e593191e7fbd8d25a4db07ca3ec822304ffcf.msu
RENAME=
SIZE=6469339
TYPE=HOTFIX(SVCPACK.INF)
CATEGORY=
TIE_UP=
XOR_KEY=
SYNCHRO_KEY=
RELEASE=2018/07/05
RUN_ORDER=033
CMD=
DECODE=0
DECODE_TYPE=
DECODE_GET=
IEXPRESS=0
IEXPRESS_LIST=
IEXPRESS_CMD=
PREVIOUS_SP=
COMMENT=更新プログラム

[KB2970228]
TITLE=Windows 7 for x86-Based Systems 用更新プログラム (KB2970228)
INFO=http://support.microsoft.com/help/2970228
FILE=http://download.windowsupdate.com/c/msdownload/update/software/updt/2014/08/windows6.1-kb2970228-x86_6b082dc03faaff8a22c6f0146e2779f61be5ec57.msu
RENAME=
SIZE=8054660
TYPE=HOTFIX(SVCPACK.INF)
CATEGORY=
TIE_UP=
XOR_KEY=
SYNCHRO_KEY=
RELEASE=2014/08/07
RUN_ORDER=034
CMD=
DECODE=0
DECODE_TYPE=
DECODE_GET=
IEXPRESS=0
IEXPRESS_LIST=
IEXPRESS_CMD=
PREVIOUS_SP=
COMMENT=更新プログラム

[KB3006137]
TITLE=Windows 7 for x86-Based Systems 用更新プログラム (KB3006137)
INFO=http://support.microsoft.com/help/3006137
FILE=http://download.windowsupdate.com/d/msdownload/update/software/updt/2015/02/windows6.1-kb3006137-x86_4a93f03431d6f85334822910e585bc32d5f261d0.msu
RENAME=
SIZE=4664049
TYPE=HOTFIX(SVCPACK.INF)
CATEGORY=
TIE_UP=
XOR_KEY=
SYNCHRO_KEY=
RELEASE=2015/02/20
RUN_ORDER=035
CMD=
DECODE=0
DECODE_TYPE=
DECODE_GET=
IEXPRESS=0
IEXPRESS_LIST=
IEXPRESS_CMD=
PREVIOUS_SP=
COMMENT=更新プログラム

[KB3020388]
TITLE=Windows 7 for x86-Based Systems 用セキュリティ更新プログラム (KB3020388)
INFO=http://support.microsoft.com/help/3020388
FILE=http://download.windowsupdate.com/c/msdownload/update/software/secu/2014/12/windows6.1-kb3020388-x86_837e0478bce5d45a7e483ae2ab65056c74a7940d.msu
RENAME=
SIZE=241036
TYPE=HOTFIX(SVCPACK.INF)
CATEGORY=
TIE_UP=KB2830477
XOR_KEY=
SYNCHRO_KEY=
RELEASE=2014/12/17
RUN_ORDER=036
CMD=
DECODE=0
DECODE_TYPE=
DECODE_GET=
IEXPRESS=0
IEXPRESS_LIST=
IEXPRESS_CMD=
PREVIOUS_SP=
COMMENT=セキュリティ更新プログラム

[KB3021917]
TITLE=Windows 7 for x86-Based Systems 用更新プログラム (KB3021917)
INFO=http://support.microsoft.com/help/3021917
FILE=http://download.windowsupdate.com/d/msdownload/update/software/updt/2015/01/windows6.1-kb3021917-x86_ff5000442a7483421b061ba9b01ddd3cfafbaf6c.msu
RENAME=
SIZE=486917
TYPE=HOTFIX(SVCPACK.INF)
CATEGORY=
TIE_UP=
XOR_KEY=
SYNCHRO_KEY=
RELEASE=2015/01/29
RUN_ORDER=037
CMD=
DECODE=0
DECODE_TYPE=
DECODE_GET=
IEXPRESS=0
IEXPRESS_LIST=
IEXPRESS_CMD=
PREVIOUS_SP=
COMMENT=更新プログラム

[KB3046269]
TITLE=Windows 7 for x86-Based Systems 用セキュリティ更新プログラム (KB3046269)
INFO=http://support.microsoft.com/help/3046269
FILE=http://download.windowsupdate.com/d/msdownload/update/software/secu/2015/03/windows6.1-kb3046269-x86_dad279443dc5e3446bb2b478252c90d5f115faf1.msu
RENAME=
SIZE=207816
TYPE=HOTFIX(SVCPACK.INF)
CATEGORY=
TIE_UP=
XOR_KEY=
SYNCHRO_KEY=
RELEASE=2015/03/23
RUN_ORDER=038
CMD=
DECODE=0
DECODE_TYPE=
DECODE_GET=
IEXPRESS=0
IEXPRESS_LIST=
IEXPRESS_CMD=
PREVIOUS_SP=
COMMENT=セキュリティ更新プログラム

[KB3059317]
TITLE=Windows 7 for x86-Based Systems 用セキュリティ更新プログラム (KB3059317)
INFO=http://support.microsoft.com/help/3059317
FILE=http://download.windowsupdate.com/d/msdownload/update/software/secu/2015/05/windows6.1-kb3059317-x86_7dbad42dd71389bb65948b81220fc019d77c8b77.msu
RENAME=
SIZE=1247788
TYPE=HOTFIX(SVCPACK.INF)
CATEGORY=
TIE_UP=
XOR_KEY=
SYNCHRO_KEY=
RELEASE=2015/05/20
RUN_ORDER=039
CMD=
DECODE=0
DECODE_TYPE=
DECODE_GET=
IEXPRESS=0
IEXPRESS_LIST=
IEXPRESS_CMD=
PREVIOUS_SP=
COMMENT=セキュリティ更新プログラム

[KB3068708]
TITLE=Windows 7 for x86-Based Systems 用更新プログラム (KB3068708)
INFO=http://support.microsoft.com/help/3068708
FILE=http://download.windowsupdate.com/d/msdownload/update/software/updt/2015/06/windows6.1-kb3068708-x86_cb9e263f816e308857478f1c1adf02b370ab9841.msu
RENAME=
SIZE=20215704
TYPE=HOTFIX(SVCPACK.INF)
CATEGORY=
TIE_UP=
XOR_KEY=
SYNCHRO_KEY=
RELEASE=2015/06/01
RUN_ORDER=040
CMD=
DECODE=0
DECODE_TYPE=
DECODE_GET=
IEXPRESS=0
IEXPRESS_LIST=
IEXPRESS_CMD=
PREVIOUS_SP=
COMMENT=更新プログラム

[KB3075226]
TITLE=Windows 7 for x86-Based Systems 用セキュリティ更新プログラム (KB3075226)
INFO=http://support.microsoft.com/help/3075226
FILE=http://download.windowsupdate.com/d/msdownload/update/software/secu/2015/07/windows6.1-kb3075226-x86_4ac94a6fd2b0038520d9bdab3d98d3779f557f7f.msu
RENAME=
SIZE=2589688
TYPE=HOTFIX(SVCPACK.INF)
CATEGORY=
TIE_UP=KB2830477
XOR_KEY=
SYNCHRO_KEY=
RELEASE=2015/07/22
RUN_ORDER=041
CMD=
DECODE=0
DECODE_TYPE=
DECODE_GET=
IEXPRESS=0
IEXPRESS_LIST=
IEXPRESS_CMD=
PREVIOUS_SP=
COMMENT=セキュリティ更新プログラム

[KB3080149]
TITLE=Windows 7 for x86-Based Systems 用更新プログラム (KB3080149)
INFO=http://support.microsoft.com/help/3080149
FILE=http://download.windowsupdate.com/d/msdownload/update/software/updt/2015/08/windows6.1-kb3080149-x86_3d35229a4f48ada7b2a0ef048dd424bc2eae63ca.msu
RENAME=
SIZE=8630728
TYPE=HOTFIX(SVCPACK.INF)
CATEGORY=
TIE_UP=
XOR_KEY=
SYNCHRO_KEY=
RELEASE=2015/08/14
RUN_ORDER=042
CMD=
DECODE=0
DECODE_TYPE=
DECODE_GET=
IEXPRESS=0
IEXPRESS_LIST=
IEXPRESS_CMD=
PREVIOUS_SP=
COMMENT=更新プログラム

[KB3118401]
TITLE=Windows 7 for x86-Based Systems 用更新プログラム (KB3118401)
INFO=http://support.microsoft.com/help/3118401
FILE=http://download.windowsupdate.com/c/msdownload/update/software/updt/2016/02/windows6.1-kb3118401-x86_db0267a39805ae9e98f037a5f6ada5b34fa7bdb2.msu
RENAME=
SIZE=639386
TYPE=HOTFIX(SVCPACK.INF)
CATEGORY=
TIE_UP=
XOR_KEY=
SYNCHRO_KEY=
RELEASE=2016/02/09
RUN_ORDER=043
CMD=
DECODE=0
DECODE_TYPE=
DECODE_GET=
IEXPRESS=0
IEXPRESS_LIST=
IEXPRESS_CMD=
PREVIOUS_SP=
COMMENT=更新プログラム

[KB3138612]
TITLE=Windows 7 for x86-Based Systems 用更新プログラム (KB3138612)
INFO=http://support.microsoft.com/help/3138612
FILE=http://download.windowsupdate.com/d/msdownload/update/software/updt/2016/02/windows6.1-kb3138612-x86_6e90531daffc13bc4e92ecea890e501e807c621f.msu
RENAME=
SIZE=2747180
TYPE=HOTFIX(SVCPACK.INF)
CATEGORY=
TIE_UP=
XOR_KEY=
SYNCHRO_KEY=
RELEASE=2016/02/29
RUN_ORDER=044
CMD=
DECODE=0
DECODE_TYPE=
DECODE_GET=
IEXPRESS=0
IEXPRESS_LIST=
IEXPRESS_CMD=
PREVIOUS_SP=
COMMENT=更新プログラム

[KB3150513]
TITLE=Windows 7 for x86-Based Systems 用更新プログラム (KB3150513)
INFO=http://support.microsoft.com/help/3150513
FILE=http://download.windowsupdate.com/d/msdownload/update/software/updt/2016/05/windows6.1-kb3150513-x86_5f61401f039dd9792899ef0e1ddc3e2f51563b49.msu
RENAME=
SIZE=1485678
TYPE=HOTFIX(SVCPACK.INF)
CATEGORY=
TIE_UP=
XOR_KEY=
SYNCHRO_KEY=
RELEASE=2016/05/10
RUN_ORDER=045
CMD=
DECODE=0
DECODE_TYPE=
DECODE_GET=
IEXPRESS=0
IEXPRESS_LIST=
IEXPRESS_CMD=
PREVIOUS_SP=
COMMENT=更新プログラム

[KB3156016]
TITLE=Windows 7 for x86-Based Systems 用セキュリティ更新プログラム (KB3156016)
INFO=http://support.microsoft.com/help/3156016
FILE=http://download.windowsupdate.com/d/msdownload/update/software/secu/2016/04/windows6.1-kb3156016-x86_ea2cf88a256d4138109847ddc5cec66f3f660efa.msu
RENAME=
SIZE=572205
TYPE=HOTFIX(SVCPACK.INF)
CATEGORY=
TIE_UP=
XOR_KEY=
SYNCHRO_KEY=
RELEASE=2016/04/21
RUN_ORDER=046
CMD=
DECODE=0
DECODE_TYPE=
DECODE_GET=
IEXPRESS=0
IEXPRESS_LIST=
IEXPRESS_CMD=
PREVIOUS_SP=
COMMENT=セキュリティ更新プログラム

[KB3159398]
TITLE=Windows 7 for x86-Based Systems 用セキュリティ更新プログラム (KB3159398)
INFO=http://support.microsoft.com/help/3159398
FILE=http://download.windowsupdate.com/d/msdownload/update/software/secu/2016/05/windows6.1-kb3159398-x86_c4fa9c67178bef5dbcbd72cde2fe94f5126337e5.msu
RENAME=
SIZE=1225531
TYPE=HOTFIX(SVCPACK.INF)
CATEGORY=
TIE_UP=
XOR_KEY=
SYNCHRO_KEY=
RELEASE=2016/05/24
RUN_ORDER=047
CMD=
DECODE=0
DECODE_TYPE=
DECODE_GET=
IEXPRESS=0
IEXPRESS_LIST=
IEXPRESS_CMD=
PREVIOUS_SP=
COMMENT=セキュリティ更新プログラム

[KB3161102]
TITLE=Windows 7 for x86-Based Systems 用更新プログラム (KB3161102)
INFO=http://support.microsoft.com/help/3161102
FILE=http://download.windowsupdate.com/d/msdownload/update/software/updt/2016/07/windows6.1-kb3161102-x86_68e520bf57bf2f0e82af9b8577b7e0b056717ab4.msu
RENAME=
SIZE=312948
TYPE=HOTFIX(SVCPACK.INF)
CATEGORY=
TIE_UP=
XOR_KEY=
SYNCHRO_KEY=
RELEASE=2016/07/25
RUN_ORDER=048
CMD=
DECODE=0
DECODE_TYPE=
DECODE_GET=
IEXPRESS=0
IEXPRESS_LIST=
IEXPRESS_CMD=
PREVIOUS_SP=
COMMENT=更新プログラム

[KB3161949]
TITLE=Windows 7 for x86-Based Systems 用セキュリティ更新プログラム (KB3161949)
INFO=http://support.microsoft.com/help/3161949
FILE=http://download.windowsupdate.com/c/msdownload/update/software/secu/2016/05/windows6.1-kb3161949-x86_0055d0d1e103d374e042f31ebdd26931853b882b.msu
RENAME=
SIZE=680463
TYPE=HOTFIX(SVCPACK.INF)
CATEGORY=
TIE_UP=
XOR_KEY=
SYNCHRO_KEY=
RELEASE=2016/05/24
RUN_ORDER=049
CMD=
DECODE=0
DECODE_TYPE=
DECODE_GET=
IEXPRESS=0
IEXPRESS_LIST=
IEXPRESS_CMD=
PREVIOUS_SP=
COMMENT=セキュリティ更新プログラム

[KB3170735]
TITLE=Windows 7 for x86-Based Systems 用更新プログラム (KB3170735)
INFO=http://support.microsoft.com/help/3170735
FILE=http://download.windowsupdate.com/d/msdownload/update/software/updt/2016/07/windows6.1-kb3170735-x86_644678aa18e829011eab68ad2529e717b8dcfead.msu
RENAME=
SIZE=2492196
TYPE=HOTFIX(SVCPACK.INF)
CATEGORY=
TIE_UP=
XOR_KEY=
SYNCHRO_KEY=
RELEASE=2016/07/02
RUN_ORDER=050
CMD=
DECODE=0
DECODE_TYPE=
DECODE_GET=
IEXPRESS=0
IEXPRESS_LIST=
IEXPRESS_CMD=
PREVIOUS_SP=
COMMENT=更新プログラム

[KB3172605]
TITLE=Windows 7 for x86-Based Systems 用更新プログラム (KB3172605)
INFO=http://support.microsoft.com/help/3172605
FILE=http://download.windowsupdate.com/d/msdownload/update/software/updt/2016/09/windows6.1-kb3172605-x86_ae03ccbd299e434ea2239f1ad86f164e5f4deeda.msu
RENAME=
SIZE=19091604
TYPE=HOTFIX(SVCPACK.INF)
CATEGORY=
TIE_UP=
XOR_KEY=
SYNCHRO_KEY=
RELEASE=2016/09/09
RUN_ORDER=051
CMD=
DECODE=0
DECODE_TYPE=
DECODE_GET=
IEXPRESS=0
IEXPRESS_LIST=
IEXPRESS_CMD=
PREVIOUS_SP=
COMMENT=更新プログラム

[KB3179573]
TITLE=Windows 7 for x86-Based Systems 用更新プログラム (KB3179573)
INFO=http://support.microsoft.com/help/3179573
FILE=http://download.windowsupdate.com/c/msdownload/update/software/updt/2016/07/windows6.1-kb3179573-x86_e972000ff6074d1b0530d1912d5f3c7d1b057c4a.msu
RENAME=
SIZE=1573847
TYPE=HOTFIX(SVCPACK.INF)
CATEGORY=
TIE_UP=
XOR_KEY=
SYNCHRO_KEY=
RELEASE=2016/07/29
RUN_ORDER=052
CMD=
DECODE=0
DECODE_TYPE=
DECODE_GET=
IEXPRESS=0
IEXPRESS_LIST=
IEXPRESS_CMD=
PREVIOUS_SP=
COMMENT=更新プログラム

[KB3184143]
TITLE=Windows 7 for x86-Based Systems 用更新プログラム (KB3184143)
INFO=http://support.microsoft.com/help/3184143
FILE=http://download.windowsupdate.com/d/msdownload/update/software/updt/2016/09/windows6.1-kb3184143-x86_a941721202ca75fed32e625a2fb577ba1e34418c.msu
RENAME=
SIZE=6732362
TYPE=HOTFIX(SVCPACK.INF)
CATEGORY=
TIE_UP=
XOR_KEY=
SYNCHRO_KEY=
RELEASE=2016/09/07
RUN_ORDER=053
CMD=
DECODE=0
DECODE_TYPE=
DECODE_GET=
IEXPRESS=0
IEXPRESS_LIST=
IEXPRESS_CMD=
PREVIOUS_SP=
COMMENT=更新プログラム

[KB3185319]
TITLE=Windows 7 for x86-based Systems 用 Internet Explorer 11 の累積的なセキュリティ更新プログラム (KB3185319)
INFO=http://support.microsoft.com/help/3185319
FILE=http://download.windowsupdate.com/c/msdownload/update/software/secu/2016/09/ie11-windows6.1-kb3185319-x86_cd4081249bd098b0244fef6e9dfb8ee5674f1fcd.msu
RENAME=
SIZE=29710539
TYPE=HOTFIX(SVCPACK.INF)
CATEGORY=
TIE_UP=IE11
XOR_KEY=
SYNCHRO_KEY=
RELEASE=2016/09/08
RUN_ORDER=054
CMD=
DECODE=0
DECODE_TYPE=
DECODE_GET=
IEXPRESS=0
IEXPRESS_LIST=
IEXPRESS_CMD=
PREVIOUS_SP=
COMMENT=Internet Explorer 11 用セキュリティ更新プログラム

[KB3102429]
TITLE=Windows 7 for x86-Based Systems 用更新プログラム (KB3102429)
INFO=http://support.microsoft.com/help/3102429
FILE=http://download.windowsupdate.com/d/msdownload/update/software/updt/2016/01/windows6.1-kb3102429-v2-x86_6dfa0a567a988f2c888f17196c5a7a16b79c8e68.msu
RENAME=
SIZE=17798230
TYPE=HOTFIX(SVCPACK.INF)
CATEGORY=
TIE_UP=
XOR_KEY=
SYNCHRO_KEY=
RELEASE=2016/01/09
RUN_ORDER=055
CMD=
DECODE=0
DECODE_TYPE=
DECODE_GET=
IEXPRESS=0
IEXPRESS_LIST=
IEXPRESS_CMD=
PREVIOUS_SP=
COMMENT=更新プログラム

[KB4019990]
TITLE=Windows 7 for x86-Based Systems 用更新プログラム (KB4019990)
INFO=http://support.microsoft.com/help/4019990
FILE=http://download.windowsupdate.com/c/msdownload/update/software/updt/2017/05/windows6.1-kb4019990-x86_1365fb557d5e5917cbf59b507eac066ad89ea3f7.msu
RENAME=
SIZE=1424481
TYPE=HOTFIX(SVCPACK.INF)
CATEGORY=
TIE_UP=
XOR_KEY=
SYNCHRO_KEY=
RELEASE=2017/05/11
RUN_ORDER=056
CMD=
DECODE=0
DECODE_TYPE=
DECODE_GET=
IEXPRESS=0
IEXPRESS_LIST=
IEXPRESS_CMD=
PREVIOUS_SP=
COMMENT=更新プログラム

[KB3125574]
TITLE=Windows 7 for x86-Based Systems 用更新プログラム (KB3125574)
INFO=http://support.microsoft.com/help/3125574
FILE=http://download.windowsupdate.com/d/msdownload/update/software/updt/2016/05/windows6.1-kb3125574-v4-x86_ba1ff5537312561795cc04db0b02fbb0a74b2cbd.msu
RENAME=
SIZE=331377414
TYPE=HOTFIX(SVCPACK.INF)
CATEGORY=
TIE_UP=KB976932;KB3020369
XOR_KEY=
SYNCHRO_KEY=
RELEASE=2016/05/12
RUN_ORDER=057
CMD=
DECODE=0
DECODE_TYPE=
DECODE_GET=
IEXPRESS=0
IEXPRESS_LIST=
IEXPRESS_CMD=
PREVIOUS_SP=
COMMENT=更新プログラム

[KB4054518]
TITLE=2017-12 x86 ベース システム用 Windows 7 向けセキュリティ マンスリー品質ロールアップ (KB4054518)
INFO=http://support.microsoft.com/help/4054518
FILE=http://download.windowsupdate.com/d/msdownload/update/software/secu/2017/11/windows6.1-kb4054518-x86_7168208835abedd39d676a029493b37e4ec51bcb.msu
RENAME=
SIZE=131167365
TYPE=HOTFIX(SVCPACK.INF)
CATEGORY=
TIE_UP=
XOR_KEY=
SYNCHRO_KEY=
RELEASE=2017/11/30
RUN_ORDER=058
CMD=
DECODE=0
DECODE_TYPE=
DECODE_GET=
IEXPRESS=0
IEXPRESS_LIST=
IEXPRESS_CMD=
PREVIOUS_SP=
COMMENT=セキュリティ マンスリー品質ロールアップ

[KB4474419]
TITLE=2019-09 x86 ベース システム用 Windows 7 のセキュリティ更新プログラム (KB4474419)
INFO=http://support.microsoft.com/help/4474419
FILE=http://download.windowsupdate.com/c/msdownload/update/software/secu/2019/09/windows6.1-kb4474419-v3-x86_0f687d50402790f340087c576886501b3223bec6.msu
RENAME=
SIZE=35919018
TYPE=HOTFIX(SVCPACK.INF)
CATEGORY=
TIE_UP=
XOR_KEY=
SYNCHRO_KEY=
RELEASE=2019/09/02
RUN_ORDER=059
CMD=
DECODE=0
DECODE_TYPE=
DECODE_GET=
IEXPRESS=0
IEXPRESS_LIST=
IEXPRESS_CMD=
PREVIOUS_SP=
COMMENT=セキュリティ更新プログラム

[KB4534310]
TITLE=2020-01 x86 ベース システム用 Windows 7 向けセキュリティ マンスリー品質ロールアップ (KB4534310)
INFO=http://support.microsoft.com/help/4534310
FILE=http://download.windowsupdate.com/c/msdownload/update/software/secu/2020/01/windows6.1-kb4534310-x86_887a5caab59437e8f23aa5a4608950455bb37537.msu
RENAME=
SIZE=215140627
TYPE=HOTFIX(SVCPACK.INF)
CATEGORY=
TIE_UP=
XOR_KEY=
SYNCHRO_KEY=
RELEASE=2020/01/07
RUN_ORDER=060
CMD=
DECODE=0
DECODE_TYPE=
DECODE_GET=
IEXPRESS=0
IEXPRESS_LIST=
IEXPRESS_CMD=
PREVIOUS_SP=
COMMENT=セキュリティマンスリー品質ロールアップ

[KB4539601]
TITLE=2020-01 x86 ベース システム用 Windows 7 向けマンスリー品質ロールアップのプレビュー (KB4539601)
INFO=http://support.microsoft.com/help/4539601
FILE=http://download.windowsupdate.com/d/msdownload/update/software/updt/2020/01/windows6.1-kb4539601-x86_89f30861c9a5d65b68ed1e029a68cf59be39fc13.msu
RENAME=
SIZE=215654246
TYPE=HOTFIX(SVCPACK.INF)
CATEGORY=
TIE_UP=
XOR_KEY=
SYNCHRO_KEY=
RELEASE=2020/01/31
RUN_ORDER=061
CMD=
DECODE=0
DECODE_TYPE=
DECODE_GET=
IEXPRESS=0
IEXPRESS_LIST=
IEXPRESS_CMD=
PREVIOUS_SP=
COMMENT=マンスリー品質ロールアップ

[KB4503548]
TITLE=Windows 7 x86 用 Microsoft .NET Framework 4.8 (KB4503548)
INFO=http://support.microsoft.com/help/4503548
FILE=http://download.windowsupdate.com/c/msdownload/update/software/ftpk/2019/08/ndp48-x86-x64-enu_0885a72554ca76d2cd3ad76f98878f22b6a1d0b2.exe
RENAME=
SIZE=54492616
TYPE=HOTFIX(SVCPACK.INF)
CATEGORY=
TIE_UP=
XOR_KEY=
SYNCHRO_KEY=
RELEASE=2019/08/06
RUN_ORDER=062
CMD=/norestart /passive
DECODE=0
DECODE_TYPE=
DECODE_GET=
IEXPRESS=0
IEXPRESS_LIST=
IEXPRESS_CMD=
PREVIOUS_SP=
COMMENT=.NET Framework 4.8

[KB4497410]
TITLE=Windows 7 および Server 2008 R2 用 Microsoft .NET Framework 4.8 言語パック (KB4497410)
INFO=http://support.microsoft.com/help/4497410
FILE=http://download.windowsupdate.com/d/msdownload/update/software/ftpk/2019/08/ndp48-x86-x64-allos-jpn_5db56388695ff8728de328da002f70ee8c441bd7.exe
RENAME=
SIZE=5802184
TYPE=HOTFIX(SVCPACK.INF)
CATEGORY=
TIE_UP=KB4503548
XOR_KEY=
SYNCHRO_KEY=
RELEASE=2019/08/07
RUN_ORDER=063
CMD=/norestart /passive
DECODE=0
DECODE_TYPE=
DECODE_GET=
IEXPRESS=0
IEXPRESS_LIST=
IEXPRESS_CMD=
PREVIOUS_SP=
COMMENT=.NET Framework 4.8 言語パック

[KB2894844]
TITLE=Microsoft .NET Framework 3.5.1 のセキュリティ更新プログラム (x86 ベース システム用 Windows 7 および x86 ベース システム用 Windows Server 2008 R2 SP1 向け) (KB2894844)
INFO=http://support.microsoft.com/help/2894844
FILE=http://download.windowsupdate.com/c/msdownload/update/software/secu/2014/08/windows6.1-kb2894844-x86_d628cb41a17b6cee85c3bdf3e4612219fb7257ba.msu
RENAME=
SIZE=4254227
TYPE=HOTFIX(SVCPACK.INF)
CATEGORY=
TIE_UP=
XOR_KEY=
SYNCHRO_KEY=
RELEASE=2014/08/19
RUN_ORDER=064
CMD=
DECODE=0
DECODE_TYPE=
DECODE_GET=
IEXPRESS=0
IEXPRESS_LIST=
IEXPRESS_CMD=
PREVIOUS_SP=
COMMENT=.NET用セキュリティ更新プログラム

[KB3031432]
TITLE=Windows 7 for x86-Based Systems 用セキュリティ更新プログラム (KB3031432)
INFO=http://support.microsoft.com/help/3031432
FILE=http://download.windowsupdate.com/c/msdownload/update/software/secu/2015/01/windows6.1-kb3031432-x86_6ba33eba05ec8fe744e2786f6b72965d119274d8.msu
RENAME=
SIZE=3643992
TYPE=HOTFIX(SVCPACK.INF)
CATEGORY=
TIE_UP=
XOR_KEY=
SYNCHRO_KEY=
RELEASE=2015/01/21
RUN_ORDER=065
CMD=
DECODE=0
DECODE_TYPE=
DECODE_GET=
IEXPRESS=0
IEXPRESS_LIST=
IEXPRESS_CMD=
PREVIOUS_SP=
COMMENT=セキュリティ更新プログラム

[KB4049016]
TITLE=2017-11 x86 用 Windows 7 および Server 2008 R2 の .NET Framework 3.5.1、4.5.2、4.6、4.6.1、4.6.2、4.7 用セキュリティおよび品質ロールアップ (KB4049016)
INFO=http://support.microsoft.com/help/4049016
FILE=http://download.windowsupdate.com/d/msdownload/update/software/secu/2017/09/windows6.1-kb4040980-x86_533cbfb7e2754d4a82e558f0c6d4b767881fff1e.msu
RENAME=
SIZE=12739087
TYPE=HOTFIX(SVCPACK.INF)
CATEGORY=
TIE_UP=
XOR_KEY=
SYNCHRO_KEY=
RELEASE=2017/09/08
RUN_ORDER=066
CMD=
DECODE=0
DECODE_TYPE=
DECODE_GET=
IEXPRESS=0
IEXPRESS_LIST=
IEXPRESS_CMD=
PREVIOUS_SP=
COMMENT=.NET用セキュリティおよび品質ロールアップ

[KB4532945]
TITLE=2020-01 x86 用 Windows 7 および Server 2008 R2 の .NET Framework 3.5.1 用セキュリティおよび品質ロールアップ (KB4532945)
INFO=http://support.microsoft.com/help/4532945
FILE=http://download.windowsupdate.com/c/msdownload/update/software/secu/2020/01/windows6.1-kb4532945-x86_0438d1eece17622a078b0d08dd6e812a67a09f37.msu
RENAME=
SIZE=17013766
TYPE=HOTFIX(SVCPACK.INF)
CATEGORY=
TIE_UP=
XOR_KEY=
SYNCHRO_KEY=
RELEASE=2020/01/03
RUN_ORDER=067
CMD=
DECODE=0
DECODE_TYPE=
DECODE_GET=
IEXPRESS=0
IEXPRESS_LIST=
IEXPRESS_CMD=
PREVIOUS_SP=
COMMENT=.NET用セキュリティおよび品質ロールアップ

[KB4532941]
TITLE=2020-01 Windows 7 および Server 2008 R2 (x86 版) 用 .NET Framework 4.8 のセキュリティおよび品質ロールアップ (KB4532941)
INFO=http://support.microsoft.com/help/4532941
FILE=http://download.windowsupdate.com/c/msdownload/update/software/secu/2020/01/ndp48-kb4532941-x86_19370dea90744c58926b12d239c99134d068a13d.exe
RENAME=
SIZE=23930576
TYPE=HOTFIX(SVCPACK.INF)
CATEGORY=
TIE_UP=
XOR_KEY=
SYNCHRO_KEY=
RELEASE=2020/01/03
RUN_ORDER=068
CMD=/norestart /passive
DECODE=0
DECODE_TYPE=
DECODE_GET=
IEXPRESS=0
IEXPRESS_LIST=
IEXPRESS_CMD=
PREVIOUS_SP=
COMMENT=.NET用セキュリティおよび品質ロールアップ

[KB2533552]
TITLE=x86 ベース システム用 Windows 7 Service Pack 1 (KB976932)
INFO=http://support.microsoft.com/help/976932
FILE=http://download.windowsupdate.com/msdownload/update/software/crup/2011/05/windows6.1-kb2533552-x86_f2061d1c40b34f88efbe55adf6803d278aa67064.msu
RENAME=
SIZE=4266799
TYPE=HOTFIX(SVCPACK.INF)
CATEGORY=
TIE_UP=KB976932
XOR_KEY=
SYNCHRO_KEY=
RELEASE=2011/05/04
RUN_ORDER=069
CMD=
DECODE=0
DECODE_TYPE=
DECODE_GET=
IEXPRESS=0
IEXPRESS_LIST=
IEXPRESS_CMD=
PREVIOUS_SP=
COMMENT=Service Pack 1

[EDGE]
TITLE=Download and deploy the new Microsoft Edge for business
INFO=http://www.microsoft.com/en-us/edge/business/download
FILE=http://go.microsoft.com/fwlink/?LinkID=2093505
RENAME=MicrosoftEdgeEnterprise-x86.msi
SIZE=1
TYPE=HOTFIX(SVCPACK.INF)
CATEGORY=
TIE_UP=
XOR_KEY=
SYNCHRO_KEY=
RELEASE=
RUN_ORDER=070
CMD=/quiet /norestart
DECODE=0
DECODE_TYPE=
DECODE_GET=
IEXPRESS=0
IEXPRESS_LIST=
IEXPRESS_CMD=
PREVIOUS_SP=
COMMENT=new Microsoft Edge

[KB890830]
TITLE=悪意のあるソフトウェアの削除ツール x86 - v5.83 (KB890830)
INFO=http://support.microsoft.com/help/890830
FILE=http://download.windowsupdate.com/d/msdownload/update/software/uprl/2020/09/windows-kb890830-v5.83_c9f1cf25fdde811e9a5dd6f35812a6bc0b450ac0.exe
RENAME=
SIZE=33949896
TYPE=HOTFIX(SVCPACK.INF)
CATEGORY=
TIE_UP=
XOR_KEY=
SYNCHRO_KEY=
RELEASE=2020/09/02
RUN_ORDER=071
CMD=/x
DECODE=0
DECODE_TYPE=
DECODE_GET=
IEXPRESS=0
IEXPRESS_LIST=
IEXPRESS_CMD=
PREVIOUS_SP=
COMMENT=悪意のあるソフトウェアの削除ツール

[KB4481252]
TITLE=Microsoft Silverlight (KB4481252)
INFO=http://support.microsoft.com/help/4481252/
FILE=http://download.windowsupdate.com/d/msdownload/update/software/ftpk/2019/01/silverlight_a6ea175976edbdeeddfbfb65e64d9d1cfded84a1.exe
RENAME=
SIZE=7023448
TYPE=HOTFIX(SVCPACK.INF)
CATEGORY=
TIE_UP=
XOR_KEY=
SYNCHRO_KEY=
RELEASE=2019/01/02
RUN_ORDER=072
CMD=/q
DECODE=0
DECODE_TYPE=
DECODE_GET=
IEXPRESS=0
IEXPRESS_LIST=
IEXPRESS_CMD=
PREVIOUS_SP=
COMMENT=Microsoft Silverlight

[KB915597]
TITLE=Windows Defender in Windows 7 and Windows Vista
INFO=http://www.microsoft.com/en-us/wdsi/defenderupdates
FILE=http://go.microsoft.com/fwlink/?LinkID=121721&clcid=0x409&arch=x86&eng=0.0.0.0&avdelta=0.0.0.0&asdelta=0.0.0.0&prod=925A3ACA-C353-458A-AC8D-A7E5EB378092
RENAME=mpas-fe-x86.exe
SIZE=1
TYPE=HOTFIX(SVCPACK.INF)
CATEGORY=
TIE_UP=
XOR_KEY=
SYNCHRO_KEY=
RELEASE=2020/01/14
RUN_ORDER=073
CMD=-q
DECODE=0
DECODE_TYPE=
DECODE_GET=
IEXPRESS=0
IEXPRESS_LIST=
IEXPRESS_CMD=
PREVIOUS_SP=
COMMENT=Windows Defender

[MSE]
TITLE=Microsoft Security Essentials
INFO=http://www.microsoft.com/ja-jp/download/details.aspx?id=5201
FILE=http://download.microsoft.com/download/6/B/A/6BA6CAB0-DDB8-4DDD-88E3-F707D96E84D7/JAJP/x86/MSEInstall.exe
RENAME=MSEInstall-x86.exe
SIZE=12259672
TYPE=HOTFIX(SVCPACK.INF)
CATEGORY=
TIE_UP=
XOR_KEY=
SYNCHRO_KEY=
RELEASE=2018/10/13
RUN_ORDER=074
CMD=/s /runwgacheck /o
DECODE=0
DECODE_TYPE=
DECODE_GET=
IEXPRESS=0
IEXPRESS_LIST=
IEXPRESS_CMD=
PREVIOUS_SP=
COMMENT=Microsoft Security Essentials

[MSE_DUP]
TITLE=Microsoft Security Essentials のセキュリティ インテリジェンス更新プログラム - KB2310138
INFO=http://www.microsoft.com/en-us/wdsi/defenderupdates
FILE=http://go.microsoft.com/fwlink/?LinkID=121721&arch=x86
RENAME=mpam-fe-x86.exe
SIZE=1
TYPE=HOTFIX(SVCPACK.INF)
CATEGORY=
TIE_UP=MSE
XOR_KEY=
SYNCHRO_KEY=
RELEASE=2019/04/10
RUN_ORDER=075
CMD=-q
DECODE=0
DECODE_TYPE=
DECODE_GET=
IEXPRESS=0
IEXPRESS_LIST=
IEXPRESS_CMD=
PREVIOUS_SP=
COMMENT=セキュリティ インテリジェンス更新プログラム
