[INFO]
VERSION=0.103.0
SOFTWARE=Windows 10
TARGET=None
LANGUAGE=Japanese
NAME=Jun Itou
COMMENT=統合DVD作成用 2020/03 Version 1909用

[LIST]
COUNT=12
1=KB890830
2=MSE_DUP
3=KB4052623
4=KB4538674
5=KB4541338
6=KB4537572
7=KB4537759
8=KB4532693
9=KB4535996
10=KB4540673
11=KB4551762
12=EDGE

[KB890830]
TITLE=Windows Malicious Software Removal Tool x86 - March 2020 (KB890830)
INFO=https://support.microsoft.com/kb/890830
FILE=http://download.windowsupdate.com/c/msdownload/update/software/uprl/2020/03/windows-kb890830-v5.81_d16dbe8b8899d5c774684aedcc6791d5b4f43973.exe
RENAME=windows-kb890830-x86-v5.81.exe
SIZE=31211432
TYPE=HOTFIX(SVCPACK.INF)
CATEGORY=
TIE_UP=
XOR_KEY=
SYNCHRO_KEY=
RELEASE=2020/03/02
RUN_ORDER=001
CMD=/x
DECODE=0
DECODE_TYPE=
DECODE_GET=
IEXPRESS=0
IEXPRESS_LIST=
IEXPRESS_CMD=
PREVIOUS_SP=
COMMENT=悪意のあるソフトウェアの削除ツール

[MSE_DUP]
TITLE=Windows Defender Antivirus for Windows 10 and Windows 8.1
INFO=https://www.microsoft.com/en-us/wdsi/defenderupdates
FILE=https://go.microsoft.com/fwlink/?LinkID=121721&arch=x86
RENAME=mpam-fe-x86.exe
SIZE=1
TYPE=HOTFIX(SVCPACK.INF)
CATEGORY=
TIE_UP=
XOR_KEY=
SYNCHRO_KEY=
RELEASE=2019/04/10
RUN_ORDER=002
CMD=-q
DECODE=0
DECODE_TYPE=
DECODE_GET=
IEXPRESS=0
IEXPRESS_LIST=
IEXPRESS_CMD=
PREVIOUS_SP=
COMMENT=

[KB4052623]
TITLE=Update for Windows Defender Antivirus antimalware platform - KB4052623 (Version 4.18.2001.10)
INFO=https://support.microsoft.com/en-us/help/4052623/update-for-windows-defender-antimalware-platform
FILE=http://download.windowsupdate.com/c/msdownload/update/software/updt/2020/02/updateplatform_eaf76728f00b841dc9b3b1722f778e50ed59438a.exe
RENAME=updateplatform-x86.exe
SIZE=3811792
TYPE=HOTFIX(SVCPACK.INF)
CATEGORY=
TIE_UP=
XOR_KEY=
SYNCHRO_KEY=
RELEASE=2020/02/13
RUN_ORDER=003
CMD=/quiet /norestart
DECODE=0
DECODE_TYPE=
DECODE_GET=
IEXPRESS=0
IEXPRESS_LIST=
IEXPRESS_CMD=
PREVIOUS_SP=
COMMENT=Windows Defender Antivirus マルウェア対策プラットフォームの更新プログラム

[KB4538674]
TITLE=2020-02 Servicing Stack Update for Windows 10 Version 1909 for x86-based Systems (KB4538674)
INFO=https://support.microsoft.com/help/4538674
FILE=http://download.windowsupdate.com/d/msdownload/update/software/secu/2020/02/windows10.0-kb4538674-x86_72edfc2887af04541831723799b45f4cbf4396a1.msu
RENAME=windows10.0-kb4538674-x86.msu
SIZE=6780763
TYPE=HOTFIX(SVCPACK.INF)
CATEGORY=
TIE_UP=
XOR_KEY=
SYNCHRO_KEY=
RELEASE=2020/02/07
RUN_ORDER=004
CMD=
DECODE=0
DECODE_TYPE=
DECODE_GET=
IEXPRESS=0
IEXPRESS_LIST=
IEXPRESS_CMD=
PREVIOUS_SP=
COMMENT=サービス スタック更新プログラム

[KB4541338]
TITLE=2020-03 Servicing Stack Update for Windows 10 Version 1909 for x86-based Systems (KB4541338)
INFO=https://support.microsoft.com/help/4541338
FILE=http://download.windowsupdate.com/c/msdownload/update/software/secu/2020/03/windows10.0-kb4541338-x86_8aba9b3c75caff7833e37dd5c0a26abcd88def01.msu
RENAME=windows10.0-kb4541338-x86.msu
SIZE=6770058
TYPE=HOTFIX(SVCPACK.INF)
CATEGORY=
TIE_UP=KB4538674
XOR_KEY=
SYNCHRO_KEY=
RELEASE=2020/03/02
RUN_ORDER=005
CMD=
DECODE=0
DECODE_TYPE=
DECODE_GET=
IEXPRESS=0
IEXPRESS_LIST=
IEXPRESS_CMD=
PREVIOUS_SP=
COMMENT=サービス スタック更新プログラム

[KB4537572]
TITLE=2020-02 Cumulative Update for .NET Framework 3.5 and 4.8 for Windows 10 Version 1909 for x86 (KB4537572)
INFO=https://support.microsoft.com/kb/4537572
FILE=http://download.windowsupdate.com/d/msdownload/update/software/updt/2020/02/windows10.0-kb4537572-x86-ndp48_9a5e339ddb26a73bafc3e47788383a16ca223868.msu
RENAME=windows10.0-kb4537572-x86-ndp48.msu
SIZE=42206352
TYPE=HOTFIX(SVCPACK.INF)
CATEGORY=
TIE_UP=
XOR_KEY=
SYNCHRO_KEY=
RELEASE=2020/02/10
RUN_ORDER=006
CMD=
DECODE=0
DECODE_TYPE=
DECODE_GET=
IEXPRESS=0
IEXPRESS_LIST=
IEXPRESS_CMD=
PREVIOUS_SP=
COMMENT=.NET Framework 3.5 および 4.8 の累積的な更新プログラム

[KB4537759]
TITLE=2020-02 Security Update for Adobe Flash Player for Windows 10 Version 1909 for x86-based Systems (KB4537759)
INFO=https://support.microsoft.com/help/4537759
FILE=http://download.windowsupdate.com/c/msdownload/update/software/secu/2020/02/windows10.0-kb4537759-x86_7367e240a7c951e9c51360f393f147980d9d0013.msu
RENAME=windows10.0-kb4537759-x86.msu
SIZE=10723229
TYPE=HOTFIX(SVCPACK.INF)
CATEGORY=
TIE_UP=
XOR_KEY=
SYNCHRO_KEY=
RELEASE=2020/02/04
RUN_ORDER=007
CMD=
DECODE=0
DECODE_TYPE=
DECODE_GET=
IEXPRESS=0
IEXPRESS_LIST=
IEXPRESS_CMD=
PREVIOUS_SP=
COMMENT=セキュリティ更新プログラム (Adobe Flash Player 対応)

[KB4532693]
TITLE=2020-02 Cumulative Update for Windows 10 Version 1909 for x86-based Systems (KB4532693)
INFO=https://support.microsoft.com/help/4532693
FILE=http://download.windowsupdate.com/d/msdownload/update/software/secu/2020/02/windows10.0-kb4532693-x86_149a95ca991206cf8df78d172250c55fec5a4fad.msu
RENAME=windows10.0-kb4532693-x86.msu
SIZE=188473268
TYPE=HOTFIX(SVCPACK.INF)
CATEGORY=
TIE_UP=
XOR_KEY=KB4535996;KB4540673;KB4551762
SYNCHRO_KEY=
RELEASE=2020/02/10
RUN_ORDER=008
CMD=
DECODE=0
DECODE_TYPE=
DECODE_GET=
IEXPRESS=0
IEXPRESS_LIST=
IEXPRESS_CMD=
PREVIOUS_SP=
COMMENT=累積更新プログラム

[KB4535996]
TITLE=2020-02 Cumulative Update for Windows 10 Version 1909 for x86-based Systems (KB4535996)
INFO=https://support.microsoft.com/help/4535996
FILE=http://download.windowsupdate.com/d/msdownload/update/software/updt/2020/02/windows10.0-kb4535996-x86_32ac24bd22ff8cb0ce376189ddb050d6e2cae581.msu
RENAME=windows10.0-kb4535996-x86.msu
SIZE=198540961
TYPE=HOTFIX(SVCPACK.INF)
CATEGORY=
TIE_UP=
XOR_KEY=KB4540673;KB4551762
SYNCHRO_KEY=
RELEASE=2020/02/25
RUN_ORDER=009
CMD=
DECODE=0
DECODE_TYPE=
DECODE_GET=
IEXPRESS=0
IEXPRESS_LIST=
IEXPRESS_CMD=
PREVIOUS_SP=
COMMENT=累積更新プログラム

[KB4540673]
TITLE=2020-03 Cumulative Update for Windows 10 Version 1909 for x86-based Systems (KB4540673)
INFO=https://support.microsoft.com/help/4540673
FILE=http://download.windowsupdate.com/d/msdownload/update/software/secu/2020/03/windows10.0-kb4540673-x86_6f88fdf775c2bc27727f08cfa92b1e4859d01af0.msu
RENAME=windows10.0-kb4540673-x86.msu
SIZE=200954627
TYPE=HOTFIX(SVCPACK.INF)
CATEGORY=
TIE_UP=
XOR_KEY=KB4551762
SYNCHRO_KEY=
RELEASE=2020/03/08
RUN_ORDER=010
CMD=
DECODE=0
DECODE_TYPE=
DECODE_GET=
IEXPRESS=0
IEXPRESS_LIST=
IEXPRESS_CMD=
PREVIOUS_SP=
COMMENT=累積更新プログラム

[KB4551762]
TITLE=2020-03 Cumulative Update for Windows 10 Version 1909 for x86-based Systems (KB4551762)

INFO=https://support.microsoft.com/help/4551762
FILE=http://download.windowsupdate.com/d/msdownload/update/software/secu/2020/03/windows10.0-kb4551762-x86_f092225220ca3ded801e2792e1ab0b6a079b28a8.msu
RENAME=windows10.0-kb4551762-x86.msu
SIZE=200959966
TYPE=HOTFIX(SVCPACK.INF)
CATEGORY=
TIE_UP=
XOR_KEY=
SYNCHRO_KEY=
RELEASE=2020/03/12
RUN_ORDER=011
CMD=
DECODE=0
DECODE_TYPE=
DECODE_GET=
IEXPRESS=0
IEXPRESS_LIST=
IEXPRESS_CMD=
PREVIOUS_SP=
COMMENT=累積更新プログラム

[EDGE]
TITLE=Download and deploy the new Microsoft Edge for business
INFO=https://www.microsoft.com/en-us/edge/business/download
FILE=http://go.microsoft.com/fwlink/?LinkID=2093505
RENAME=MicrosoftEdgeEnterprise-x86.msi
SIZE=1
TYPE=HOTFIX(SVCPACK.INF)
CATEGORY=
TIE_UP=
XOR_KEY=
SYNCHRO_KEY=
RELEASE=
RUN_ORDER=012
CMD=/quiet /norestart
DECODE=0
DECODE_TYPE=
DECODE_GET=
IEXPRESS=0
IEXPRESS_LIST=
IEXPRESS_CMD=
PREVIOUS_SP=
COMMENT=
